#-----------------------------------------------------------
# Vivado v2024.2 (64-bit)
# SW Build 5239630 on Fri Nov 08 22:35:27 MST 2024
# IP Build 5239520 on Sun Nov 10 16:12:51 MST 2024
# SharedData Build 5239561 on Fri Nov 08 14:39:27 MST 2024
# Start of session at: Sun May 11 17:43:47 2025
# Process ID         : 17208
# Current directory  : C:/Users/Lenovo/Desktop/Frodo/prj/Frodo_top
# Command line       : vivado.exe -gui_launcher_event rodinguilauncherevent8948 C:\Users\Lenovo\Desktop\Frodo\prj\Frodo_top\Frodo_top.xpr
# Log file           : C:/Users/Lenovo/Desktop/Frodo/prj/Frodo_top/vivado.log
# Journal file       : C:/Users/Lenovo/Desktop/Frodo/prj/Frodo_top\vivado.jou
# Running On         : DESKTOP-HI4D3F5
# Platform           : Windows Server 2016 or Windows 10
# Operating System   : 26100
# Processor Detail   : AMD Ryzen 7 5800H with Radeon Graphics         
# CPU Frequency      : 3194 MHz
# CPU Physical cores : 8
# CPU Logical cores  : 16
# Host memory        : 14894 MB
# Swap memory        : 26843 MB
# Total Virtual      : 41737 MB
# Available Virtual  : 28920 MB
#-----------------------------------------------------------
start_gui
open_project C:/Users/Lenovo/Desktop/Frodo/prj/Frodo_top/Frodo_top.xpr
WARNING: [Board 49-26] cannot add Board Part xilinx.com:zcu208ld:part0:2.0 available at C:/Xilinx/Vivado/2024.2/data/xhub/boards/XilinxBoardStore/boards/Xilinx/zcu208ld/production/2.0/board.xml as part xczu58dr-fsvg1517-2-i specified in board_part file is either invalid or not available
WARNING: [Board 49-26] cannot add Board Part xilinx.com:zcu216ld:part0:2.0 available at C:/Xilinx/Vivado/2024.2/data/xhub/boards/XilinxBoardStore/boards/Xilinx/zcu216ld/production/2.0/board.xml as part xczu59dr-ffvf1760-2-i specified in board_part file is either invalid or not available
WARNING: [Board 49-26] cannot add Board Part xilinx.com:zcu670ld:part0:1.0 available at C:/Xilinx/Vivado/2024.2/data/xhub/boards/XilinxBoardStore/boards/Xilinx/zcu670ld/1.0/board.xml as part xczu57dr-fsve1156-2-i specified in board_part file is either invalid or not available
INFO: [filemgmt 56-3] Default IP Output Path : Could not find the directory 'C:/Users/Lenovo/Desktop/Frodo/prj/Frodo_top/Frodo_top.gen/sources_1'.
Scanning sources...
Finished scanning sources
INFO: [IP_Flow 19-234] Refreshing IP repositories
INFO: [IP_Flow 19-1704] No user IP repositories specified
INFO: [IP_Flow 19-2313] Loaded Vivado IP repository 'C:/Xilinx/Vivado/2024.2/data/ip'.
open_project: Time (s): cpu = 00:00:17 ; elapsed = 00:00:08 . Memory (MB): peak = 1628.152 ; gain = 371.004
update_compile_order -fileset sources_1
launch_simulation
Command: launch_simulation 
INFO: [Vivado 12-12493] Simulation top is 'tb_inst_trans'
WARNING: [Vivado 12-13340] Unable to auto find GCC executables from simulator install path! (path not set)
INFO: [Vivado 12-5682] Launching behavioral simulation in 'C:/Users/Lenovo/Desktop/Frodo/prj/Frodo_top/Frodo_top.sim/sim_1/behav/xsim'
INFO: [SIM-utils-51] Simulation object is 'sim_1'
INFO: [SIM-utils-72] Using boost library from 'C:/Xilinx/Vivado/2024.2/tps/boost_1_72_0'
INFO: [SIM-utils-54] Inspecting design source files for 'tb_inst_trans' in fileset 'sim_1'...
INFO: [USF-XSim-97] Finding global include files...
INFO: [USF-XSim-98] Fetching design files from 'sim_1'...
INFO: [USF-XSim-2] XSim::Compile design
INFO: [USF-XSim-61] Executing 'COMPILE and ANALYZE' step in 'C:/Users/Lenovo/Desktop/Frodo/prj/Frodo_top/Frodo_top.sim/sim_1/behav/xsim'
"xvlog --incr --relax -prj tb_inst_trans_vlog.prj"
INFO: [Common 17-41] Interrupt caught. Command should exit soon.
run_program: Time (s): cpu = 00:00:01 ; elapsed = 00:00:20 . Memory (MB): peak = 1652.363 ; gain = 0.000
INFO: [Common 17-344] 'run_program' was cancelled
INFO: [Vivado 12-5357] 'compile' step aborted
launch_simulation: Time (s): cpu = 00:00:01 ; elapsed = 00:00:21 . Memory (MB): peak = 1652.363 ; gain = 0.000
INFO: [Common 17-344] 'launch_simulation' was cancelled
set_property INCREMENTAL false [get_filesets sim_1]
launch_simulation
Command: launch_simulation 
INFO: [Vivado 12-12493] Simulation top is 'tb_inst_trans'
WARNING: [Vivado 12-13340] Unable to auto find GCC executables from simulator install path! (path not set)
INFO: [Vivado 12-5682] Launching behavioral simulation in 'C:/Users/Lenovo/Desktop/Frodo/prj/Frodo_top/Frodo_top.sim/sim_1/behav/xsim'
INFO: [SIM-utils-51] Simulation object is 'sim_1'
INFO: [SIM-utils-72] Using boost library from 'C:/Xilinx/Vivado/2024.2/tps/boost_1_72_0'
INFO: [SIM-utils-54] Inspecting design source files for 'tb_inst_trans' in fileset 'sim_1'...
INFO: [USF-XSim-97] Finding global include files...
INFO: [USF-XSim-98] Fetching design files from 'sim_1'...
INFO: [USF-XSim-2] XSim::Compile design
INFO: [USF-XSim-61] Executing 'COMPILE and ANALYZE' step in 'C:/Users/Lenovo/Desktop/Frodo/prj/Frodo_top/Frodo_top.sim/sim_1/behav/xsim'
"xvlog --relax -prj tb_inst_trans_vlog.prj"
INFO: [VRFC 10-2263] Analyzing Verilog file "C:/Users/Lenovo/Desktop/Frodo/rtl/Control/AGU.v" into library xil_defaultlib
INFO: [VRFC 10-311] analyzing module AGU
INFO: [VRFC 10-2263] Analyzing Verilog file "C:/Users/Lenovo/Desktop/Frodo/rtl/Control/Bus.v" into library xil_defaultlib
INFO: [VRFC 10-311] analyzing module Bus
INFO: [VRFC 10-2263] Analyzing Verilog file "C:/Users/Lenovo/Desktop/Frodo/rtl/Control/Control.v" into library xil_defaultlib
INFO: [VRFC 10-311] analyzing module Control
INFO: [VRFC 10-2263] Analyzing Verilog file "C:/Users/Lenovo/Desktop/Frodo/rtl/Control/Datapre.v" into library xil_defaultlib
INFO: [VRFC 10-311] analyzing module Datapre
INFO: [VRFC 10-2263] Analyzing Verilog file "C:/Users/Lenovo/Desktop/Frodo/rtl/Decode.v" into library xil_defaultlib
INFO: [VRFC 10-311] analyzing module Decode
INFO: [VRFC 10-2263] Analyzing Verilog file "C:/Users/Lenovo/Desktop/Frodo/rtl/Encode.v" into library xil_defaultlib
INFO: [VRFC 10-311] analyzing module Encode
INFO: [VRFC 10-2263] Analyzing Verilog file "C:/Users/Lenovo/Desktop/Frodo/rtl/Top.v" into library xil_defaultlib
INFO: [VRFC 10-311] analyzing module Top
INFO: [VRFC 10-2263] Analyzing Verilog file "C:/Users/Lenovo/Desktop/Frodo/rtl/dual_port_ram.v" into library xil_defaultlib
INFO: [VRFC 10-311] analyzing module dual_port_ram
INFO: [VRFC 10-2263] Analyzing Verilog file "C:/Users/Lenovo/Desktop/Frodo/rtl/Control/sync_rom.v" into library xil_defaultlib
INFO: [VRFC 10-311] analyzing module sync_rom
INFO: [VRFC 10-2263] Analyzing Verilog file "C:/Users/Lenovo/Desktop/Frodo/rtl/Control/ucontrol.v" into library xil_defaultlib
INFO: [VRFC 10-311] analyzing module ucontrol
INFO: [VRFC 10-2263] Analyzing Verilog file "C:/Users/Lenovo/Desktop/Frodo/sim/tb_inst_trans.v" into library xil_defaultlib
INFO: [VRFC 10-311] analyzing module tb_inst_trans
INFO: [VRFC 10-2263] Analyzing Verilog file "C:/Users/Lenovo/Desktop/Frodo/prj/Frodo_top/Frodo_top.sim/sim_1/behav/xsim/glbl.v" into library xil_defaultlib
INFO: [VRFC 10-311] analyzing module glbl
INFO: [USF-XSim-69] 'compile' step finished in '3' seconds
INFO: [USF-XSim-3] XSim::Elaborate design
INFO: [USF-XSim-61] Executing 'ELABORATE' step in 'C:/Users/Lenovo/Desktop/Frodo/prj/Frodo_top/Frodo_top.sim/sim_1/behav/xsim'
"xelab --debug typical --relax --mt 2 -L xil_defaultlib -L unisims_ver -L unimacro_ver -L secureip --snapshot tb_inst_trans_behav xil_defaultlib.tb_inst_trans xil_defaultlib.glbl -log elaborate.log"
Vivado Simulator v2024.2.0
Copyright 1986-2022 Xilinx, Inc. All Rights Reserved.
Copyright 2022-2024 Advanced Micro Devices, Inc. All Rights Reserved.
Running: C:/Xilinx/Vivado/2024.2/bin/unwrapped/win64.o/xelab.exe --debug typical --relax --mt 2 -L xil_defaultlib -L unisims_ver -L unimacro_ver -L secureip --snapshot tb_inst_trans_behav xil_defaultlib.tb_inst_trans xil_defaultlib.glbl -log elaborate.log 
Using 2 slave threads.
Starting static elaboration
Pass Through NonSizing Optimizer
WARNING: [VRFC 10-3705] select index 78 into 'output_data' is out of bounds [C:/Users/Lenovo/Desktop/Frodo/rtl/Decode.v:36]
Completed static elaboration
Starting simulation data flow analysis
WARNING: [XSIM 43-4100] "C:/Users/Lenovo/Desktop/Frodo/prj/Frodo_top/Frodo_top.sim/sim_1/behav/xsim/glbl.v" Line 6. Module glbl has a timescale but at least one module in design doesn't have timescale.
WARNING: [XSIM 43-4100] "C:/Users/Lenovo/Desktop/Frodo/prj/Frodo_top/Frodo_top.sim/sim_1/behav/xsim/glbl.v" Line 6. Module glbl has a timescale but at least one module in design doesn't have timescale.
Completed simulation data flow analysis
Time Resolution for simulation is 1ps
Compiling module xil_defaultlib.dual_port_ram(TIME=100,STORE_PAT...
Compiling module xil_defaultlib.dual_port_ram(LOAD_FILE_PATH=".....
Compiling module xil_defaultlib.Bus
Compiling module xil_defaultlib.sync_rom(ADDR_WIDTH=8,DATA_WIDTH...
Compiling module xil_defaultlib.ucontrol
Compiling module xil_defaultlib.Datapre
Compiling module xil_defaultlib.AGU
Compiling module xil_defaultlib.Control
Compiling module xil_defaultlib.Encode
Compiling module xil_defaultlib.Decode
Compiling module xil_defaultlib.Top
Compiling module xil_defaultlib.tb_inst_trans
Compiling module xil_defaultlib.glbl
Built simulation snapshot tb_inst_trans_behav
INFO: [USF-XSim-69] 'elaborate' step finished in '4' seconds
INFO: [USF-XSim-4] XSim::Simulate design
INFO: [USF-XSim-61] Executing 'SIMULATE' step in 'C:/Users/Lenovo/Desktop/Frodo/prj/Frodo_top/Frodo_top.sim/sim_1/behav/xsim'
INFO: [USF-XSim-98] *** Running xsim
   with args "tb_inst_trans_behav -key {Behavioral:sim_1:Functional:tb_inst_trans} -tclbatch {tb_inst_trans.tcl} -log {simulate.log}"
INFO: [USF-XSim-8] Loading simulator feature
Time resolution is 1 ps
source tb_inst_trans.tcl
# set curr_wave [current_wave_config]
# if { [string length $curr_wave] == 0 } {
#   if { [llength [get_objects]] > 0} {
#     add_wave /
#     set_property needs_save false [current_wave_config]
#   } else {
#      send_msg_id Add_Wave-1 WARNING "No top level signals found. Simulator will start without a wave window. If you want to open a wave window go to 'File->New Waveform Configuration' or type 'create_wave_config' in the TCL console."
#   }
# }
# log_wave -r /
WARNING: [Simtcl 6-197] One or more HDL objects could not be logged because of object type or size limitations.  To see details please rerun the command with -verbose (-v).
# run 1000ns
$finish called at time : 675 ns : File "C:/Users/Lenovo/Desktop/Frodo/sim/tb_inst_trans.v" Line 69
INFO: [USF-XSim-96] XSim completed. Design snapshot 'tb_inst_trans_behav' loaded.
INFO: [USF-XSim-97] XSim simulation ran for 1000ns
launch_simulation: Time (s): cpu = 00:00:04 ; elapsed = 00:00:10 . Memory (MB): peak = 1672.430 ; gain = 20.066
relaunch_sim
Command: launch_simulation -step compile -simset sim_1 -mode behavioral
INFO: [Vivado 12-12493] Simulation top is 'tb_inst_trans'
WARNING: [Vivado 12-13340] Unable to auto find GCC executables from simulator install path! (path not set)
INFO: [Vivado 12-5682] Launching behavioral simulation in 'C:/Users/Lenovo/Desktop/Frodo/prj/Frodo_top/Frodo_top.sim/sim_1/behav/xsim'
INFO: [SIM-utils-51] Simulation object is 'sim_1'
INFO: [SIM-utils-72] Using boost library from 'C:/Xilinx/Vivado/2024.2/tps/boost_1_72_0'
INFO: [SIM-utils-54] Inspecting design source files for 'tb_inst_trans' in fileset 'sim_1'...
INFO: [USF-XSim-97] Finding global include files...
INFO: [USF-XSim-98] Fetching design files from 'sim_1'...
INFO: [USF-XSim-2] XSim::Compile design
INFO: [USF-XSim-61] Executing 'COMPILE and ANALYZE' step in 'C:/Users/Lenovo/Desktop/Frodo/prj/Frodo_top/Frodo_top.sim/sim_1/behav/xsim'
"xvlog --relax -prj tb_inst_trans_vlog.prj"
INFO: [VRFC 10-2263] Analyzing Verilog file "C:/Users/Lenovo/Desktop/Frodo/rtl/Control/AGU.v" into library xil_defaultlib
INFO: [VRFC 10-311] analyzing module AGU
INFO: [VRFC 10-2263] Analyzing Verilog file "C:/Users/Lenovo/Desktop/Frodo/rtl/Control/Bus.v" into library xil_defaultlib
INFO: [VRFC 10-311] analyzing module Bus
INFO: [VRFC 10-2263] Analyzing Verilog file "C:/Users/Lenovo/Desktop/Frodo/rtl/Control/Control.v" into library xil_defaultlib
INFO: [VRFC 10-311] analyzing module Control
INFO: [VRFC 10-2263] Analyzing Verilog file "C:/Users/Lenovo/Desktop/Frodo/rtl/Control/Datapre.v" into library xil_defaultlib
INFO: [VRFC 10-311] analyzing module Datapre
INFO: [VRFC 10-2263] Analyzing Verilog file "C:/Users/Lenovo/Desktop/Frodo/rtl/Decode.v" into library xil_defaultlib
INFO: [VRFC 10-311] analyzing module Decode
INFO: [VRFC 10-2263] Analyzing Verilog file "C:/Users/Lenovo/Desktop/Frodo/rtl/Encode.v" into library xil_defaultlib
INFO: [VRFC 10-311] analyzing module Encode
INFO: [VRFC 10-2263] Analyzing Verilog file "C:/Users/Lenovo/Desktop/Frodo/rtl/Top.v" into library xil_defaultlib
INFO: [VRFC 10-311] analyzing module Top
INFO: [VRFC 10-2263] Analyzing Verilog file "C:/Users/Lenovo/Desktop/Frodo/rtl/dual_port_ram.v" into library xil_defaultlib
INFO: [VRFC 10-311] analyzing module dual_port_ram
INFO: [VRFC 10-2263] Analyzing Verilog file "C:/Users/Lenovo/Desktop/Frodo/rtl/Control/sync_rom.v" into library xil_defaultlib
INFO: [VRFC 10-311] analyzing module sync_rom
INFO: [VRFC 10-2263] Analyzing Verilog file "C:/Users/Lenovo/Desktop/Frodo/rtl/Control/ucontrol.v" into library xil_defaultlib
INFO: [VRFC 10-311] analyzing module ucontrol
INFO: [VRFC 10-2263] Analyzing Verilog file "C:/Users/Lenovo/Desktop/Frodo/sim/tb_inst_trans.v" into library xil_defaultlib
INFO: [VRFC 10-311] analyzing module tb_inst_trans
INFO: [VRFC 10-2263] Analyzing Verilog file "C:/Users/Lenovo/Desktop/Frodo/prj/Frodo_top/Frodo_top.sim/sim_1/behav/xsim/glbl.v" into library xil_defaultlib
INFO: [VRFC 10-311] analyzing module glbl
INFO: [USF-XSim-69] 'compile' step finished in '3' seconds
Command: launch_simulation -step elaborate -simset sim_1 -mode behavioral
INFO: [Vivado 12-12493] Simulation top is 'tb_inst_trans'
WARNING: [Vivado 12-13340] Unable to auto find GCC executables from simulator install path! (path not set)
INFO: [Vivado 12-5682] Launching behavioral simulation in 'C:/Users/Lenovo/Desktop/Frodo/prj/Frodo_top/Frodo_top.sim/sim_1/behav/xsim'
INFO: [SIM-utils-51] Simulation object is 'sim_1'
INFO: [USF-XSim-3] XSim::Elaborate design
INFO: [USF-XSim-61] Executing 'ELABORATE' step in 'C:/Users/Lenovo/Desktop/Frodo/prj/Frodo_top/Frodo_top.sim/sim_1/behav/xsim'
"xelab --debug typical --relax --mt 2 -L xil_defaultlib -L unisims_ver -L unimacro_ver -L secureip --snapshot tb_inst_trans_behav xil_defaultlib.tb_inst_trans xil_defaultlib.glbl -log elaborate.log"
Vivado Simulator v2024.2.0
Copyright 1986-2022 Xilinx, Inc. All Rights Reserved.
Copyright 2022-2024 Advanced Micro Devices, Inc. All Rights Reserved.
Running: C:/Xilinx/Vivado/2024.2/bin/unwrapped/win64.o/xelab.exe --debug typical --relax --mt 2 -L xil_defaultlib -L unisims_ver -L unimacro_ver -L secureip --snapshot tb_inst_trans_behav xil_defaultlib.tb_inst_trans xil_defaultlib.glbl -log elaborate.log 
Using 2 slave threads.
Starting static elaboration
Pass Through NonSizing Optimizer
WARNING: [VRFC 10-3705] select index 78 into 'output_data' is out of bounds [C:/Users/Lenovo/Desktop/Frodo/rtl/Decode.v:36]
Completed static elaboration
Starting simulation data flow analysis
WARNING: [XSIM 43-4100] "C:/Users/Lenovo/Desktop/Frodo/prj/Frodo_top/Frodo_top.sim/sim_1/behav/xsim/glbl.v" Line 6. Module glbl has a timescale but at least one module in design doesn't have timescale.
WARNING: [XSIM 43-4100] "C:/Users/Lenovo/Desktop/Frodo/prj/Frodo_top/Frodo_top.sim/sim_1/behav/xsim/glbl.v" Line 6. Module glbl has a timescale but at least one module in design doesn't have timescale.
Completed simulation data flow analysis
Time Resolution for simulation is 1ps
Compiling module xil_defaultlib.dual_port_ram(TIME=100,STORE_PAT...
Compiling module xil_defaultlib.dual_port_ram(LOAD_FILE_PATH=".....
Compiling module xil_defaultlib.Bus
Compiling module xil_defaultlib.sync_rom(ADDR_WIDTH=8,DATA_WIDTH...
Compiling module xil_defaultlib.ucontrol
Compiling module xil_defaultlib.Datapre
Compiling module xil_defaultlib.AGU
Compiling module xil_defaultlib.Control
Compiling module xil_defaultlib.Encode
Compiling module xil_defaultlib.Decode
Compiling module xil_defaultlib.Top
Compiling module xil_defaultlib.tb_inst_trans
Compiling module xil_defaultlib.glbl
Built simulation snapshot tb_inst_trans_behav
INFO: [USF-XSim-69] 'elaborate' step finished in '3' seconds
Time resolution is 1 ps
$finish called at time : 675 ns : File "C:/Users/Lenovo/Desktop/Frodo/sim/tb_inst_trans.v" Line 69
relaunch_sim: Time (s): cpu = 00:00:02 ; elapsed = 00:00:09 . Memory (MB): peak = 1709.539 ; gain = 0.000
WARNING: [filemgmt 56-199] Attempt to get parsing info during refresh. "On-the-fly" syntax checking information may be incorrect. [C:\Users\Lenovo\Desktop\Frodo\sim\tb_inst_trans.v:]
WARNING: [filemgmt 56-199] Attempt to get parsing info during refresh. "On-the-fly" syntax checking information may be incorrect. [C:\Users\Lenovo\Desktop\Frodo\rtl\Top.v:]
WARNING: [filemgmt 56-199] Attempt to get parsing info during refresh. "On-the-fly" syntax checking information may be incorrect. [C:\Users\Lenovo\Desktop\Frodo\rtl\Top.v:]
WARNING: [filemgmt 56-199] Attempt to get parsing info during refresh. "On-the-fly" syntax checking information may be incorrect. [C:\Users\Lenovo\Desktop\Frodo\rtl\Top.v:]
ERROR: [Common 17-180] Spawn failed: No error
WARNING: [filemgmt 56-199] Attempt to get parsing info during refresh. "On-the-fly" syntax checking information may be incorrect. [C:\Users\Lenovo\Desktop\Frodo\sim\tb_inst_trans.v:]
WARNING: [filemgmt 56-199] Attempt to get parsing info during refresh. "On-the-fly" syntax checking information may be incorrect. [C:\Users\Lenovo\Desktop\Frodo\rtl\Top.v:]
WARNING: [filemgmt 56-199] Attempt to get parsing info during refresh. "On-the-fly" syntax checking information may be incorrect. [C:\Users\Lenovo\Desktop\Frodo\rtl\Top.v:]
WARNING: [filemgmt 56-199] Attempt to get parsing info during refresh. "On-the-fly" syntax checking information may be incorrect. [C:\Users\Lenovo\Desktop\Frodo\rtl\Top.v:]
relaunch_sim
Command: launch_simulation -step compile -simset sim_1 -mode behavioral
INFO: [Vivado 12-12493] Simulation top is 'tb_inst_trans'
WARNING: [Vivado 12-13340] Unable to auto find GCC executables from simulator install path! (path not set)
ERROR: [Common 17-180] Spawn failed: No error
INFO: [Vivado 12-5682] Launching behavioral simulation in 'C:/Users/Lenovo/Desktop/Frodo/prj/Frodo_top/Frodo_top.sim/sim_1/behav/xsim'
INFO: [SIM-utils-51] Simulation object is 'sim_1'
INFO: [USF-XSim-2] XSim::Compile design
INFO: [USF-XSim-61] Executing 'COMPILE and ANALYZE' step in 'C:/Users/Lenovo/Desktop/Frodo/prj/Frodo_top/Frodo_top.sim/sim_1/behav/xsim'
"xvlog --relax -prj tb_inst_trans_vlog.prj"
INFO: [VRFC 10-2263] Analyzing Verilog file "C:/Users/Lenovo/Desktop/Frodo/rtl/Control/AGU.v" into library xil_defaultlib
INFO: [VRFC 10-311] analyzing module AGU
INFO: [VRFC 10-2263] Analyzing Verilog file "C:/Users/Lenovo/Desktop/Frodo/rtl/Control/Bus.v" into library xil_defaultlib
INFO: [VRFC 10-311] analyzing module Bus
INFO: [VRFC 10-2263] Analyzing Verilog file "C:/Users/Lenovo/Desktop/Frodo/rtl/Control/Control.v" into library xil_defaultlib
INFO: [VRFC 10-311] analyzing module Control
INFO: [VRFC 10-2263] Analyzing Verilog file "C:/Users/Lenovo/Desktop/Frodo/rtl/Control/Datapre.v" into library xil_defaultlib
INFO: [VRFC 10-311] analyzing module Datapre
INFO: [VRFC 10-2263] Analyzing Verilog file "C:/Users/Lenovo/Desktop/Frodo/rtl/Decode.v" into library xil_defaultlib
INFO: [VRFC 10-311] analyzing module Decode
INFO: [VRFC 10-2263] Analyzing Verilog file "C:/Users/Lenovo/Desktop/Frodo/rtl/Encode.v" into library xil_defaultlib
INFO: [VRFC 10-311] analyzing module Encode
INFO: [VRFC 10-2263] Analyzing Verilog file "C:/Users/Lenovo/Desktop/Frodo/rtl/Top.v" into library xil_defaultlib
INFO: [VRFC 10-311] analyzing module Top
INFO: [VRFC 10-2263] Analyzing Verilog file "C:/Users/Lenovo/Desktop/Frodo/rtl/dual_port_ram.v" into library xil_defaultlib
INFO: [VRFC 10-311] analyzing module dual_port_ram
INFO: [VRFC 10-2263] Analyzing Verilog file "C:/Users/Lenovo/Desktop/Frodo/rtl/Control/sync_rom.v" into library xil_defaultlib
INFO: [VRFC 10-311] analyzing module sync_rom
INFO: [VRFC 10-2263] Analyzing Verilog file "C:/Users/Lenovo/Desktop/Frodo/rtl/Control/ucontrol.v" into library xil_defaultlib
INFO: [VRFC 10-311] analyzing module ucontrol
INFO: [VRFC 10-2263] Analyzing Verilog file "C:/Users/Lenovo/Desktop/Frodo/sim/tb_inst_trans.v" into library xil_defaultlib
INFO: [VRFC 10-311] analyzing module tb_inst_trans
INFO: [VRFC 10-2263] Analyzing Verilog file "C:/Users/Lenovo/Desktop/Frodo/prj/Frodo_top/Frodo_top.sim/sim_1/behav/xsim/glbl.v" into library xil_defaultlib
INFO: [VRFC 10-311] analyzing module glbl
INFO: [USF-XSim-69] 'compile' step finished in '2' seconds
ERROR: [Common 17-39] 'launch_simulation' failed due to earlier errors.
ERROR: [Common 17-69] Command failed: ERROR: [Common 17-39] 'launch_simulation' failed due to earlier errors.

relaunch_sim
Command: launch_simulation -step compile -simset sim_1 -mode behavioral
INFO: [Vivado 12-12493] Simulation top is 'tb_inst_trans'
WARNING: [Vivado 12-13340] Unable to auto find GCC executables from simulator install path! (path not set)
INFO: [Vivado 12-5682] Launching behavioral simulation in 'C:/Users/Lenovo/Desktop/Frodo/prj/Frodo_top/Frodo_top.sim/sim_1/behav/xsim'
INFO: [SIM-utils-51] Simulation object is 'sim_1'
INFO: [USF-XSim-2] XSim::Compile design
INFO: [USF-XSim-61] Executing 'COMPILE and ANALYZE' step in 'C:/Users/Lenovo/Desktop/Frodo/prj/Frodo_top/Frodo_top.sim/sim_1/behav/xsim'
"xvlog --relax -prj tb_inst_trans_vlog.prj"
INFO: [VRFC 10-2263] Analyzing Verilog file "C:/Users/Lenovo/Desktop/Frodo/rtl/Control/AGU.v" into library xil_defaultlib
INFO: [VRFC 10-311] analyzing module AGU
INFO: [VRFC 10-2263] Analyzing Verilog file "C:/Users/Lenovo/Desktop/Frodo/rtl/Control/Bus.v" into library xil_defaultlib
INFO: [VRFC 10-311] analyzing module Bus
INFO: [VRFC 10-2263] Analyzing Verilog file "C:/Users/Lenovo/Desktop/Frodo/rtl/Control/Control.v" into library xil_defaultlib
INFO: [VRFC 10-311] analyzing module Control
INFO: [VRFC 10-2263] Analyzing Verilog file "C:/Users/Lenovo/Desktop/Frodo/rtl/Control/Datapre.v" into library xil_defaultlib
INFO: [VRFC 10-311] analyzing module Datapre
INFO: [VRFC 10-2263] Analyzing Verilog file "C:/Users/Lenovo/Desktop/Frodo/rtl/Decode.v" into library xil_defaultlib
INFO: [VRFC 10-311] analyzing module Decode
INFO: [VRFC 10-2263] Analyzing Verilog file "C:/Users/Lenovo/Desktop/Frodo/rtl/Encode.v" into library xil_defaultlib
INFO: [VRFC 10-311] analyzing module Encode
INFO: [VRFC 10-2263] Analyzing Verilog file "C:/Users/Lenovo/Desktop/Frodo/rtl/Top.v" into library xil_defaultlib
INFO: [VRFC 10-311] analyzing module Top
INFO: [VRFC 10-2263] Analyzing Verilog file "C:/Users/Lenovo/Desktop/Frodo/rtl/dual_port_ram.v" into library xil_defaultlib
INFO: [VRFC 10-311] analyzing module dual_port_ram
INFO: [VRFC 10-2263] Analyzing Verilog file "C:/Users/Lenovo/Desktop/Frodo/rtl/Control/sync_rom.v" into library xil_defaultlib
INFO: [VRFC 10-311] analyzing module sync_rom
INFO: [VRFC 10-2263] Analyzing Verilog file "C:/Users/Lenovo/Desktop/Frodo/rtl/Control/ucontrol.v" into library xil_defaultlib
INFO: [VRFC 10-311] analyzing module ucontrol
INFO: [VRFC 10-2263] Analyzing Verilog file "C:/Users/Lenovo/Desktop/Frodo/sim/tb_inst_trans.v" into library xil_defaultlib
INFO: [VRFC 10-311] analyzing module tb_inst_trans
INFO: [VRFC 10-2263] Analyzing Verilog file "C:/Users/Lenovo/Desktop/Frodo/prj/Frodo_top/Frodo_top.sim/sim_1/behav/xsim/glbl.v" into library xil_defaultlib
INFO: [VRFC 10-311] analyzing module glbl
INFO: [USF-XSim-69] 'compile' step finished in '3' seconds
Command: launch_simulation -step elaborate -simset sim_1 -mode behavioral
INFO: [Vivado 12-12493] Simulation top is 'tb_inst_trans'
WARNING: [Vivado 12-13340] Unable to auto find GCC executables from simulator install path! (path not set)
INFO: [Vivado 12-5682] Launching behavioral simulation in 'C:/Users/Lenovo/Desktop/Frodo/prj/Frodo_top/Frodo_top.sim/sim_1/behav/xsim'
INFO: [SIM-utils-51] Simulation object is 'sim_1'
INFO: [USF-XSim-3] XSim::Elaborate design
INFO: [USF-XSim-61] Executing 'ELABORATE' step in 'C:/Users/Lenovo/Desktop/Frodo/prj/Frodo_top/Frodo_top.sim/sim_1/behav/xsim'
"xelab --debug typical --relax --mt 2 -L xil_defaultlib -L unisims_ver -L unimacro_ver -L secureip --snapshot tb_inst_trans_behav xil_defaultlib.tb_inst_trans xil_defaultlib.glbl -log elaborate.log"
Vivado Simulator v2024.2.0
Copyright 1986-2022 Xilinx, Inc. All Rights Reserved.
Copyright 2022-2024 Advanced Micro Devices, Inc. All Rights Reserved.
Running: C:/Xilinx/Vivado/2024.2/bin/unwrapped/win64.o/xelab.exe --debug typical --relax --mt 2 -L xil_defaultlib -L unisims_ver -L unimacro_ver -L secureip --snapshot tb_inst_trans_behav xil_defaultlib.tb_inst_trans xil_defaultlib.glbl -log elaborate.log 
Using 2 slave threads.
Starting static elaboration
Pass Through NonSizing Optimizer
WARNING: [VRFC 10-3705] select index 78 into 'output_data' is out of bounds [C:/Users/Lenovo/Desktop/Frodo/rtl/Decode.v:36]
Completed static elaboration
Starting simulation data flow analysis
WARNING: [XSIM 43-4100] "C:/Users/Lenovo/Desktop/Frodo/prj/Frodo_top/Frodo_top.sim/sim_1/behav/xsim/glbl.v" Line 6. Module glbl has a timescale but at least one module in design doesn't have timescale.
WARNING: [XSIM 43-4100] "C:/Users/Lenovo/Desktop/Frodo/prj/Frodo_top/Frodo_top.sim/sim_1/behav/xsim/glbl.v" Line 6. Module glbl has a timescale but at least one module in design doesn't have timescale.
Completed simulation data flow analysis
Time Resolution for simulation is 1ps
Compiling module xil_defaultlib.dual_port_ram(TIME=100,STORE_PAT...
Compiling module xil_defaultlib.dual_port_ram(LOAD_FILE_PATH=".....
Compiling module xil_defaultlib.Bus
Compiling module xil_defaultlib.sync_rom(ADDR_WIDTH=8,DATA_WIDTH...
Compiling module xil_defaultlib.ucontrol
Compiling module xil_defaultlib.Datapre
Compiling module xil_defaultlib.AGU
Compiling module xil_defaultlib.Control
Compiling module xil_defaultlib.Encode
Compiling module xil_defaultlib.Decode
Compiling module xil_defaultlib.Top
Compiling module xil_defaultlib.tb_inst_trans
Compiling module xil_defaultlib.glbl
Built simulation snapshot tb_inst_trans_behav
INFO: [USF-XSim-69] 'elaborate' step finished in '3' seconds
Time resolution is 1 ps
relaunch_sim: Time (s): cpu = 00:00:01 ; elapsed = 00:00:08 . Memory (MB): peak = 1709.539 ; gain = 0.000
WARNING: [filemgmt 56-199] Attempt to get parsing info during refresh. "On-the-fly" syntax checking information may be incorrect. [C:\Users\Lenovo\Desktop\Frodo\sim\tb_inst_trans.v:]
WARNING: [filemgmt 56-199] Attempt to get parsing info during refresh. "On-the-fly" syntax checking information may be incorrect. [C:\Users\Lenovo\Desktop\Frodo\rtl\Top.v:]
WARNING: [filemgmt 56-199] Attempt to get parsing info during refresh. "On-the-fly" syntax checking information may be incorrect. [C:\Users\Lenovo\Desktop\Frodo\rtl\Top.v:]
WARNING: [filemgmt 56-199] Attempt to get parsing info during refresh. "On-the-fly" syntax checking information may be incorrect. [C:\Users\Lenovo\Desktop\Frodo\rtl\Top.v:]
WARNING: [filemgmt 56-199] Attempt to get parsing info during refresh. "On-the-fly" syntax checking information may be incorrect. [C:\Users\Lenovo\Desktop\Frodo\sim\tb_inst_trans.v:]
WARNING: [filemgmt 56-199] Attempt to get parsing info during refresh. "On-the-fly" syntax checking information may be incorrect. [C:\Users\Lenovo\Desktop\Frodo\rtl\Top.v:]
WARNING: [filemgmt 56-199] Attempt to get parsing info during refresh. "On-the-fly" syntax checking information may be incorrect. [C:\Users\Lenovo\Desktop\Frodo\rtl\Top.v:]
WARNING: [filemgmt 56-199] Attempt to get parsing info during refresh. "On-the-fly" syntax checking information may be incorrect. [C:\Users\Lenovo\Desktop\Frodo\rtl\Top.v:]
ERROR: [Common 17-180] Spawn failed: No error
WARNING: [filemgmt 56-199] Attempt to get parsing info during refresh. "On-the-fly" syntax checking information may be incorrect. [C:\Users\Lenovo\Desktop\Frodo\sim\tb_inst_trans.v:]
WARNING: [filemgmt 56-199] Attempt to get parsing info during refresh. "On-the-fly" syntax checking information may be incorrect. [C:\Users\Lenovo\Desktop\Frodo\rtl\Top.v:]
WARNING: [filemgmt 56-199] Attempt to get parsing info during refresh. "On-the-fly" syntax checking information may be incorrect. [C:\Users\Lenovo\Desktop\Frodo\sim\tb_inst_trans.v:]
WARNING: [filemgmt 56-199] Attempt to get parsing info during refresh. "On-the-fly" syntax checking information may be incorrect. [C:\Users\Lenovo\Desktop\Frodo\sim\tb_inst_trans.v:]
ERROR: [Common 17-180] Spawn failed: No error
WARNING: [filemgmt 56-199] Attempt to get parsing info during refresh. "On-the-fly" syntax checking information may be incorrect. [C:\Users\Lenovo\Desktop\Frodo\sim\tb_inst_trans.v:]
WARNING: [filemgmt 56-199] Attempt to get parsing info during refresh. "On-the-fly" syntax checking information may be incorrect. [C:\Users\Lenovo\Desktop\Frodo\rtl\Top.v:]
WARNING: [filemgmt 56-199] Attempt to get parsing info during refresh. "On-the-fly" syntax checking information may be incorrect. [C:\Users\Lenovo\Desktop\Frodo\rtl\Top.v:]
WARNING: [filemgmt 56-199] Attempt to get parsing info during refresh. "On-the-fly" syntax checking information may be incorrect. [C:\Users\Lenovo\Desktop\Frodo\rtl\Top.v:]
ERROR: [Common 17-180] Spawn failed: No error
WARNING: [filemgmt 56-199] Attempt to get parsing info during refresh. "On-the-fly" syntax checking information may be incorrect. [C:\Users\Lenovo\Desktop\Frodo\sim\tb_inst_trans.v:]
WARNING: [filemgmt 56-199] Attempt to get parsing info during refresh. "On-the-fly" syntax checking information may be incorrect. [C:\Users\Lenovo\Desktop\Frodo\rtl\Top.v:]
WARNING: [filemgmt 56-199] Attempt to get parsing info during refresh. "On-the-fly" syntax checking information may be incorrect. [C:\Users\Lenovo\Desktop\Frodo\rtl\Top.v:]
WARNING: [filemgmt 56-199] Attempt to get parsing info during refresh. "On-the-fly" syntax checking information may be incorrect. [C:\Users\Lenovo\Desktop\Frodo\rtl\Top.v:]
ERROR: [Common 17-180] Spawn failed: No error
WARNING: [filemgmt 56-199] Attempt to get parsing info during refresh. "On-the-fly" syntax checking information may be incorrect. [C:\Users\Lenovo\Desktop\Frodo\sim\tb_inst_trans.v:]
WARNING: [filemgmt 56-199] Attempt to get parsing info during refresh. "On-the-fly" syntax checking information may be incorrect. [C:\Users\Lenovo\Desktop\Frodo\rtl\Top.v:]
WARNING: [filemgmt 56-199] Attempt to get parsing info during refresh. "On-the-fly" syntax checking information may be incorrect. [C:\Users\Lenovo\Desktop\Frodo\rtl\Top.v:]
WARNING: [filemgmt 56-199] Attempt to get parsing info during refresh. "On-the-fly" syntax checking information may be incorrect. [C:\Users\Lenovo\Desktop\Frodo\rtl\Top.v:]
WARNING: [filemgmt 56-199] Attempt to get parsing info during refresh. "On-the-fly" syntax checking information may be incorrect. [C:\Users\Lenovo\Desktop\Frodo\sim\tb_inst_trans.v:]
WARNING: [filemgmt 56-199] Attempt to get parsing info during refresh. "On-the-fly" syntax checking information may be incorrect. [C:\Users\Lenovo\Desktop\Frodo\rtl\Top.v:]
WARNING: [filemgmt 56-199] Attempt to get parsing info during refresh. "On-the-fly" syntax checking information may be incorrect. [C:\Users\Lenovo\Desktop\Frodo\rtl\Top.v:]
WARNING: [filemgmt 56-199] Attempt to get parsing info during refresh. "On-the-fly" syntax checking information may be incorrect. [C:\Users\Lenovo\Desktop\Frodo\rtl\Top.v:]
ERROR: [Common 17-180] Spawn failed: No error
WARNING: [filemgmt 56-199] Attempt to get parsing info during refresh. "On-the-fly" syntax checking information may be incorrect. [C:\Users\Lenovo\Desktop\Frodo\sim\tb_inst_trans.v:]
WARNING: [filemgmt 56-199] Attempt to get parsing info during refresh. "On-the-fly" syntax checking information may be incorrect. [C:\Users\Lenovo\Desktop\Frodo\rtl\Top.v:]
WARNING: [filemgmt 56-199] Attempt to get parsing info during refresh. "On-the-fly" syntax checking information may be incorrect. [C:\Users\Lenovo\Desktop\Frodo\rtl\Top.v:]
WARNING: [filemgmt 56-199] Attempt to get parsing info during refresh. "On-the-fly" syntax checking information may be incorrect. [C:\Users\Lenovo\Desktop\Frodo\rtl\Top.v:]
ERROR: [Common 17-180] Spawn failed: No error
WARNING: [filemgmt 56-199] Attempt to get parsing info during refresh. "On-the-fly" syntax checking information may be incorrect. [C:\Users\Lenovo\Desktop\Frodo\sim\tb_inst_trans.v:]
WARNING: [filemgmt 56-199] Attempt to get parsing info during refresh. "On-the-fly" syntax checking information may be incorrect. [C:\Users\Lenovo\Desktop\Frodo\rtl\Top.v:]
WARNING: [filemgmt 56-199] Attempt to get parsing info during refresh. "On-the-fly" syntax checking information may be incorrect. [C:\Users\Lenovo\Desktop\Frodo\rtl\Top.v:]
WARNING: [filemgmt 56-199] Attempt to get parsing info during refresh. "On-the-fly" syntax checking information may be incorrect. [C:\Users\Lenovo\Desktop\Frodo\rtl\Top.v:]
ERROR: [Common 17-180] Spawn failed: No error
update_compile_order -fileset sources_1
WARNING: [filemgmt 56-199] Attempt to get parsing info during refresh. "On-the-fly" syntax checking information may be incorrect. [C:\Users\Lenovo\Desktop\Frodo\sim\tb_inst_trans.v:]
WARNING: [filemgmt 56-199] Attempt to get parsing info during refresh. "On-the-fly" syntax checking information may be incorrect. [C:\Users\Lenovo\Desktop\Frodo\rtl\Top.v:]
WARNING: [filemgmt 56-199] Attempt to get parsing info during refresh. "On-the-fly" syntax checking information may be incorrect. [C:\Users\Lenovo\Desktop\Frodo\rtl\Top.v:]
WARNING: [filemgmt 56-199] Attempt to get parsing info during refresh. "On-the-fly" syntax checking information may be incorrect. [C:\Users\Lenovo\Desktop\Frodo\rtl\Top.v:]
ERROR: [Common 17-180] Spawn failed: No error
WARNING: [filemgmt 56-199] Attempt to get parsing info during refresh. "On-the-fly" syntax checking information may be incorrect. [C:\Users\Lenovo\Desktop\Frodo\sim\tb_inst_trans.v:]
WARNING: [filemgmt 56-199] Attempt to get parsing info during refresh. "On-the-fly" syntax checking information may be incorrect. [C:\Users\Lenovo\Desktop\Frodo\rtl\Top.v:]
WARNING: [filemgmt 56-199] Attempt to get parsing info during refresh. "On-the-fly" syntax checking information may be incorrect. [C:\Users\Lenovo\Desktop\Frodo\rtl\Top.v:]
WARNING: [filemgmt 56-199] Attempt to get parsing info during refresh. "On-the-fly" syntax checking information may be incorrect. [C:\Users\Lenovo\Desktop\Frodo\rtl\Top.v:]
ERROR: [Common 17-180] Spawn failed: No error
WARNING: [filemgmt 56-199] Attempt to get parsing info during refresh. "On-the-fly" syntax checking information may be incorrect. [C:\Users\Lenovo\Desktop\Frodo\sim\tb_inst_trans.v:]
WARNING: [filemgmt 56-199] Attempt to get parsing info during refresh. "On-the-fly" syntax checking information may be incorrect. [C:\Users\Lenovo\Desktop\Frodo\rtl\Top.v:]
WARNING: [filemgmt 56-199] Attempt to get parsing info during refresh. "On-the-fly" syntax checking information may be incorrect. [C:\Users\Lenovo\Desktop\Frodo\rtl\Top.v:]
WARNING: [filemgmt 56-199] Attempt to get parsing info during refresh. "On-the-fly" syntax checking information may be incorrect. [C:\Users\Lenovo\Desktop\Frodo\rtl\Top.v:]
ERROR: [Common 17-180] Spawn failed: No error
update_compile_order -fileset sources_1
WARNING: [filemgmt 56-199] Attempt to get parsing info during refresh. "On-the-fly" syntax checking information may be incorrect. [C:\Users\Lenovo\Desktop\Frodo\sim\tb_inst_trans.v:]
WARNING: [filemgmt 56-199] Attempt to get parsing info during refresh. "On-the-fly" syntax checking information may be incorrect. [C:\Users\Lenovo\Desktop\Frodo\rtl\Top.v:]
WARNING: [filemgmt 56-199] Attempt to get parsing info during refresh. "On-the-fly" syntax checking information may be incorrect. [C:\Users\Lenovo\Desktop\Frodo\rtl\Top.v:]
WARNING: [filemgmt 56-199] Attempt to get parsing info during refresh. "On-the-fly" syntax checking information may be incorrect. [C:\Users\Lenovo\Desktop\Frodo\rtl\Top.v:]
ERROR: [Common 17-180] Spawn failed: No error
WARNING: [filemgmt 56-199] Attempt to get parsing info during refresh. "On-the-fly" syntax checking information may be incorrect. [C:\Users\Lenovo\Desktop\Frodo\sim\tb_inst_trans.v:]
WARNING: [filemgmt 56-199] Attempt to get parsing info during refresh. "On-the-fly" syntax checking information may be incorrect. [C:\Users\Lenovo\Desktop\Frodo\rtl\Top.v:]
WARNING: [filemgmt 56-199] Attempt to get parsing info during refresh. "On-the-fly" syntax checking information may be incorrect. [C:\Users\Lenovo\Desktop\Frodo\rtl\Top.v:]
WARNING: [filemgmt 56-199] Attempt to get parsing info during refresh. "On-the-fly" syntax checking information may be incorrect. [C:\Users\Lenovo\Desktop\Frodo\rtl\Top.v:]
ERROR: [Common 17-180] Spawn failed: No error
WARNING: [filemgmt 56-199] Attempt to get parsing info during refresh. "On-the-fly" syntax checking information may be incorrect. [C:\Users\Lenovo\Desktop\Frodo\sim\tb_inst_trans.v:]
WARNING: [filemgmt 56-199] Attempt to get parsing info during refresh. "On-the-fly" syntax checking information may be incorrect. [C:\Users\Lenovo\Desktop\Frodo\rtl\Top.v:]
WARNING: [filemgmt 56-199] Attempt to get parsing info during refresh. "On-the-fly" syntax checking information may be incorrect. [C:\Users\Lenovo\Desktop\Frodo\rtl\Top.v:]
WARNING: [filemgmt 56-199] Attempt to get parsing info during refresh. "On-the-fly" syntax checking information may be incorrect. [C:\Users\Lenovo\Desktop\Frodo\rtl\Top.v:]
ERROR: [Common 17-180] Spawn failed: No error
WARNING: [filemgmt 56-199] Attempt to get parsing info during refresh. "On-the-fly" syntax checking information may be incorrect. [C:\Users\Lenovo\Desktop\Frodo\sim\tb_inst_trans.v:]
WARNING: [filemgmt 56-199] Attempt to get parsing info during refresh. "On-the-fly" syntax checking information may be incorrect. [C:\Users\Lenovo\Desktop\Frodo\rtl\Top.v:]
WARNING: [filemgmt 56-199] Attempt to get parsing info during refresh. "On-the-fly" syntax checking information may be incorrect. [C:\Users\Lenovo\Desktop\Frodo\rtl\Top.v:]
WARNING: [filemgmt 56-199] Attempt to get parsing info during refresh. "On-the-fly" syntax checking information may be incorrect. [C:\Users\Lenovo\Desktop\Frodo\rtl\Top.v:]
ERROR: [Common 17-180] Spawn failed: No error
update_compile_order -fileset sources_1
WARNING: [filemgmt 56-199] Attempt to get parsing info during refresh. "On-the-fly" syntax checking information may be incorrect. [C:\Users\Lenovo\Desktop\Frodo\sim\tb_inst_trans.v:]
WARNING: [filemgmt 56-199] Attempt to get parsing info during refresh. "On-the-fly" syntax checking information may be incorrect. [C:\Users\Lenovo\Desktop\Frodo\rtl\Top.v:]
WARNING: [filemgmt 56-199] Attempt to get parsing info during refresh. "On-the-fly" syntax checking information may be incorrect. [C:\Users\Lenovo\Desktop\Frodo\rtl\Top.v:]
WARNING: [filemgmt 56-199] Attempt to get parsing info during refresh. "On-the-fly" syntax checking information may be incorrect. [C:\Users\Lenovo\Desktop\Frodo\rtl\Top.v:]
ERROR: [Common 17-180] Spawn failed: No error
WARNING: [filemgmt 56-199] Attempt to get parsing info during refresh. "On-the-fly" syntax checking information may be incorrect. [C:\Users\Lenovo\Desktop\Frodo\sim\tb_inst_trans.v:]
WARNING: [filemgmt 56-199] Attempt to get parsing info during refresh. "On-the-fly" syntax checking information may be incorrect. [C:\Users\Lenovo\Desktop\Frodo\rtl\Top.v:]
WARNING: [filemgmt 56-199] Attempt to get parsing info during refresh. "On-the-fly" syntax checking information may be incorrect. [C:\Users\Lenovo\Desktop\Frodo\rtl\Top.v:]
WARNING: [filemgmt 56-199] Attempt to get parsing info during refresh. "On-the-fly" syntax checking information may be incorrect. [C:\Users\Lenovo\Desktop\Frodo\rtl\Top.v:]
ERROR: [Common 17-180] Spawn failed: No error
update_compile_order -fileset sources_1
WARNING: [filemgmt 56-199] Attempt to get parsing info during refresh. "On-the-fly" syntax checking information may be incorrect. [C:\Users\Lenovo\Desktop\Frodo\sim\tb_inst_trans.v:]
WARNING: [filemgmt 56-199] Attempt to get parsing info during refresh. "On-the-fly" syntax checking information may be incorrect. [C:\Users\Lenovo\Desktop\Frodo\rtl\Top.v:]
WARNING: [filemgmt 56-199] Attempt to get parsing info during refresh. "On-the-fly" syntax checking information may be incorrect. [C:\Users\Lenovo\Desktop\Frodo\rtl\Top.v:]
WARNING: [filemgmt 56-199] Attempt to get parsing info during refresh. "On-the-fly" syntax checking information may be incorrect. [C:\Users\Lenovo\Desktop\Frodo\rtl\Top.v:]
ERROR: [Common 17-180] Spawn failed: No error
WARNING: [filemgmt 56-199] Attempt to get parsing info during refresh. "On-the-fly" syntax checking information may be incorrect. [C:\Users\Lenovo\Desktop\Frodo\sim\tb_inst_trans.v:]
WARNING: [filemgmt 56-199] Attempt to get parsing info during refresh. "On-the-fly" syntax checking information may be incorrect. [C:\Users\Lenovo\Desktop\Frodo\rtl\Top.v:]
WARNING: [filemgmt 56-199] Attempt to get parsing info during refresh. "On-the-fly" syntax checking information may be incorrect. [C:\Users\Lenovo\Desktop\Frodo\rtl\Top.v:]
WARNING: [filemgmt 56-199] Attempt to get parsing info during refresh. "On-the-fly" syntax checking information may be incorrect. [C:\Users\Lenovo\Desktop\Frodo\rtl\Top.v:]
ERROR: [Common 17-180] Spawn failed: No error
WARNING: [filemgmt 56-199] Attempt to get parsing info during refresh. "On-the-fly" syntax checking information may be incorrect. [C:\Users\Lenovo\Desktop\Frodo\sim\tb_inst_trans.v:]
WARNING: [filemgmt 56-199] Attempt to get parsing info during refresh. "On-the-fly" syntax checking information may be incorrect. [C:\Users\Lenovo\Desktop\Frodo\rtl\Top.v:]
WARNING: [filemgmt 56-199] Attempt to get parsing info during refresh. "On-the-fly" syntax checking information may be incorrect. [C:\Users\Lenovo\Desktop\Frodo\rtl\Top.v:]
WARNING: [filemgmt 56-199] Attempt to get parsing info during refresh. "On-the-fly" syntax checking information may be incorrect. [C:\Users\Lenovo\Desktop\Frodo\rtl\Top.v:]
ERROR: [Common 17-180] Spawn failed: No error
WARNING: [filemgmt 56-199] Attempt to get parsing info during refresh. "On-the-fly" syntax checking information may be incorrect. [C:\Users\Lenovo\Desktop\Frodo\sim\tb_inst_trans.v:]
WARNING: [filemgmt 56-199] Attempt to get parsing info during refresh. "On-the-fly" syntax checking information may be incorrect. [C:\Users\Lenovo\Desktop\Frodo\rtl\Top.v:]
WARNING: [filemgmt 56-199] Attempt to get parsing info during refresh. "On-the-fly" syntax checking information may be incorrect. [C:\Users\Lenovo\Desktop\Frodo\rtl\Top.v:]
WARNING: [filemgmt 56-199] Attempt to get parsing info during refresh. "On-the-fly" syntax checking information may be incorrect. [C:\Users\Lenovo\Desktop\Frodo\rtl\Top.v:]
ERROR: [Common 17-180] Spawn failed: No error
WARNING: [filemgmt 56-199] Attempt to get parsing info during refresh. "On-the-fly" syntax checking information may be incorrect. [C:\Users\Lenovo\Desktop\Frodo\sim\tb_inst_trans.v:]
WARNING: [filemgmt 56-199] Attempt to get parsing info during refresh. "On-the-fly" syntax checking information may be incorrect. [C:\Users\Lenovo\Desktop\Frodo\rtl\Top.v:]
WARNING: [filemgmt 56-199] Attempt to get parsing info during refresh. "On-the-fly" syntax checking information may be incorrect. [C:\Users\Lenovo\Desktop\Frodo\rtl\Top.v:]
WARNING: [filemgmt 56-199] Attempt to get parsing info during refresh. "On-the-fly" syntax checking information may be incorrect. [C:\Users\Lenovo\Desktop\Frodo\rtl\Top.v:]
ERROR: [Common 17-180] Spawn failed: No error
WARNING: [filemgmt 56-199] Attempt to get parsing info during refresh. "On-the-fly" syntax checking information may be incorrect. [C:\Users\Lenovo\Desktop\Frodo\sim\tb_inst_trans.v:]
WARNING: [filemgmt 56-199] Attempt to get parsing info during refresh. "On-the-fly" syntax checking information may be incorrect. [C:\Users\Lenovo\Desktop\Frodo\rtl\Top.v:]
WARNING: [filemgmt 56-199] Attempt to get parsing info during refresh. "On-the-fly" syntax checking information may be incorrect. [C:\Users\Lenovo\Desktop\Frodo\rtl\Top.v:]
WARNING: [filemgmt 56-199] Attempt to get parsing info during refresh. "On-the-fly" syntax checking information may be incorrect. [C:\Users\Lenovo\Desktop\Frodo\rtl\Top.v:]
ERROR: [Common 17-180] Spawn failed: No error
WARNING: [filemgmt 56-199] Attempt to get parsing info during refresh. "On-the-fly" syntax checking information may be incorrect. [C:\Users\Lenovo\Desktop\Frodo\sim\tb_inst_trans.v:]
WARNING: [filemgmt 56-199] Attempt to get parsing info during refresh. "On-the-fly" syntax checking information may be incorrect. [C:\Users\Lenovo\Desktop\Frodo\rtl\Top.v:]
WARNING: [filemgmt 56-199] Attempt to get parsing info during refresh. "On-the-fly" syntax checking information may be incorrect. [C:\Users\Lenovo\Desktop\Frodo\rtl\Top.v:]
WARNING: [filemgmt 56-199] Attempt to get parsing info during refresh. "On-the-fly" syntax checking information may be incorrect. [C:\Users\Lenovo\Desktop\Frodo\rtl\Top.v:]
ERROR: [Common 17-180] Spawn failed: No error
WARNING: [filemgmt 56-199] Attempt to get parsing info during refresh. "On-the-fly" syntax checking information may be incorrect. [C:\Users\Lenovo\Desktop\Frodo\sim\tb_inst_trans.v:]
WARNING: [filemgmt 56-199] Attempt to get parsing info during refresh. "On-the-fly" syntax checking information may be incorrect. [C:\Users\Lenovo\Desktop\Frodo\rtl\Top.v:]
WARNING: [filemgmt 56-199] Attempt to get parsing info during refresh. "On-the-fly" syntax checking information may be incorrect. [C:\Users\Lenovo\Desktop\Frodo\rtl\Top.v:]
WARNING: [filemgmt 56-199] Attempt to get parsing info during refresh. "On-the-fly" syntax checking information may be incorrect. [C:\Users\Lenovo\Desktop\Frodo\rtl\Top.v:]
ERROR: [Common 17-180] Spawn failed: No error
WARNING: [filemgmt 56-199] Attempt to get parsing info during refresh. "On-the-fly" syntax checking information may be incorrect. [C:\Users\Lenovo\Desktop\Frodo\sim\tb_inst_trans.v:]
WARNING: [filemgmt 56-199] Attempt to get parsing info during refresh. "On-the-fly" syntax checking information may be incorrect. [C:\Users\Lenovo\Desktop\Frodo\rtl\Top.v:]
WARNING: [filemgmt 56-199] Attempt to get parsing info during refresh. "On-the-fly" syntax checking information may be incorrect. [C:\Users\Lenovo\Desktop\Frodo\rtl\Top.v:]
WARNING: [filemgmt 56-199] Attempt to get parsing info during refresh. "On-the-fly" syntax checking information may be incorrect. [C:\Users\Lenovo\Desktop\Frodo\rtl\Top.v:]
ERROR: [Common 17-180] Spawn failed: No error
WARNING: [filemgmt 56-199] Attempt to get parsing info during refresh. "On-the-fly" syntax checking information may be incorrect. [C:\Users\Lenovo\Desktop\Frodo\sim\tb_inst_trans.v:]
WARNING: [filemgmt 56-199] Attempt to get parsing info during refresh. "On-the-fly" syntax checking information may be incorrect. [C:\Users\Lenovo\Desktop\Frodo\rtl\Top.v:]
WARNING: [filemgmt 56-199] Attempt to get parsing info during refresh. "On-the-fly" syntax checking information may be incorrect. [C:\Users\Lenovo\Desktop\Frodo\rtl\Top.v:]
WARNING: [filemgmt 56-199] Attempt to get parsing info during refresh. "On-the-fly" syntax checking information may be incorrect. [C:\Users\Lenovo\Desktop\Frodo\rtl\Top.v:]
ERROR: [Common 17-180] Spawn failed: No error
WARNING: [filemgmt 56-199] Attempt to get parsing info during refresh. "On-the-fly" syntax checking information may be incorrect. [C:\Users\Lenovo\Desktop\Frodo\sim\tb_inst_trans.v:]
WARNING: [filemgmt 56-199] Attempt to get parsing info during refresh. "On-the-fly" syntax checking information may be incorrect. [C:\Users\Lenovo\Desktop\Frodo\rtl\Top.v:]
WARNING: [filemgmt 56-199] Attempt to get parsing info during refresh. "On-the-fly" syntax checking information may be incorrect. [C:\Users\Lenovo\Desktop\Frodo\rtl\Top.v:]
WARNING: [filemgmt 56-199] Attempt to get parsing info during refresh. "On-the-fly" syntax checking information may be incorrect. [C:\Users\Lenovo\Desktop\Frodo\rtl\Top.v:]
ERROR: [Common 17-180] Spawn failed: No error
WARNING: [filemgmt 56-199] Attempt to get parsing info during refresh. "On-the-fly" syntax checking information may be incorrect. [C:\Users\Lenovo\Desktop\Frodo\sim\tb_inst_trans.v:]
WARNING: [filemgmt 56-199] Attempt to get parsing info during refresh. "On-the-fly" syntax checking information may be incorrect. [C:\Users\Lenovo\Desktop\Frodo\rtl\Top.v:]
WARNING: [filemgmt 56-199] Attempt to get parsing info during refresh. "On-the-fly" syntax checking information may be incorrect. [C:\Users\Lenovo\Desktop\Frodo\rtl\Top.v:]
WARNING: [filemgmt 56-199] Attempt to get parsing info during refresh. "On-the-fly" syntax checking information may be incorrect. [C:\Users\Lenovo\Desktop\Frodo\rtl\Top.v:]
ERROR: [Common 17-180] Spawn failed: No error
WARNING: [filemgmt 56-199] Attempt to get parsing info during refresh. "On-the-fly" syntax checking information may be incorrect. [C:\Users\Lenovo\Desktop\Frodo\sim\tb_inst_trans.v:]
WARNING: [filemgmt 56-199] Attempt to get parsing info during refresh. "On-the-fly" syntax checking information may be incorrect. [C:\Users\Lenovo\Desktop\Frodo\rtl\Top.v:]
WARNING: [filemgmt 56-199] Attempt to get parsing info during refresh. "On-the-fly" syntax checking information may be incorrect. [C:\Users\Lenovo\Desktop\Frodo\rtl\Top.v:]
WARNING: [filemgmt 56-199] Attempt to get parsing info during refresh. "On-the-fly" syntax checking information may be incorrect. [C:\Users\Lenovo\Desktop\Frodo\rtl\Top.v:]
ERROR: [Common 17-180] Spawn failed: No error
WARNING: [filemgmt 56-199] Attempt to get parsing info during refresh. "On-the-fly" syntax checking information may be incorrect. [C:\Users\Lenovo\Desktop\Frodo\sim\tb_inst_trans.v:]
WARNING: [filemgmt 56-199] Attempt to get parsing info during refresh. "On-the-fly" syntax checking information may be incorrect. [C:\Users\Lenovo\Desktop\Frodo\rtl\Top.v:]
WARNING: [filemgmt 56-199] Attempt to get parsing info during refresh. "On-the-fly" syntax checking information may be incorrect. [C:\Users\Lenovo\Desktop\Frodo\rtl\Top.v:]
WARNING: [filemgmt 56-199] Attempt to get parsing info during refresh. "On-the-fly" syntax checking information may be incorrect. [C:\Users\Lenovo\Desktop\Frodo\rtl\Top.v:]
ERROR: [Common 17-180] Spawn failed: No error
WARNING: [filemgmt 56-199] Attempt to get parsing info during refresh. "On-the-fly" syntax checking information may be incorrect. [C:\Users\Lenovo\Desktop\Frodo\sim\tb_inst_trans.v:]
WARNING: [filemgmt 56-199] Attempt to get parsing info during refresh. "On-the-fly" syntax checking information may be incorrect. [C:\Users\Lenovo\Desktop\Frodo\rtl\Top.v:]
WARNING: [filemgmt 56-199] Attempt to get parsing info during refresh. "On-the-fly" syntax checking information may be incorrect. [C:\Users\Lenovo\Desktop\Frodo\rtl\Top.v:]
WARNING: [filemgmt 56-199] Attempt to get parsing info during refresh. "On-the-fly" syntax checking information may be incorrect. [C:\Users\Lenovo\Desktop\Frodo\rtl\Top.v:]
ERROR: [Common 17-180] Spawn failed: No error
WARNING: [filemgmt 56-199] Attempt to get parsing info during refresh. "On-the-fly" syntax checking information may be incorrect. [C:\Users\Lenovo\Desktop\Frodo\sim\tb_inst_trans.v:]
WARNING: [filemgmt 56-199] Attempt to get parsing info during refresh. "On-the-fly" syntax checking information may be incorrect. [C:\Users\Lenovo\Desktop\Frodo\rtl\Top.v:]
WARNING: [filemgmt 56-199] Attempt to get parsing info during refresh. "On-the-fly" syntax checking information may be incorrect. [C:\Users\Lenovo\Desktop\Frodo\rtl\Top.v:]
WARNING: [filemgmt 56-199] Attempt to get parsing info during refresh. "On-the-fly" syntax checking information may be incorrect. [C:\Users\Lenovo\Desktop\Frodo\rtl\Top.v:]
ERROR: [Common 17-180] Spawn failed: No error
WARNING: [filemgmt 56-199] Attempt to get parsing info during refresh. "On-the-fly" syntax checking information may be incorrect. [C:\Users\Lenovo\Desktop\Frodo\sim\tb_inst_trans.v:]
WARNING: [filemgmt 56-199] Attempt to get parsing info during refresh. "On-the-fly" syntax checking information may be incorrect. [C:\Users\Lenovo\Desktop\Frodo\rtl\Top.v:]
WARNING: [filemgmt 56-199] Attempt to get parsing info during refresh. "On-the-fly" syntax checking information may be incorrect. [C:\Users\Lenovo\Desktop\Frodo\rtl\Top.v:]
WARNING: [filemgmt 56-199] Attempt to get parsing info during refresh. "On-the-fly" syntax checking information may be incorrect. [C:\Users\Lenovo\Desktop\Frodo\rtl\Top.v:]
ERROR: [Common 17-180] Spawn failed: No error
WARNING: [filemgmt 56-199] Attempt to get parsing info during refresh. "On-the-fly" syntax checking information may be incorrect. [C:\Users\Lenovo\Desktop\Frodo\sim\tb_inst_trans.v:]
WARNING: [filemgmt 56-199] Attempt to get parsing info during refresh. "On-the-fly" syntax checking information may be incorrect. [C:\Users\Lenovo\Desktop\Frodo\rtl\Top.v:]
WARNING: [filemgmt 56-199] Attempt to get parsing info during refresh. "On-the-fly" syntax checking information may be incorrect. [C:\Users\Lenovo\Desktop\Frodo\rtl\Top.v:]
WARNING: [filemgmt 56-199] Attempt to get parsing info during refresh. "On-the-fly" syntax checking information may be incorrect. [C:\Users\Lenovo\Desktop\Frodo\rtl\Top.v:]
ERROR: [Common 17-180] Spawn failed: No error
WARNING: [filemgmt 56-199] Attempt to get parsing info during refresh. "On-the-fly" syntax checking information may be incorrect. [C:\Users\Lenovo\Desktop\Frodo\sim\tb_inst_trans.v:]
WARNING: [filemgmt 56-199] Attempt to get parsing info during refresh. "On-the-fly" syntax checking information may be incorrect. [C:\Users\Lenovo\Desktop\Frodo\rtl\Top.v:]
WARNING: [filemgmt 56-199] Attempt to get parsing info during refresh. "On-the-fly" syntax checking information may be incorrect. [C:\Users\Lenovo\Desktop\Frodo\rtl\Top.v:]
WARNING: [filemgmt 56-199] Attempt to get parsing info during refresh. "On-the-fly" syntax checking information may be incorrect. [C:\Users\Lenovo\Desktop\Frodo\rtl\Top.v:]
ERROR: [Common 17-180] Spawn failed: No error
WARNING: [filemgmt 56-199] Attempt to get parsing info during refresh. "On-the-fly" syntax checking information may be incorrect. [C:\Users\Lenovo\Desktop\Frodo\sim\tb_inst_trans.v:]
WARNING: [filemgmt 56-199] Attempt to get parsing info during refresh. "On-the-fly" syntax checking information may be incorrect. [C:\Users\Lenovo\Desktop\Frodo\rtl\Top.v:]
WARNING: [filemgmt 56-199] Attempt to get parsing info during refresh. "On-the-fly" syntax checking information may be incorrect. [C:\Users\Lenovo\Desktop\Frodo\rtl\Top.v:]
WARNING: [filemgmt 56-199] Attempt to get parsing info during refresh. "On-the-fly" syntax checking information may be incorrect. [C:\Users\Lenovo\Desktop\Frodo\rtl\Top.v:]
ERROR: [Common 17-180] Spawn failed: No error
WARNING: [filemgmt 56-199] Attempt to get parsing info during refresh. "On-the-fly" syntax checking information may be incorrect. [C:\Users\Lenovo\Desktop\Frodo\sim\tb_inst_trans.v:]
WARNING: [filemgmt 56-199] Attempt to get parsing info during refresh. "On-the-fly" syntax checking information may be incorrect. [C:\Users\Lenovo\Desktop\Frodo\rtl\Top.v:]
WARNING: [filemgmt 56-199] Attempt to get parsing info during refresh. "On-the-fly" syntax checking information may be incorrect. [C:\Users\Lenovo\Desktop\Frodo\rtl\Top.v:]
WARNING: [filemgmt 56-199] Attempt to get parsing info during refresh. "On-the-fly" syntax checking information may be incorrect. [C:\Users\Lenovo\Desktop\Frodo\rtl\Top.v:]
ERROR: [Common 17-180] Spawn failed: No error
WARNING: [filemgmt 56-199] Attempt to get parsing info during refresh. "On-the-fly" syntax checking information may be incorrect. [C:\Users\Lenovo\Desktop\Frodo\sim\tb_inst_trans.v:]
WARNING: [filemgmt 56-199] Attempt to get parsing info during refresh. "On-the-fly" syntax checking information may be incorrect. [C:\Users\Lenovo\Desktop\Frodo\rtl\Top.v:]
WARNING: [filemgmt 56-199] Attempt to get parsing info during refresh. "On-the-fly" syntax checking information may be incorrect. [C:\Users\Lenovo\Desktop\Frodo\rtl\Top.v:]
WARNING: [filemgmt 56-199] Attempt to get parsing info during refresh. "On-the-fly" syntax checking information may be incorrect. [C:\Users\Lenovo\Desktop\Frodo\rtl\Top.v:]
ERROR: [Common 17-180] Spawn failed: No error
WARNING: [filemgmt 56-199] Attempt to get parsing info during refresh. "On-the-fly" syntax checking information may be incorrect. [C:\Users\Lenovo\Desktop\Frodo\sim\tb_inst_trans.v:]
WARNING: [filemgmt 56-199] Attempt to get parsing info during refresh. "On-the-fly" syntax checking information may be incorrect. [C:\Users\Lenovo\Desktop\Frodo\rtl\Top.v:]
WARNING: [filemgmt 56-199] Attempt to get parsing info during refresh. "On-the-fly" syntax checking information may be incorrect. [C:\Users\Lenovo\Desktop\Frodo\rtl\Top.v:]
WARNING: [filemgmt 56-199] Attempt to get parsing info during refresh. "On-the-fly" syntax checking information may be incorrect. [C:\Users\Lenovo\Desktop\Frodo\rtl\Top.v:]
ERROR: [Common 17-180] Spawn failed: No error
WARNING: [filemgmt 56-199] Attempt to get parsing info during refresh. "On-the-fly" syntax checking information may be incorrect. [C:\Users\Lenovo\Desktop\Frodo\sim\tb_inst_trans.v:]
WARNING: [filemgmt 56-199] Attempt to get parsing info during refresh. "On-the-fly" syntax checking information may be incorrect. [C:\Users\Lenovo\Desktop\Frodo\rtl\Top.v:]
WARNING: [filemgmt 56-199] Attempt to get parsing info during refresh. "On-the-fly" syntax checking information may be incorrect. [C:\Users\Lenovo\Desktop\Frodo\rtl\Top.v:]
WARNING: [filemgmt 56-199] Attempt to get parsing info during refresh. "On-the-fly" syntax checking information may be incorrect. [C:\Users\Lenovo\Desktop\Frodo\rtl\Top.v:]
ERROR: [Common 17-180] Spawn failed: No error
WARNING: [filemgmt 56-199] Attempt to get parsing info during refresh. "On-the-fly" syntax checking information may be incorrect. [C:\Users\Lenovo\Desktop\Frodo\sim\tb_inst_trans.v:]
WARNING: [filemgmt 56-199] Attempt to get parsing info during refresh. "On-the-fly" syntax checking information may be incorrect. [C:\Users\Lenovo\Desktop\Frodo\rtl\Top.v:]
WARNING: [filemgmt 56-199] Attempt to get parsing info during refresh. "On-the-fly" syntax checking information may be incorrect. [C:\Users\Lenovo\Desktop\Frodo\rtl\Top.v:]
WARNING: [filemgmt 56-199] Attempt to get parsing info during refresh. "On-the-fly" syntax checking information may be incorrect. [C:\Users\Lenovo\Desktop\Frodo\rtl\Top.v:]
ERROR: [Common 17-180] Spawn failed: No error
WARNING: [filemgmt 56-199] Attempt to get parsing info during refresh. "On-the-fly" syntax checking information may be incorrect. [C:\Users\Lenovo\Desktop\Frodo\sim\tb_inst_trans.v:]
WARNING: [filemgmt 56-199] Attempt to get parsing info during refresh. "On-the-fly" syntax checking information may be incorrect. [C:\Users\Lenovo\Desktop\Frodo\rtl\Top.v:]
WARNING: [filemgmt 56-199] Attempt to get parsing info during refresh. "On-the-fly" syntax checking information may be incorrect. [C:\Users\Lenovo\Desktop\Frodo\rtl\Top.v:]
WARNING: [filemgmt 56-199] Attempt to get parsing info during refresh. "On-the-fly" syntax checking information may be incorrect. [C:\Users\Lenovo\Desktop\Frodo\rtl\Top.v:]
WARNING: [filemgmt 56-199] Attempt to get parsing info during refresh. "On-the-fly" syntax checking information may be incorrect. [C:\Users\Lenovo\Desktop\Frodo\sim\tb_inst_trans.v:]
WARNING: [filemgmt 56-199] Attempt to get parsing info during refresh. "On-the-fly" syntax checking information may be incorrect. [C:\Users\Lenovo\Desktop\Frodo\rtl\Top.v:]
WARNING: [filemgmt 56-199] Attempt to get parsing info during refresh. "On-the-fly" syntax checking information may be incorrect. [C:\Users\Lenovo\Desktop\Frodo\rtl\Top.v:]
WARNING: [filemgmt 56-199] Attempt to get parsing info during refresh. "On-the-fly" syntax checking information may be incorrect. [C:\Users\Lenovo\Desktop\Frodo\rtl\Top.v:]
ERROR: [Common 17-180] Spawn failed: No error
WARNING: [filemgmt 56-199] Attempt to get parsing info during refresh. "On-the-fly" syntax checking information may be incorrect. [C:\Users\Lenovo\Desktop\Frodo\sim\tb_inst_trans.v:]
WARNING: [filemgmt 56-199] Attempt to get parsing info during refresh. "On-the-fly" syntax checking information may be incorrect. [C:\Users\Lenovo\Desktop\Frodo\rtl\Top.v:]
WARNING: [filemgmt 56-199] Attempt to get parsing info during refresh. "On-the-fly" syntax checking information may be incorrect. [C:\Users\Lenovo\Desktop\Frodo\sim\tb_inst_trans.v:]
WARNING: [filemgmt 56-199] Attempt to get parsing info during refresh. "On-the-fly" syntax checking information may be incorrect. [C:\Users\Lenovo\Desktop\Frodo\sim\tb_inst_trans.v:]
ERROR: [Common 17-180] Spawn failed: No error
WARNING: [filemgmt 56-199] Attempt to get parsing info during refresh. "On-the-fly" syntax checking information may be incorrect. [C:\Users\Lenovo\Desktop\Frodo\sim\tb_inst_trans.v:]
WARNING: [filemgmt 56-199] Attempt to get parsing info during refresh. "On-the-fly" syntax checking information may be incorrect. [C:\Users\Lenovo\Desktop\Frodo\rtl\Top.v:]
WARNING: [filemgmt 56-199] Attempt to get parsing info during refresh. "On-the-fly" syntax checking information may be incorrect. [C:\Users\Lenovo\Desktop\Frodo\rtl\Top.v:]
WARNING: [filemgmt 56-199] Attempt to get parsing info during refresh. "On-the-fly" syntax checking information may be incorrect. [C:\Users\Lenovo\Desktop\Frodo\rtl\Top.v:]
WARNING: [filemgmt 56-199] Attempt to get parsing info during refresh. "On-the-fly" syntax checking information may be incorrect. [C:\Users\Lenovo\Desktop\Frodo\sim\tb_inst_trans.v:]
WARNING: [filemgmt 56-199] Attempt to get parsing info during refresh. "On-the-fly" syntax checking information may be incorrect. [C:\Users\Lenovo\Desktop\Frodo\rtl\Top.v:]
WARNING: [filemgmt 56-199] Attempt to get parsing info during refresh. "On-the-fly" syntax checking information may be incorrect. [C:\Users\Lenovo\Desktop\Frodo\rtl\Top.v:]
WARNING: [filemgmt 56-199] Attempt to get parsing info during refresh. "On-the-fly" syntax checking information may be incorrect. [C:\Users\Lenovo\Desktop\Frodo\rtl\Top.v:]
ERROR: [Common 17-180] Spawn failed: No error
WARNING: [filemgmt 56-199] Attempt to get parsing info during refresh. "On-the-fly" syntax checking information may be incorrect. [C:\Users\Lenovo\Desktop\Frodo\sim\tb_inst_trans.v:]
WARNING: [filemgmt 56-199] Attempt to get parsing info during refresh. "On-the-fly" syntax checking information may be incorrect. [C:\Users\Lenovo\Desktop\Frodo\rtl\Top.v:]
WARNING: [filemgmt 56-199] Attempt to get parsing info during refresh. "On-the-fly" syntax checking information may be incorrect. [C:\Users\Lenovo\Desktop\Frodo\sim\tb_inst_trans.v:]
WARNING: [filemgmt 56-199] Attempt to get parsing info during refresh. "On-the-fly" syntax checking information may be incorrect. [C:\Users\Lenovo\Desktop\Frodo\sim\tb_inst_trans.v:]
ERROR: [Common 17-180] Spawn failed: No error
WARNING: [filemgmt 56-199] Attempt to get parsing info during refresh. "On-the-fly" syntax checking information may be incorrect. [C:\Users\Lenovo\Desktop\Frodo\sim\tb_inst_trans.v:]
WARNING: [filemgmt 56-199] Attempt to get parsing info during refresh. "On-the-fly" syntax checking information may be incorrect. [C:\Users\Lenovo\Desktop\Frodo\rtl\Top.v:]
WARNING: [filemgmt 56-199] Attempt to get parsing info during refresh. "On-the-fly" syntax checking information may be incorrect. [C:\Users\Lenovo\Desktop\Frodo\rtl\Top.v:]
WARNING: [filemgmt 56-199] Attempt to get parsing info during refresh. "On-the-fly" syntax checking information may be incorrect. [C:\Users\Lenovo\Desktop\Frodo\rtl\Top.v:]
ERROR: [Common 17-180] Spawn failed: No error
WARNING: [filemgmt 56-199] Attempt to get parsing info during refresh. "On-the-fly" syntax checking information may be incorrect. [C:\Users\Lenovo\Desktop\Frodo\sim\tb_inst_trans.v:]
WARNING: [filemgmt 56-199] Attempt to get parsing info during refresh. "On-the-fly" syntax checking information may be incorrect. [C:\Users\Lenovo\Desktop\Frodo\rtl\Top.v:]
WARNING: [filemgmt 56-199] Attempt to get parsing info during refresh. "On-the-fly" syntax checking information may be incorrect. [C:\Users\Lenovo\Desktop\Frodo\rtl\Top.v:]
WARNING: [filemgmt 56-199] Attempt to get parsing info during refresh. "On-the-fly" syntax checking information may be incorrect. [C:\Users\Lenovo\Desktop\Frodo\rtl\Top.v:]
ERROR: [Common 17-180] Spawn failed: No error
WARNING: [filemgmt 56-199] Attempt to get parsing info during refresh. "On-the-fly" syntax checking information may be incorrect. [C:\Users\Lenovo\Desktop\Frodo\sim\tb_inst_trans.v:]
WARNING: [filemgmt 56-199] Attempt to get parsing info during refresh. "On-the-fly" syntax checking information may be incorrect. [C:\Users\Lenovo\Desktop\Frodo\rtl\Top.v:]
WARNING: [filemgmt 56-199] Attempt to get parsing info during refresh. "On-the-fly" syntax checking information may be incorrect. [C:\Users\Lenovo\Desktop\Frodo\rtl\Top.v:]
WARNING: [filemgmt 56-199] Attempt to get parsing info during refresh. "On-the-fly" syntax checking information may be incorrect. [C:\Users\Lenovo\Desktop\Frodo\rtl\Top.v:]
ERROR: [Common 17-180] Spawn failed: No error
WARNING: [filemgmt 56-199] Attempt to get parsing info during refresh. "On-the-fly" syntax checking information may be incorrect. [C:\Users\Lenovo\Desktop\Frodo\sim\tb_inst_trans.v:]
WARNING: [filemgmt 56-199] Attempt to get parsing info during refresh. "On-the-fly" syntax checking information may be incorrect. [C:\Users\Lenovo\Desktop\Frodo\rtl\Top.v:]
WARNING: [filemgmt 56-199] Attempt to get parsing info during refresh. "On-the-fly" syntax checking information may be incorrect. [C:\Users\Lenovo\Desktop\Frodo\rtl\Top.v:]
WARNING: [filemgmt 56-199] Attempt to get parsing info during refresh. "On-the-fly" syntax checking information may be incorrect. [C:\Users\Lenovo\Desktop\Frodo\rtl\Top.v:]
ERROR: [Common 17-180] Spawn failed: No error
WARNING: [filemgmt 56-199] Attempt to get parsing info during refresh. "On-the-fly" syntax checking information may be incorrect. [C:\Users\Lenovo\Desktop\Frodo\sim\tb_inst_trans.v:]
WARNING: [filemgmt 56-199] Attempt to get parsing info during refresh. "On-the-fly" syntax checking information may be incorrect. [C:\Users\Lenovo\Desktop\Frodo\rtl\Top.v:]
WARNING: [filemgmt 56-199] Attempt to get parsing info during refresh. "On-the-fly" syntax checking information may be incorrect. [C:\Users\Lenovo\Desktop\Frodo\rtl\Top.v:]
WARNING: [filemgmt 56-199] Attempt to get parsing info during refresh. "On-the-fly" syntax checking information may be incorrect. [C:\Users\Lenovo\Desktop\Frodo\rtl\Top.v:]
ERROR: [Common 17-180] Spawn failed: No error
WARNING: [filemgmt 56-199] Attempt to get parsing info during refresh. "On-the-fly" syntax checking information may be incorrect. [C:\Users\Lenovo\Desktop\Frodo\sim\tb_inst_trans.v:]
WARNING: [filemgmt 56-199] Attempt to get parsing info during refresh. "On-the-fly" syntax checking information may be incorrect. [C:\Users\Lenovo\Desktop\Frodo\rtl\Top.v:]
WARNING: [filemgmt 56-199] Attempt to get parsing info during refresh. "On-the-fly" syntax checking information may be incorrect. [C:\Users\Lenovo\Desktop\Frodo\rtl\Top.v:]
WARNING: [filemgmt 56-199] Attempt to get parsing info during refresh. "On-the-fly" syntax checking information may be incorrect. [C:\Users\Lenovo\Desktop\Frodo\rtl\Top.v:]
ERROR: [Common 17-180] Spawn failed: No error
WARNING: [filemgmt 56-199] Attempt to get parsing info during refresh. "On-the-fly" syntax checking information may be incorrect. [C:\Users\Lenovo\Desktop\Frodo\sim\tb_inst_trans.v:]
WARNING: [filemgmt 56-199] Attempt to get parsing info during refresh. "On-the-fly" syntax checking information may be incorrect. [C:\Users\Lenovo\Desktop\Frodo\rtl\Top.v:]
WARNING: [filemgmt 56-199] Attempt to get parsing info during refresh. "On-the-fly" syntax checking information may be incorrect. [C:\Users\Lenovo\Desktop\Frodo\rtl\Top.v:]
WARNING: [filemgmt 56-199] Attempt to get parsing info during refresh. "On-the-fly" syntax checking information may be incorrect. [C:\Users\Lenovo\Desktop\Frodo\rtl\Top.v:]
ERROR: [Common 17-180] Spawn failed: No error
WARNING: [filemgmt 56-199] Attempt to get parsing info during refresh. "On-the-fly" syntax checking information may be incorrect. [C:\Users\Lenovo\Desktop\Frodo\sim\tb_inst_trans.v:]
WARNING: [filemgmt 56-199] Attempt to get parsing info during refresh. "On-the-fly" syntax checking information may be incorrect. [C:\Users\Lenovo\Desktop\Frodo\rtl\Top.v:]
WARNING: [filemgmt 56-199] Attempt to get parsing info during refresh. "On-the-fly" syntax checking information may be incorrect. [C:\Users\Lenovo\Desktop\Frodo\rtl\Top.v:]
WARNING: [filemgmt 56-199] Attempt to get parsing info during refresh. "On-the-fly" syntax checking information may be incorrect. [C:\Users\Lenovo\Desktop\Frodo\rtl\Top.v:]
relaunch_sim
ERROR: [Common 17-180] Spawn failed: No error
ERROR: [Common 17-39] 'suspend_sim' failed due to earlier errors.
INFO: [Common 17-17] undo 'relaunch_sim'
INFO: [Common 17-17] undo 'relaunch_sim'
ERROR: [Common 17-69] Command failed: ERROR: [Common 17-39] 'suspend_sim' failed due to earlier errors.

relaunch_sim
Command: launch_simulation -step compile -simset sim_1 -mode behavioral
INFO: [Vivado 12-12493] Simulation top is 'tb_inst_trans'
WARNING: [Vivado 12-13340] Unable to auto find GCC executables from simulator install path! (path not set)
INFO: [Vivado 12-5682] Launching behavioral simulation in 'C:/Users/Lenovo/Desktop/Frodo/prj/Frodo_top/Frodo_top.sim/sim_1/behav/xsim'
INFO: [SIM-utils-51] Simulation object is 'sim_1'
INFO: [USF-XSim-2] XSim::Compile design
INFO: [USF-XSim-61] Executing 'COMPILE and ANALYZE' step in 'C:/Users/Lenovo/Desktop/Frodo/prj/Frodo_top/Frodo_top.sim/sim_1/behav/xsim'
"xvlog --relax -prj tb_inst_trans_vlog.prj"
INFO: [VRFC 10-2263] Analyzing Verilog file "C:/Users/Lenovo/Desktop/Frodo/rtl/Control/AGU.v" into library xil_defaultlib
INFO: [VRFC 10-311] analyzing module AGU
INFO: [VRFC 10-2263] Analyzing Verilog file "C:/Users/Lenovo/Desktop/Frodo/rtl/Control/Bus.v" into library xil_defaultlib
INFO: [VRFC 10-311] analyzing module Bus
INFO: [VRFC 10-2263] Analyzing Verilog file "C:/Users/Lenovo/Desktop/Frodo/rtl/Control/Control.v" into library xil_defaultlib
INFO: [VRFC 10-311] analyzing module Control
INFO: [VRFC 10-2263] Analyzing Verilog file "C:/Users/Lenovo/Desktop/Frodo/rtl/Control/Datapre.v" into library xil_defaultlib
INFO: [VRFC 10-311] analyzing module Datapre
INFO: [VRFC 10-2263] Analyzing Verilog file "C:/Users/Lenovo/Desktop/Frodo/rtl/Decode.v" into library xil_defaultlib
INFO: [VRFC 10-311] analyzing module Decode
INFO: [VRFC 10-2263] Analyzing Verilog file "C:/Users/Lenovo/Desktop/Frodo/rtl/Encode.v" into library xil_defaultlib
INFO: [VRFC 10-311] analyzing module Encode
INFO: [VRFC 10-2263] Analyzing Verilog file "C:/Users/Lenovo/Desktop/Frodo/rtl/Top.v" into library xil_defaultlib
INFO: [VRFC 10-311] analyzing module Top
INFO: [VRFC 10-2263] Analyzing Verilog file "C:/Users/Lenovo/Desktop/Frodo/rtl/dual_port_ram.v" into library xil_defaultlib
INFO: [VRFC 10-311] analyzing module dual_port_ram
INFO: [VRFC 10-2263] Analyzing Verilog file "C:/Users/Lenovo/Desktop/Frodo/rtl/Control/sync_rom.v" into library xil_defaultlib
INFO: [VRFC 10-311] analyzing module sync_rom
INFO: [VRFC 10-2263] Analyzing Verilog file "C:/Users/Lenovo/Desktop/Frodo/rtl/Control/ucontrol.v" into library xil_defaultlib
INFO: [VRFC 10-311] analyzing module ucontrol
INFO: [VRFC 10-2263] Analyzing Verilog file "C:/Users/Lenovo/Desktop/Frodo/sim/tb_inst_trans.v" into library xil_defaultlib
INFO: [VRFC 10-311] analyzing module tb_inst_trans
INFO: [VRFC 10-2263] Analyzing Verilog file "C:/Users/Lenovo/Desktop/Frodo/prj/Frodo_top/Frodo_top.sim/sim_1/behav/xsim/glbl.v" into library xil_defaultlib
INFO: [VRFC 10-311] analyzing module glbl
INFO: [USF-XSim-69] 'compile' step finished in '2' seconds
Command: launch_simulation -step elaborate -simset sim_1 -mode behavioral
INFO: [Vivado 12-12493] Simulation top is 'tb_inst_trans'
WARNING: [Vivado 12-13340] Unable to auto find GCC executables from simulator install path! (path not set)
INFO: [Vivado 12-5682] Launching behavioral simulation in 'C:/Users/Lenovo/Desktop/Frodo/prj/Frodo_top/Frodo_top.sim/sim_1/behav/xsim'
INFO: [SIM-utils-51] Simulation object is 'sim_1'
INFO: [USF-XSim-3] XSim::Elaborate design
INFO: [USF-XSim-61] Executing 'ELABORATE' step in 'C:/Users/Lenovo/Desktop/Frodo/prj/Frodo_top/Frodo_top.sim/sim_1/behav/xsim'
"xelab --debug typical --relax --mt 2 -L xil_defaultlib -L unisims_ver -L unimacro_ver -L secureip --snapshot tb_inst_trans_behav xil_defaultlib.tb_inst_trans xil_defaultlib.glbl -log elaborate.log"
Vivado Simulator v2024.2.0
Copyright 1986-2022 Xilinx, Inc. All Rights Reserved.
Copyright 2022-2024 Advanced Micro Devices, Inc. All Rights Reserved.
Running: C:/Xilinx/Vivado/2024.2/bin/unwrapped/win64.o/xelab.exe --debug typical --relax --mt 2 -L xil_defaultlib -L unisims_ver -L unimacro_ver -L secureip --snapshot tb_inst_trans_behav xil_defaultlib.tb_inst_trans xil_defaultlib.glbl -log elaborate.log 
Using 2 slave threads.
Starting static elaboration
Pass Through NonSizing Optimizer
ERROR: [VRFC 10-2063] Module <Macs> not found while processing module instance <u_Macs> [C:/Users/Lenovo/Desktop/Frodo/rtl/Top.v:109]
ERROR: [XSIM 43-3322] Static elaboration of top level Verilog design unit(s) in library work failed.
INFO: [USF-XSim-69] 'elaborate' step finished in '2' seconds
INFO: [USF-XSim-99] Step results log file:'C:/Users/Lenovo/Desktop/Frodo/prj/Frodo_top/Frodo_top.sim/sim_1/behav/xsim/elaborate.log'
ERROR: [USF-XSim-62] 'elaborate' step failed with error(s). Please check the Tcl console output or 'C:/Users/Lenovo/Desktop/Frodo/prj/Frodo_top/Frodo_top.sim/sim_1/behav/xsim/elaborate.log' file for more information.
ERROR: [Vivado 12-4473] Detected error while running simulation. Please correct the issue and retry this operation.
ERROR: [Common 17-39] 'launch_simulation' failed due to earlier errors.
ERROR: [Common 17-69] Command failed: ERROR: [Common 17-39] 'launch_simulation' failed due to earlier errors.

close_sim
INFO: [Simtcl 6-16] Simulation closed
launch_simulation
Command: launch_simulation 
INFO: [Vivado 12-12493] Simulation top is 'tb_inst_trans'
WARNING: [Vivado 12-13340] Unable to auto find GCC executables from simulator install path! (path not set)
INFO: [Vivado 12-5682] Launching behavioral simulation in 'C:/Users/Lenovo/Desktop/Frodo/prj/Frodo_top/Frodo_top.sim/sim_1/behav/xsim'
INFO: [SIM-utils-51] Simulation object is 'sim_1'
INFO: [SIM-utils-72] Using boost library from 'C:/Xilinx/Vivado/2024.2/tps/boost_1_72_0'
INFO: [SIM-utils-54] Inspecting design source files for 'tb_inst_trans' in fileset 'sim_1'...
INFO: [USF-XSim-97] Finding global include files...
INFO: [USF-XSim-98] Fetching design files from 'sim_1'...
INFO: [USF-XSim-2] XSim::Compile design
INFO: [USF-XSim-61] Executing 'COMPILE and ANALYZE' step in 'C:/Users/Lenovo/Desktop/Frodo/prj/Frodo_top/Frodo_top.sim/sim_1/behav/xsim'
"xvlog --relax -prj tb_inst_trans_vlog.prj"
INFO: [VRFC 10-2263] Analyzing Verilog file "C:/Users/Lenovo/Desktop/Frodo/rtl/Control/AGU.v" into library xil_defaultlib
INFO: [VRFC 10-311] analyzing module AGU
INFO: [VRFC 10-2263] Analyzing Verilog file "C:/Users/Lenovo/Desktop/Frodo/rtl/Control/Bus.v" into library xil_defaultlib
INFO: [VRFC 10-311] analyzing module Bus
INFO: [VRFC 10-2263] Analyzing Verilog file "C:/Users/Lenovo/Desktop/Frodo/rtl/Control/Control.v" into library xil_defaultlib
INFO: [VRFC 10-311] analyzing module Control
INFO: [VRFC 10-2263] Analyzing Verilog file "C:/Users/Lenovo/Desktop/Frodo/rtl/Control/Datapre.v" into library xil_defaultlib
INFO: [VRFC 10-311] analyzing module Datapre
INFO: [VRFC 10-2263] Analyzing Verilog file "C:/Users/Lenovo/Desktop/Frodo/rtl/Decode.v" into library xil_defaultlib
INFO: [VRFC 10-311] analyzing module Decode
INFO: [VRFC 10-2263] Analyzing Verilog file "C:/Users/Lenovo/Desktop/Frodo/rtl/Encode.v" into library xil_defaultlib
INFO: [VRFC 10-311] analyzing module Encode
INFO: [VRFC 10-2263] Analyzing Verilog file "C:/Users/Lenovo/Desktop/Frodo/rtl/Macs/Macs.v" into library xil_defaultlib
INFO: [VRFC 10-311] analyzing module Macs
INFO: [VRFC 10-2263] Analyzing Verilog file "C:/Users/Lenovo/Desktop/Frodo/rtl/Macs/PE_Simple.v" into library xil_defaultlib
INFO: [VRFC 10-311] analyzing module PE_Simple
INFO: [VRFC 10-2263] Analyzing Verilog file "C:/Users/Lenovo/Desktop/Frodo/rtl/Top.v" into library xil_defaultlib
INFO: [VRFC 10-311] analyzing module Top
INFO: [VRFC 10-2263] Analyzing Verilog file "C:/Users/Lenovo/Desktop/Frodo/rtl/dual_port_ram.v" into library xil_defaultlib
INFO: [VRFC 10-311] analyzing module dual_port_ram
INFO: [VRFC 10-2263] Analyzing Verilog file "C:/Users/Lenovo/Desktop/Frodo/rtl/Control/sync_rom.v" into library xil_defaultlib
INFO: [VRFC 10-311] analyzing module sync_rom
INFO: [VRFC 10-2263] Analyzing Verilog file "C:/Users/Lenovo/Desktop/Frodo/rtl/Control/ucontrol.v" into library xil_defaultlib
INFO: [VRFC 10-311] analyzing module ucontrol
INFO: [VRFC 10-2263] Analyzing Verilog file "C:/Users/Lenovo/Desktop/Frodo/sim/tb_inst_trans.v" into library xil_defaultlib
INFO: [VRFC 10-311] analyzing module tb_inst_trans
INFO: [VRFC 10-2263] Analyzing Verilog file "C:/Users/Lenovo/Desktop/Frodo/prj/Frodo_top/Frodo_top.sim/sim_1/behav/xsim/glbl.v" into library xil_defaultlib
INFO: [VRFC 10-311] analyzing module glbl
INFO: [USF-XSim-69] 'compile' step finished in '2' seconds
INFO: [USF-XSim-3] XSim::Elaborate design
INFO: [USF-XSim-61] Executing 'ELABORATE' step in 'C:/Users/Lenovo/Desktop/Frodo/prj/Frodo_top/Frodo_top.sim/sim_1/behav/xsim'
"xelab --debug typical --relax --mt 2 -L xil_defaultlib -L unisims_ver -L unimacro_ver -L secureip --snapshot tb_inst_trans_behav xil_defaultlib.tb_inst_trans xil_defaultlib.glbl -log elaborate.log"
Vivado Simulator v2024.2.0
Copyright 1986-2022 Xilinx, Inc. All Rights Reserved.
Copyright 2022-2024 Advanced Micro Devices, Inc. All Rights Reserved.
Running: C:/Xilinx/Vivado/2024.2/bin/unwrapped/win64.o/xelab.exe --debug typical --relax --mt 2 -L xil_defaultlib -L unisims_ver -L unimacro_ver -L secureip --snapshot tb_inst_trans_behav xil_defaultlib.tb_inst_trans xil_defaultlib.glbl -log elaborate.log 
Using 2 slave threads.
Starting static elaboration
Pass Through NonSizing Optimizer
WARNING: [VRFC 10-3705] select index 78 into 'output_data' is out of bounds [C:/Users/Lenovo/Desktop/Frodo/rtl/Decode.v:36]
Completed static elaboration
Starting simulation data flow analysis
WARNING: [XSIM 43-4100] "C:/Users/Lenovo/Desktop/Frodo/prj/Frodo_top/Frodo_top.sim/sim_1/behav/xsim/glbl.v" Line 6. Module glbl has a timescale but at least one module in design doesn't have timescale.
WARNING: [XSIM 43-4100] "C:/Users/Lenovo/Desktop/Frodo/prj/Frodo_top/Frodo_top.sim/sim_1/behav/xsim/glbl.v" Line 6. Module glbl has a timescale but at least one module in design doesn't have timescale.
Completed simulation data flow analysis
Time Resolution for simulation is 1ps
Compiling module xil_defaultlib.dual_port_ram(TIME=100,STORE_PAT...
Compiling module xil_defaultlib.dual_port_ram(LOAD_FILE_PATH=".....
Compiling module xil_defaultlib.Bus
Compiling module xil_defaultlib.sync_rom(ADDR_WIDTH=8,DATA_WIDTH...
Compiling module xil_defaultlib.ucontrol
Compiling module xil_defaultlib.Datapre
Compiling module xil_defaultlib.AGU
Compiling module xil_defaultlib.Control
Compiling module xil_defaultlib.Encode
Compiling module xil_defaultlib.Decode
Compiling module xil_defaultlib.PE_Simple
Compiling module xil_defaultlib.Macs
Compiling module xil_defaultlib.Top
Compiling module xil_defaultlib.tb_inst_trans
Compiling module xil_defaultlib.glbl
Built simulation snapshot tb_inst_trans_behav
INFO: [USF-XSim-69] 'elaborate' step finished in '4' seconds
INFO: [USF-XSim-4] XSim::Simulate design
INFO: [USF-XSim-61] Executing 'SIMULATE' step in 'C:/Users/Lenovo/Desktop/Frodo/prj/Frodo_top/Frodo_top.sim/sim_1/behav/xsim'
INFO: [USF-XSim-98] *** Running xsim
   with args "tb_inst_trans_behav -key {Behavioral:sim_1:Functional:tb_inst_trans} -tclbatch {tb_inst_trans.tcl} -log {simulate.log}"
INFO: [USF-XSim-8] Loading simulator feature
Time resolution is 1 ps
source tb_inst_trans.tcl
# set curr_wave [current_wave_config]
# if { [string length $curr_wave] == 0 } {
#   if { [llength [get_objects]] > 0} {
#     add_wave /
#     set_property needs_save false [current_wave_config]
#   } else {
#      send_msg_id Add_Wave-1 WARNING "No top level signals found. Simulator will start without a wave window. If you want to open a wave window go to 'File->New Waveform Configuration' or type 'create_wave_config' in the TCL console."
#   }
# }
# log_wave -r /
WARNING: [Simtcl 6-197] One or more HDL objects could not be logged because of object type or size limitations.  To see details please rerun the command with -verbose (-v).
# run 1000ns
INFO: [USF-XSim-96] XSim completed. Design snapshot 'tb_inst_trans_behav' loaded.
INFO: [USF-XSim-97] XSim simulation ran for 1000ns
launch_simulation: Time (s): cpu = 00:00:02 ; elapsed = 00:00:09 . Memory (MB): peak = 1709.539 ; gain = 0.000
close_sim
INFO: [Simtcl 6-16] Simulation closed
add_files -norecurse {C:/Users/Lenovo/Desktop/Frodo/rtl/Hash/theta.v C:/Users/Lenovo/Desktop/Frodo/rtl/Hash/chiiota.v C:/Users/Lenovo/Desktop/Frodo/rtl/Hash/keccak.v C:/Users/Lenovo/Desktop/Frodo/rtl/Hash/pre_theta.v C:/Users/Lenovo/Desktop/Frodo/rtl/Hash/hash_out_buffer.v}
WARNING: [filemgmt 56-199] Attempt to get parsing info during refresh. "On-the-fly" syntax checking information may be incorrect. [C:\Users\Lenovo\Desktop\Frodo\sim\tb_inst_trans.v:]
WARNING: [filemgmt 56-199] Attempt to get parsing info during refresh. "On-the-fly" syntax checking information may be incorrect. [C:\Users\Lenovo\Desktop\Frodo\rtl\Top.v:]
WARNING: [filemgmt 56-199] Attempt to get parsing info during refresh. "On-the-fly" syntax checking information may be incorrect. [C:\Users\Lenovo\Desktop\Frodo\rtl\Top.v:]
WARNING: [filemgmt 56-199] Attempt to get parsing info during refresh. "On-the-fly" syntax checking information may be incorrect. [C:\Users\Lenovo\Desktop\Frodo\rtl\Top.v:]
ERROR: [Common 17-180] Spawn failed: No error
update_compile_order -fileset sources_1
WARNING: [filemgmt 56-199] Attempt to get parsing info during refresh. "On-the-fly" syntax checking information may be incorrect. [C:\Users\Lenovo\Desktop\Frodo\sim\tb_inst_trans.v:]
WARNING: [filemgmt 56-199] Attempt to get parsing info during refresh. "On-the-fly" syntax checking information may be incorrect. [C:\Users\Lenovo\Desktop\Frodo\rtl\Top.v:]
WARNING: [filemgmt 56-199] Attempt to get parsing info during refresh. "On-the-fly" syntax checking information may be incorrect. [C:\Users\Lenovo\Desktop\Frodo\rtl\Top.v:]
WARNING: [filemgmt 56-199] Attempt to get parsing info during refresh. "On-the-fly" syntax checking information may be incorrect. [C:\Users\Lenovo\Desktop\Frodo\rtl\Top.v:]
ERROR: [Common 17-180] Spawn failed: No error
exit
INFO: [Common 17-206] Exiting Vivado at Mon May 12 10:49:26 2025...
