#-----------------------------------------------------------
# Vivado v2024.2 (64-bit)
# SW Build 5239630 on Fri Nov 08 22:35:27 MST 2024
# IP Build 5239520 on Sun Nov 10 16:12:51 MST 2024
# SharedData Build 5239561 on Fri Nov 08 14:39:27 MST 2024
# Start of session at: Mon May 12 10:49:41 2025
# Process ID         : 2368
# Current directory  : C:/Users/Lenovo/Desktop/Frodo/prj/Frodo_top
# Command line       : vivado.exe -gui_launcher_event rodinguilauncherevent28248 C:\Users\Lenovo\Desktop\Frodo\prj\Frodo_top\Frodo_top.xpr
# Log file           : C:/Users/Lenovo/Desktop/Frodo/prj/Frodo_top/vivado.log
# Journal file       : C:/Users/Lenovo/Desktop/Frodo/prj/Frodo_top\vivado.jou
# Running On         : DESKTOP-HI4D3F5
# Platform           : Windows Server 2016 or Windows 10
# Operating System   : 26100
# Processor Detail   : AMD Ryzen 7 5800H with Radeon Graphics         
# CPU Frequency      : 3194 MHz
# CPU Physical cores : 8
# CPU Logical cores  : 16
# Host memory        : 14894 MB
# Swap memory        : 26843 MB
# Total Virtual      : 41737 MB
# Available Virtual  : 24073 MB
#-----------------------------------------------------------
start_gui
open_project C:/Users/Lenovo/Desktop/Frodo/prj/Frodo_top/Frodo_top.xpr
INFO: [Common 17-41] Interrupt caught. Command should exit soon.
WARNING: [Board 49-26] cannot add Board Part xilinx.com:zcu208ld:part0:2.0 available at C:/Xilinx/Vivado/2024.2/data/xhub/boards/XilinxBoardStore/boards/Xilinx/zcu208ld/production/2.0/board.xml as part xczu58dr-fsvg1517-2-i specified in board_part file is either invalid or not available
WARNING: [Board 49-26] cannot add Board Part xilinx.com:zcu216ld:part0:2.0 available at C:/Xilinx/Vivado/2024.2/data/xhub/boards/XilinxBoardStore/boards/Xilinx/zcu216ld/production/2.0/board.xml as part xczu59dr-ffvf1760-2-i specified in board_part file is either invalid or not available
WARNING: [Board 49-26] cannot add Board Part xilinx.com:zcu670ld:part0:1.0 available at C:/Xilinx/Vivado/2024.2/data/xhub/boards/XilinxBoardStore/boards/Xilinx/zcu670ld/1.0/board.xml as part xczu57dr-fsve1156-2-i specified in board_part file is either invalid or not available
INFO: [Common 17-344] 'open_project' was cancelled
exit
INFO: [Common 17-206] Exiting Vivado at Mon May 12 10:50:58 2025...
ces
INFO: [IP_Flow 19-234] Refreshing IP repositories
INFO: [IP_Flow 19-1704] No user IP repositories specified
INFO: [IP_Flow 19-2313] Loaded Vivado IP repository 'C:/Xilinx/Vivado/2024.2/data/ip'.
open_project: Time (s): cpu = 00:00:24 ; elapsed = 00:00:12 . Memory (MB): peak = 1598.805 ; gain = 366.652
update_compile_order -fileset sources_1
create_ip -name dist_mem_gen -vendor xilinx.com -library ip -version 8.0 -module_name DRAM1
set_property -dict [list \
  CONFIG.data_width {1} \
  CONFIG.depth {16} \
  CONFIG.memory_type {simple_dual_port_ram} \
] [get_ips DRAM1]
generate_target {instantiation_template} [get_files c:/Users/Lenovo/Desktop/Frodo/prj/Frodo_top/Frodo_top.srcs/sources_1/ip/DRAM1/DRAM1.xci]
INFO: [IP_Flow 19-1686] Generating 'Instantiation Template' target for IP 'DRAM1'...
generate_target all [get_files  c:/Users/Lenovo/Desktop/Frodo/prj/Frodo_top/Frodo_top.srcs/sources_1/ip/DRAM1/DRAM1.xci]
INFO: [IP_Flow 19-1686] Generating 'Synthesis' target for IP 'DRAM1'...
INFO: [IP_Flow 19-1686] Generating 'Simulation' target for IP 'DRAM1'...
INFO: [IP_Flow 19-1686] Generating 'Change Log' target for IP 'DRAM1'...
catch { config_ip_cache -export [get_ips -all DRAM1] }
INFO: [IP_Flow 19-6924] IPCACHE: Running cache check for IP inst: DRAM1
export_ip_user_files -of_objects [get_files c:/Users/Lenovo/Desktop/Frodo/prj/Frodo_top/Frodo_top.srcs/sources_1/ip/DRAM1/DRAM1.xci] -no_script -sync -force -quiet
create_ip_run [get_files -of_objects [get_fileset sources_1] c:/Users/Lenovo/Desktop/Frodo/prj/Frodo_top/Frodo_top.srcs/sources_1/ip/DRAM1/DRAM1.xci]
launch_runs DRAM1_synth_1 -jobs 8
INFO: [IP_Flow 19-6924] IPCACHE: Running cache check for IP inst: DRAM1
[Mon May 12 11:16:54 2025] Launched DRAM1_synth_1...
Run output will be captured here: C:/Users/Lenovo/Desktop/Frodo/prj/Frodo_top/Frodo_top.runs/DRAM1_synth_1/runme.log
export_simulation -lib_map_path [list {modelsim=C:/Users/Lenovo/Desktop/Frodo/prj/Frodo_top/Frodo_top.cache/compile_simlib/modelsim} {questa=C:/Users/Lenovo/Desktop/Frodo/prj/Frodo_top/Frodo_top.cache/compile_simlib/questa} {riviera=C:/Users/Lenovo/Desktop/Frodo/prj/Frodo_top/Frodo_top.cache/compile_simlib/riviera} {activehdl=C:/Users/Lenovo/Desktop/Frodo/prj/Frodo_top/Frodo_top.cache/compile_simlib/activehdl}] -of_objects [get_files c:/Users/Lenovo/Desktop/Frodo/prj/Frodo_top/Frodo_top.srcs/sources_1/ip/DRAM1/DRAM1.xci] -directory C:/Users/Lenovo/Desktop/Frodo/prj/Frodo_top/Frodo_top.ip_user_files/sim_scripts -ip_user_files_dir C:/Users/Lenovo/Desktop/Frodo/prj/Frodo_top/Frodo_top.ip_user_files -ipstatic_source_dir C:/Users/Lenovo/Desktop/Frodo/prj/Frodo_top/Frodo_top.ip_user_files/ipstatic -use_ip_compiled_libs -force -quiet
create_ip -name dist_mem_gen -vendor xilinx.com -library ip -version 8.0 -module_name DRAM2
set_property -dict [list \
  CONFIG.data_width {2} \
  CONFIG.depth {16} \
  CONFIG.memory_type {simple_dual_port_ram} \
] [get_ips DRAM2]
generate_target {instantiation_template} [get_files c:/Users/Lenovo/Desktop/Frodo/prj/Frodo_top/Frodo_top.srcs/sources_1/ip/DRAM2/DRAM2.xci]
INFO: [IP_Flow 19-1686] Generating 'Instantiation Template' target for IP 'DRAM2'...
update_compile_order -fileset sources_1
generate_target all [get_files  c:/Users/Lenovo/Desktop/Frodo/prj/Frodo_top/Frodo_top.srcs/sources_1/ip/DRAM2/DRAM2.xci]
INFO: [IP_Flow 19-1686] Generating 'Synthesis' target for IP 'DRAM2'...
INFO: [IP_Flow 19-1686] Generating 'Simulation' target for IP 'DRAM2'...
INFO: [IP_Flow 19-1686] Generating 'Change Log' target for IP 'DRAM2'...
catch { config_ip_cache -export [get_ips -all DRAM2] }
INFO: [IP_Flow 19-6924] IPCACHE: Running cache check for IP inst: DRAM2
export_ip_user_files -of_objects [get_files c:/Users/Lenovo/Desktop/Frodo/prj/Frodo_top/Frodo_top.srcs/sources_1/ip/DRAM2/DRAM2.xci] -no_script -sync -force -quiet
create_ip_run [get_files -of_objects [get_fileset sources_1] c:/Users/Lenovo/Desktop/Frodo/prj/Frodo_top/Frodo_top.srcs/sources_1/ip/DRAM2/DRAM2.xci]
launch_runs DRAM2_synth_1 -jobs 8
INFO: [IP_Flow 19-6924] IPCACHE: Running cache check for IP inst: DRAM2
[Mon May 12 11:17:41 2025] Launched DRAM2_synth_1...
Run output will be captured here: C:/Users/Lenovo/Desktop/Frodo/prj/Frodo_top/Frodo_top.runs/DRAM2_synth_1/runme.log
export_simulation -lib_map_path [list {modelsim=C:/Users/Lenovo/Desktop/Frodo/prj/Frodo_top/Frodo_top.cache/compile_simlib/modelsim} {questa=C:/Users/Lenovo/Desktop/Frodo/prj/Frodo_top/Frodo_top.cache/compile_simlib/questa} {riviera=C:/Users/Lenovo/Desktop/Frodo/prj/Frodo_top/Frodo_top.cache/compile_simlib/riviera} {activehdl=C:/Users/Lenovo/Desktop/Frodo/prj/Frodo_top/Frodo_top.cache/compile_simlib/activehdl}] -of_objects [get_files c:/Users/Lenovo/Desktop/Frodo/prj/Frodo_top/Frodo_top.srcs/sources_1/ip/DRAM2/DRAM2.xci] -directory C:/Users/Lenovo/Desktop/Frodo/prj/Frodo_top/Frodo_top.ip_user_files/sim_scripts -ip_user_files_dir C:/Users/Lenovo/Desktop/Frodo/prj/Frodo_top/Frodo_top.ip_user_files -ipstatic_source_dir C:/Users/Lenovo/Desktop/Frodo/prj/Frodo_top/Frodo_top.ip_user_files/ipstatic -use_ip_compiled_libs -force -quiet
create_ip -name dist_mem_gen -vendor xilinx.com -library ip -version 8.0 -module_name DRAM3
set_property -dict [list \
  CONFIG.data_width {3} \
  CONFIG.depth {16} \
  CONFIG.memory_type {simple_dual_port_ram} \
] [get_ips DRAM3]
generate_target {instantiation_template} [get_files c:/Users/Lenovo/Desktop/Frodo/prj/Frodo_top/Frodo_top.srcs/sources_1/ip/DRAM3/DRAM3.xci]
INFO: [IP_Flow 19-1686] Generating 'Instantiation Template' target for IP 'DRAM3'...
generate_target all [get_files  c:/Users/Lenovo/Desktop/Frodo/prj/Frodo_top/Frodo_top.srcs/sources_1/ip/DRAM3/DRAM3.xci]
INFO: [IP_Flow 19-1686] Generating 'Synthesis' target for IP 'DRAM3'...
INFO: [IP_Flow 19-1686] Generating 'Simulation' target for IP 'DRAM3'...
INFO: [IP_Flow 19-1686] Generating 'Change Log' target for IP 'DRAM3'...
catch { config_ip_cache -export [get_ips -all DRAM3] }
INFO: [IP_Flow 19-6924] IPCACHE: Running cache check for IP inst: DRAM3
export_ip_user_files -of_objects [get_files c:/Users/Lenovo/Desktop/Frodo/prj/Frodo_top/Frodo_top.srcs/sources_1/ip/DRAM3/DRAM3.xci] -no_script -sync -force -quiet
create_ip_run [get_files -of_objects [get_fileset sources_1] c:/Users/Lenovo/Desktop/Frodo/prj/Frodo_top/Frodo_top.srcs/sources_1/ip/DRAM3/DRAM3.xci]
launch_runs DRAM3_synth_1 -jobs 8
INFO: [IP_Flow 19-6924] IPCACHE: Running cache check for IP inst: DRAM3
[Mon May 12 11:18:30 2025] Launched DRAM3_synth_1...
Run output will be captured here: C:/Users/Lenovo/Desktop/Frodo/prj/Frodo_top/Frodo_top.runs/DRAM3_synth_1/runme.log
export_simulation -lib_map_path [list {modelsim=C:/Users/Lenovo/Desktop/Frodo/prj/Frodo_top/Frodo_top.cache/compile_simlib/modelsim} {questa=C:/Users/Lenovo/Desktop/Frodo/prj/Frodo_top/Frodo_top.cache/compile_simlib/questa} {riviera=C:/Users/Lenovo/Desktop/Frodo/prj/Frodo_top/Frodo_top.cache/compile_simlib/riviera} {activehdl=C:/Users/Lenovo/Desktop/Frodo/prj/Frodo_top/Frodo_top.cache/compile_simlib/activehdl}] -of_objects [get_files c:/Users/Lenovo/Desktop/Frodo/prj/Frodo_top/Frodo_top.srcs/sources_1/ip/DRAM3/DRAM3.xci] -directory C:/Users/Lenovo/Desktop/Frodo/prj/Frodo_top/Frodo_top.ip_user_files/sim_scripts -ip_user_files_dir C:/Users/Lenovo/Desktop/Frodo/prj/Frodo_top/Frodo_top.ip_user_files -ipstatic_source_dir C:/Users/Lenovo/Desktop/Frodo/prj/Frodo_top/Frodo_top.ip_user_files/ipstatic -use_ip_compiled_libs -force -quiet
create_ip -name dist_mem_gen -vendor xilinx.com -library ip -version 8.0 -module_name DRAM4
set_property -dict [list \
  CONFIG.data_width {4} \
  CONFIG.depth {16} \
  CONFIG.memory_type {simple_dual_port_ram} \
] [get_ips DRAM4]
generate_target {instantiation_template} [get_files c:/Users/Lenovo/Desktop/Frodo/prj/Frodo_top/Frodo_top.srcs/sources_1/ip/DRAM4/DRAM4.xci]
INFO: [IP_Flow 19-1686] Generating 'Instantiation Template' target for IP 'DRAM4'...
generate_target all [get_files  c:/Users/Lenovo/Desktop/Frodo/prj/Frodo_top/Frodo_top.srcs/sources_1/ip/DRAM4/DRAM4.xci]
INFO: [IP_Flow 19-1686] Generating 'Synthesis' target for IP 'DRAM4'...
INFO: [IP_Flow 19-1686] Generating 'Simulation' target for IP 'DRAM4'...
INFO: [IP_Flow 19-1686] Generating 'Change Log' target for IP 'DRAM4'...
catch { config_ip_cache -export [get_ips -all DRAM4] }
INFO: [IP_Flow 19-6924] IPCACHE: Running cache check for IP inst: DRAM4
export_ip_user_files -of_objects [get_files c:/Users/Lenovo/Desktop/Frodo/prj/Frodo_top/Frodo_top.srcs/sources_1/ip/DRAM4/DRAM4.xci] -no_script -sync -force -quiet
create_ip_run [get_files -of_objects [get_fileset sources_1] c:/Users/Lenovo/Desktop/Frodo/prj/Frodo_top/Frodo_top.srcs/sources_1/ip/DRAM4/DRAM4.xci]
launch_runs DRAM4_synth_1 -jobs 8
INFO: [IP_Flow 19-6924] IPCACHE: Running cache check for IP inst: DRAM4
[Mon May 12 11:18:56 2025] Launched DRAM4_synth_1...
Run output will be captured here: C:/Users/Lenovo/Desktop/Frodo/prj/Frodo_top/Frodo_top.runs/DRAM4_synth_1/runme.log
export_simulation -lib_map_path [list {modelsim=C:/Users/Lenovo/Desktop/Frodo/prj/Frodo_top/Frodo_top.cache/compile_simlib/modelsim} {questa=C:/Users/Lenovo/Desktop/Frodo/prj/Frodo_top/Frodo_top.cache/compile_simlib/questa} {riviera=C:/Users/Lenovo/Desktop/Frodo/prj/Frodo_top/Frodo_top.cache/compile_simlib/riviera} {activehdl=C:/Users/Lenovo/Desktop/Frodo/prj/Frodo_top/Frodo_top.cache/compile_simlib/activehdl}] -of_objects [get_files c:/Users/Lenovo/Desktop/Frodo/prj/Frodo_top/Frodo_top.srcs/sources_1/ip/DRAM4/DRAM4.xci] -directory C:/Users/Lenovo/Desktop/Frodo/prj/Frodo_top/Frodo_top.ip_user_files/sim_scripts -ip_user_files_dir C:/Users/Lenovo/Desktop/Frodo/prj/Frodo_top/Frodo_top.ip_user_files -ipstatic_source_dir C:/Users/Lenovo/Desktop/Frodo/prj/Frodo_top/Frodo_top.ip_user_files/ipstatic -use_ip_compiled_libs -force -quiet
create_ip -name dist_mem_gen -vendor xilinx.com -library ip -version 8.0 -module_name DRAM5
set_property -dict [list \
  CONFIG.data_width {5} \
  CONFIG.depth {16} \
  CONFIG.memory_type {simple_dual_port_ram} \
] [get_ips DRAM5]
generate_target {instantiation_template} [get_files c:/Users/Lenovo/Desktop/Frodo/prj/Frodo_top/Frodo_top.srcs/sources_1/ip/DRAM5/DRAM5.xci]
INFO: [IP_Flow 19-1686] Generating 'Instantiation Template' target for IP 'DRAM5'...
generate_target all [get_files  c:/Users/Lenovo/Desktop/Frodo/prj/Frodo_top/Frodo_top.srcs/sources_1/ip/DRAM5/DRAM5.xci]
INFO: [IP_Flow 19-1686] Generating 'Synthesis' target for IP 'DRAM5'...
INFO: [IP_Flow 19-1686] Generating 'Simulation' target for IP 'DRAM5'...
INFO: [IP_Flow 19-1686] Generating 'Change Log' target for IP 'DRAM5'...
catch { config_ip_cache -export [get_ips -all DRAM5] }
INFO: [IP_Flow 19-6924] IPCACHE: Running cache check for IP inst: DRAM5
export_ip_user_files -of_objects [get_files c:/Users/Lenovo/Desktop/Frodo/prj/Frodo_top/Frodo_top.srcs/sources_1/ip/DRAM5/DRAM5.xci] -no_script -sync -force -quiet
create_ip_run [get_files -of_objects [get_fileset sources_1] c:/Users/Lenovo/Desktop/Frodo/prj/Frodo_top/Frodo_top.srcs/sources_1/ip/DRAM5/DRAM5.xci]
launch_runs DRAM5_synth_1 -jobs 8
INFO: [IP_Flow 19-6924] IPCACHE: Running cache check for IP inst: DRAM5
[Mon May 12 11:19:26 2025] Launched DRAM5_synth_1...
Run output will be captured here: C:/Users/Lenovo/Desktop/Frodo/prj/Frodo_top/Frodo_top.runs/DRAM5_synth_1/runme.log
export_simulation -lib_map_path [list {modelsim=C:/Users/Lenovo/Desktop/Frodo/prj/Frodo_top/Frodo_top.cache/compile_simlib/modelsim} {questa=C:/Users/Lenovo/Desktop/Frodo/prj/Frodo_top/Frodo_top.cache/compile_simlib/questa} {riviera=C:/Users/Lenovo/Desktop/Frodo/prj/Frodo_top/Frodo_top.cache/compile_simlib/riviera} {activehdl=C:/Users/Lenovo/Desktop/Frodo/prj/Frodo_top/Frodo_top.cache/compile_simlib/activehdl}] -of_objects [get_files c:/Users/Lenovo/Desktop/Frodo/prj/Frodo_top/Frodo_top.srcs/sources_1/ip/DRAM5/DRAM5.xci] -directory C:/Users/Lenovo/Desktop/Frodo/prj/Frodo_top/Frodo_top.ip_user_files/sim_scripts -ip_user_files_dir C:/Users/Lenovo/Desktop/Frodo/prj/Frodo_top/Frodo_top.ip_user_files -ipstatic_source_dir C:/Users/Lenovo/Desktop/Frodo/prj/Frodo_top/Frodo_top.ip_user_files/ipstatic -use_ip_compiled_libs -force -quiet
create_ip -name dist_mem_gen -vendor xilinx.com -library ip -version 8.0 -module_name DRAM6
set_property -dict [list \
  CONFIG.data_width {6} \
  CONFIG.depth {16} \
  CONFIG.memory_type {simple_dual_port_ram} \
] [get_ips DRAM6]
generate_target {instantiation_template} [get_files c:/Users/Lenovo/Desktop/Frodo/prj/Frodo_top/Frodo_top.srcs/sources_1/ip/DRAM6/DRAM6.xci]
INFO: [IP_Flow 19-1686] Generating 'Instantiation Template' target for IP 'DRAM6'...
generate_target all [get_files  c:/Users/Lenovo/Desktop/Frodo/prj/Frodo_top/Frodo_top.srcs/sources_1/ip/DRAM6/DRAM6.xci]
INFO: [IP_Flow 19-1686] Generating 'Synthesis' target for IP 'DRAM6'...
INFO: [IP_Flow 19-1686] Generating 'Simulation' target for IP 'DRAM6'...
INFO: [IP_Flow 19-1686] Generating 'Change Log' target for IP 'DRAM6'...
catch { config_ip_cache -export [get_ips -all DRAM6] }
INFO: [IP_Flow 19-6924] IPCACHE: Running cache check for IP inst: DRAM6
export_ip_user_files -of_objects [get_files c:/Users/Lenovo/Desktop/Frodo/prj/Frodo_top/Frodo_top.srcs/sources_1/ip/DRAM6/DRAM6.xci] -no_script -sync -force -quiet
create_ip_run [get_files -of_objects [get_fileset sources_1] c:/Users/Lenovo/Desktop/Frodo/prj/Frodo_top/Frodo_top.srcs/sources_1/ip/DRAM6/DRAM6.xci]
launch_runs DRAM6_synth_1 -jobs 8
INFO: [IP_Flow 19-6924] IPCACHE: Running cache check for IP inst: DRAM6
[Mon May 12 11:19:54 2025] Launched DRAM6_synth_1...
Run output will be captured here: C:/Users/Lenovo/Desktop/Frodo/prj/Frodo_top/Frodo_top.runs/DRAM6_synth_1/runme.log
export_simulation -lib_map_path [list {modelsim=C:/Users/Lenovo/Desktop/Frodo/prj/Frodo_top/Frodo_top.cache/compile_simlib/modelsim} {questa=C:/Users/Lenovo/Desktop/Frodo/prj/Frodo_top/Frodo_top.cache/compile_simlib/questa} {riviera=C:/Users/Lenovo/Desktop/Frodo/prj/Frodo_top/Frodo_top.cache/compile_simlib/riviera} {activehdl=C:/Users/Lenovo/Desktop/Frodo/prj/Frodo_top/Frodo_top.cache/compile_simlib/activehdl}] -of_objects [get_files c:/Users/Lenovo/Desktop/Frodo/prj/Frodo_top/Frodo_top.srcs/sources_1/ip/DRAM6/DRAM6.xci] -directory C:/Users/Lenovo/Desktop/Frodo/prj/Frodo_top/Frodo_top.ip_user_files/sim_scripts -ip_user_files_dir C:/Users/Lenovo/Desktop/Frodo/prj/Frodo_top/Frodo_top.ip_user_files -ipstatic_source_dir C:/Users/Lenovo/Desktop/Frodo/prj/Frodo_top/Frodo_top.ip_user_files/ipstatic -use_ip_compiled_libs -force -quiet
create_ip -name dist_mem_gen -vendor xilinx.com -library ip -version 8.0 -module_name DRAM7
set_property -dict [list \
  CONFIG.data_width {7} \
  CONFIG.depth {16} \
  CONFIG.memory_type {simple_dual_port_ram} \
] [get_ips DRAM7]
generate_target {instantiation_template} [get_files c:/Users/Lenovo/Desktop/Frodo/prj/Frodo_top/Frodo_top.srcs/sources_1/ip/DRAM7/DRAM7.xci]
INFO: [IP_Flow 19-1686] Generating 'Instantiation Template' target for IP 'DRAM7'...
generate_target all [get_files  c:/Users/Lenovo/Desktop/Frodo/prj/Frodo_top/Frodo_top.srcs/sources_1/ip/DRAM7/DRAM7.xci]
INFO: [IP_Flow 19-1686] Generating 'Synthesis' target for IP 'DRAM7'...
INFO: [IP_Flow 19-1686] Generating 'Simulation' target for IP 'DRAM7'...
INFO: [IP_Flow 19-1686] Generating 'Change Log' target for IP 'DRAM7'...
catch { config_ip_cache -export [get_ips -all DRAM7] }
INFO: [IP_Flow 19-6924] IPCACHE: Running cache check for IP inst: DRAM7
export_ip_user_files -of_objects [get_files c:/Users/Lenovo/Desktop/Frodo/prj/Frodo_top/Frodo_top.srcs/sources_1/ip/DRAM7/DRAM7.xci] -no_script -sync -force -quiet
create_ip_run [get_files -of_objects [get_fileset sources_1] c:/Users/Lenovo/Desktop/Frodo/prj/Frodo_top/Frodo_top.srcs/sources_1/ip/DRAM7/DRAM7.xci]
launch_runs DRAM7_synth_1 -jobs 8
INFO: [IP_Flow 19-6924] IPCACHE: Running cache check for IP inst: DRAM7
[Mon May 12 11:20:12 2025] Launched DRAM7_synth_1...
Run output will be captured here: C:/Users/Lenovo/Desktop/Frodo/prj/Frodo_top/Frodo_top.runs/DRAM7_synth_1/runme.log
export_simulation -lib_map_path [list {modelsim=C:/Users/Lenovo/Desktop/Frodo/prj/Frodo_top/Frodo_top.cache/compile_simlib/modelsim} {questa=C:/Users/Lenovo/Desktop/Frodo/prj/Frodo_top/Frodo_top.cache/compile_simlib/questa} {riviera=C:/Users/Lenovo/Desktop/Frodo/prj/Frodo_top/Frodo_top.cache/compile_simlib/riviera} {activehdl=C:/Users/Lenovo/Desktop/Frodo/prj/Frodo_top/Frodo_top.cache/compile_simlib/activehdl}] -of_objects [get_files c:/Users/Lenovo/Desktop/Frodo/prj/Frodo_top/Frodo_top.srcs/sources_1/ip/DRAM7/DRAM7.xci] -directory C:/Users/Lenovo/Desktop/Frodo/prj/Frodo_top/Frodo_top.ip_user_files/sim_scripts -ip_user_files_dir C:/Users/Lenovo/Desktop/Frodo/prj/Frodo_top/Frodo_top.ip_user_files -ipstatic_source_dir C:/Users/Lenovo/Desktop/Frodo/prj/Frodo_top/Frodo_top.ip_user_files/ipstatic -use_ip_compiled_libs -force -quiet
create_ip -name dist_mem_gen -vendor xilinx.com -library ip -version 8.0 -module_name DRAM8
set_property -dict [list \
  CONFIG.data_width {8} \
  CONFIG.depth {16} \
  CONFIG.memory_type {simple_dual_port_ram} \
] [get_ips DRAM8]
generate_target {instantiation_template} [get_files c:/Users/Lenovo/Desktop/Frodo/prj/Frodo_top/Frodo_top.srcs/sources_1/ip/DRAM8/DRAM8.xci]
INFO: [IP_Flow 19-1686] Generating 'Instantiation Template' target for IP 'DRAM8'...
update_compile_order -fileset sources_1
generate_target all [get_files  c:/Users/Lenovo/Desktop/Frodo/prj/Frodo_top/Frodo_top.srcs/sources_1/ip/DRAM8/DRAM8.xci]
INFO: [IP_Flow 19-1686] Generating 'Synthesis' target for IP 'DRAM8'...
INFO: [IP_Flow 19-1686] Generating 'Simulation' target for IP 'DRAM8'...
INFO: [IP_Flow 19-1686] Generating 'Change Log' target for IP 'DRAM8'...
catch { config_ip_cache -export [get_ips -all DRAM8] }
INFO: [IP_Flow 19-6924] IPCACHE: Running cache check for IP inst: DRAM8
export_ip_user_files -of_objects [get_files c:/Users/Lenovo/Desktop/Frodo/prj/Frodo_top/Frodo_top.srcs/sources_1/ip/DRAM8/DRAM8.xci] -no_script -sync -force -quiet
create_ip_run [get_files -of_objects [get_fileset sources_1] c:/Users/Lenovo/Desktop/Frodo/prj/Frodo_top/Frodo_top.srcs/sources_1/ip/DRAM8/DRAM8.xci]
launch_runs DRAM8_synth_1 -jobs 8
INFO: [IP_Flow 19-6924] IPCACHE: Running cache check for IP inst: DRAM8
[Mon May 12 11:20:35 2025] Launched DRAM8_synth_1...
Run output will be captured here: C:/Users/Lenovo/Desktop/Frodo/prj/Frodo_top/Frodo_top.runs/DRAM8_synth_1/runme.log
export_simulation -lib_map_path [list {modelsim=C:/Users/Lenovo/Desktop/Frodo/prj/Frodo_top/Frodo_top.cache/compile_simlib/modelsim} {questa=C:/Users/Lenovo/Desktop/Frodo/prj/Frodo_top/Frodo_top.cache/compile_simlib/questa} {riviera=C:/Users/Lenovo/Desktop/Frodo/prj/Frodo_top/Frodo_top.cache/compile_simlib/riviera} {activehdl=C:/Users/Lenovo/Desktop/Frodo/prj/Frodo_top/Frodo_top.cache/compile_simlib/activehdl}] -of_objects [get_files c:/Users/Lenovo/Desktop/Frodo/prj/Frodo_top/Frodo_top.srcs/sources_1/ip/DRAM8/DRAM8.xci] -directory C:/Users/Lenovo/Desktop/Frodo/prj/Frodo_top/Frodo_top.ip_user_files/sim_scripts -ip_user_files_dir C:/Users/Lenovo/Desktop/Frodo/prj/Frodo_top/Frodo_top.ip_user_files -ipstatic_source_dir C:/Users/Lenovo/Desktop/Frodo/prj/Frodo_top/Frodo_top.ip_user_files/ipstatic -use_ip_compiled_libs -force -quiet
update_compile_order -fileset sources_1
update_compile_order -fileset sources_1
update_compile_order -fileset sources_1
update_compile_order -fileset sources_1
update_compile_order -fileset sources_1
update_compile_order -fileset sources_1
update_compile_order -fileset sources_1
update_compile_order -fileset sources_1
update_compile_order -fileset sources_1
update_compile_order -fileset sources_1
update_compile_order -fileset sources_1
update_compile_order -fileset sources_1
update_compile_order -fileset sources_1
update_compile_order -fileset sources_1
update_compile_order -fileset sources_1
update_compile_order -fileset sources_1
update_compile_order -fileset sources_1
update_compile_order -fileset sources_1
update_compile_order -fileset sources_1
launch_runs synth_1 -jobs 8
WARNING: [Vivado 12-7122] Auto Incremental Compile:: No reference checkpoint was found in run synth_1. Auto-incremental flow will not be run, the standard flow will be run instead.
[Mon May 12 11:41:25 2025] Launched synth_1...
Run output will be captured here: C:/Users/Lenovo/Desktop/Frodo/prj/Frodo_top/Frodo_top.runs/synth_1/runme.log
reset_run synth_1
WARNING: [filemgmt 56-199] Attempt to get parsing info during refresh. "On-the-fly" syntax checking information may be incorrect. [C:\Users\Lenovo\Desktop\Frodo\rtl\Decode.v:]
WARNING: [filemgmt 56-199] Attempt to get parsing info during refresh. "On-the-fly" syntax checking information may be incorrect. [C:\Users\Lenovo\Desktop\Frodo\rtl\Hash\keccak.v:]
WARNING: [filemgmt 56-199] Attempt to get parsing info during refresh. "On-the-fly" syntax checking information may be incorrect. [C:\Users\Lenovo\Desktop\Frodo\rtl\Hash\keccak.v:]
WARNING: [filemgmt 56-199] Attempt to get parsing info during refresh. "On-the-fly" syntax checking information may be incorrect. [C:\Users\Lenovo\Desktop\Frodo\rtl\Hash\keccak.v:]
launch_runs synth_1 -jobs 8
ERROR: [Common 17-180] Spawn failed: No error
ERROR: [Vivado 12-4756] Launch of runs aborted due to earlier errors while preparing sub-designs for run execution.
launch_runs synth_1 -jobs 8
WARNING: [Vivado 12-7122] Auto Incremental Compile:: No reference checkpoint was found in run synth_1. Auto-incremental flow will not be run, the standard flow will be run instead.
[Mon May 12 11:50:59 2025] Launched synth_1...
Run output will be captured here: C:/Users/Lenovo/Desktop/Frodo/prj/Frodo_top/Frodo_top.runs/synth_1/runme.log
reset_run synth_1
WARNING: [Vivado 12-1017] Problems encountered:
1. Failed to delete one or more files in run directory C:/Users/Lenovo/Desktop/Frodo/prj/Frodo_top/Frodo_top.runs/synth_1

WARNING: [filemgmt 56-199] Attempt to get parsing info during refresh. "On-the-fly" syntax checking information may be incorrect. [C:\Users\Lenovo\Desktop\Frodo\rtl\Decode.v:]
WARNING: [filemgmt 56-199] Attempt to get parsing info during refresh. "On-the-fly" syntax checking information may be incorrect. [C:\Users\Lenovo\Desktop\Frodo\rtl\Hash\keccak.v:]
WARNING: [filemgmt 56-199] Attempt to get parsing info during refresh. "On-the-fly" syntax checking information may be incorrect. [C:\Users\Lenovo\Desktop\Frodo\rtl\Decode.v:]
WARNING: [filemgmt 56-199] Attempt to get parsing info during refresh. "On-the-fly" syntax checking information may be incorrect. [C:\Users\Lenovo\Desktop\Frodo\rtl\Decode.v:]
ERROR: [Common 17-180] Spawn failed: No error
WARNING: [filemgmt 56-199] Attempt to get parsing info during refresh. "On-the-fly" syntax checking information may be incorrect. [C:\Users\Lenovo\Desktop\Frodo\rtl\Decode.v:]
WARNING: [filemgmt 56-199] Attempt to get parsing info during refresh. "On-the-fly" syntax checking information may be incorrect. [C:\Users\Lenovo\Desktop\Frodo\rtl\Hash\keccak.v:]
WARNING: [filemgmt 56-199] Attempt to get parsing info during refresh. "On-the-fly" syntax checking information may be incorrect. [C:\Users\Lenovo\Desktop\Frodo\rtl\Decode.v:]
WARNING: [filemgmt 56-199] Attempt to get parsing info during refresh. "On-the-fly" syntax checking information may be incorrect. [C:\Users\Lenovo\Desktop\Frodo\rtl\Decode.v:]
WARNING: [filemgmt 56-199] Attempt to get parsing info during refresh. "On-the-fly" syntax checking information may be incorrect. [C:\Users\Lenovo\Desktop\Frodo\rtl\Decode.v:]
WARNING: [filemgmt 56-199] Attempt to get parsing info during refresh. "On-the-fly" syntax checking information may be incorrect. [C:\Users\Lenovo\Desktop\Frodo\rtl\Hash\keccak.v:]
WARNING: [filemgmt 56-199] Attempt to get parsing info during refresh. "On-the-fly" syntax checking information may be incorrect. [C:\Users\Lenovo\Desktop\Frodo\rtl\Hash\keccak.v:]
WARNING: [filemgmt 56-199] Attempt to get parsing info during refresh. "On-the-fly" syntax checking information may be incorrect. [C:\Users\Lenovo\Desktop\Frodo\rtl\Hash\keccak.v:]
ERROR: [Common 17-180] Spawn failed: No error
launch_runs synth_1 -jobs 8
WARNING: [Vivado 12-7122] Auto Incremental Compile:: No reference checkpoint was found in run synth_1. Auto-incremental flow will not be run, the standard flow will be run instead.
[Mon May 12 11:51:51 2025] Launched synth_1...
Run output will be captured here: C:/Users/Lenovo/Desktop/Frodo/prj/Frodo_top/Frodo_top.runs/synth_1/runme.log
set_msg_config -suppress -id {Common 17-69} -string {{ERROR: [Common 17-69] Command failed: Synthesis failed - please see the console or run log file for details} } 
reset_run synth_1
launch_runs synth_1 -jobs 8
WARNING: [Vivado 12-7122] Auto Incremental Compile:: No reference checkpoint was found in run synth_1. Auto-incremental flow will not be run, the standard flow will be run instead.
[Mon May 12 11:56:47 2025] Launched synth_1...
Run output will be captured here: C:/Users/Lenovo/Desktop/Frodo/prj/Frodo_top/Frodo_top.runs/synth_1/runme.log
export_ip_user_files -of_objects  [get_files C:/Users/Lenovo/Desktop/Frodo/rtl/dual_port_ram.v] -no_script -reset -force -quiet
remove_files  C:/Users/Lenovo/Desktop/Frodo/rtl/dual_port_ram.v
WARNING: [filemgmt 56-199] Attempt to get parsing info during refresh. "On-the-fly" syntax checking information may be incorrect. [C:\Users\Lenovo\Desktop\Frodo\rtl\Decode.v:]
WARNING: [filemgmt 56-199] Attempt to get parsing info during refresh. "On-the-fly" syntax checking information may be incorrect. [C:\Users\Lenovo\Desktop\Frodo\rtl\Hash\keccak.v:]
WARNING: [filemgmt 56-199] Attempt to get parsing info during refresh. "On-the-fly" syntax checking information may be incorrect. [C:\Users\Lenovo\Desktop\Frodo\rtl\Decode.v:]
WARNING: [filemgmt 56-199] Attempt to get parsing info during refresh. "On-the-fly" syntax checking information may be incorrect. [C:\Users\Lenovo\Desktop\Frodo\rtl\Decode.v:]
ERROR: [Common 17-180] Spawn failed: No error
WARNING: [IP_Flow 19-4067] Ignoring invalid widget type specified checkbox.Providing a default widget
WARNING: [IP_Flow 19-4067] Ignoring invalid widget type specified checkbox.Providing a default widget
can't use empty string as operand of "/"
can't use empty string as operand of "/"
can't use empty string as operand of "/"
can't use empty string as operand of "/"
expected floating-point number but got ""
ERROR: [IP_Flow 19-3317] Tcl Error found in 'validate_PARAM_VALUE.REMAINING_MEMORY_LOCATIONS' method. expected floating-point number but got ""
can't use empty string as operand of "/"
can't use empty string as operand of "/"
can't use empty string as operand of "/"
can't use empty string as operand of "/"
create_ip -name blk_mem_gen -vendor xilinx.com -library ip -version 8.4 -module_name blk_mem_gen_0
set_property -dict [list \
  CONFIG.Memory_Type {Simple_Dual_Port_RAM} \
  CONFIG.Use_Byte_Write_Enable {true} \
  CONFIG.Write_Depth_A {4096} \
  CONFIG.Write_Width_A {36} \
] [get_ips blk_mem_gen_0]
WARNING: [filemgmt 56-199] Attempt to get parsing info during refresh. "On-the-fly" syntax checking information may be incorrect. [C:\Users\Lenovo\Desktop\Frodo\rtl\Decode.v:]
WARNING: [filemgmt 56-199] Attempt to get parsing info during refresh. "On-the-fly" syntax checking information may be incorrect. [C:\Users\Lenovo\Desktop\Frodo\rtl\Hash\keccak.v:]
WARNING: [filemgmt 56-199] Attempt to get parsing info during refresh. "On-the-fly" syntax checking information may be incorrect. [C:\Users\Lenovo\Desktop\Frodo\rtl\Decode.v:]
WARNING: [filemgmt 56-199] Attempt to get parsing info during refresh. "On-the-fly" syntax checking information may be incorrect. [C:\Users\Lenovo\Desktop\Frodo\rtl\Decode.v:]
generate_target {instantiation_template} [get_files c:/Users/Lenovo/Desktop/Frodo/prj/Frodo_top/Frodo_top.srcs/sources_1/ip/blk_mem_gen_0/blk_mem_gen_0.xci]
INFO: [IP_Flow 19-1686] Generating 'Instantiation Template' target for IP 'blk_mem_gen_0'...
WARNING: [filemgmt 56-199] Attempt to get parsing info during refresh. "On-the-fly" syntax checking information may be incorrect. [C:\Users\Lenovo\Desktop\Frodo\rtl\Decode.v:]
WARNING: [filemgmt 56-199] Attempt to get parsing info during refresh. "On-the-fly" syntax checking information may be incorrect. [C:\Users\Lenovo\Desktop\Frodo\rtl\Hash\keccak.v:]
WARNING: [filemgmt 56-199] Attempt to get parsing info during refresh. "On-the-fly" syntax checking information may be incorrect. [C:\Users\Lenovo\Desktop\Frodo\rtl\Decode.v:]
WARNING: [filemgmt 56-199] Attempt to get parsing info during refresh. "On-the-fly" syntax checking information may be incorrect. [C:\Users\Lenovo\Desktop\Frodo\rtl\Decode.v:]
ERROR: [Common 17-180] Spawn failed: No error
WARNING: [filemgmt 56-199] Attempt to get parsing info during refresh. "On-the-fly" syntax checking information may be incorrect. [C:\Users\Lenovo\Desktop\Frodo\rtl\Decode.v:]
WARNING: [filemgmt 56-199] Attempt to get parsing info during refresh. "On-the-fly" syntax checking information may be incorrect. [C:\Users\Lenovo\Desktop\Frodo\rtl\Hash\keccak.v:]
WARNING: [filemgmt 56-199] Attempt to get parsing info during refresh. "On-the-fly" syntax checking information may be incorrect. [C:\Users\Lenovo\Desktop\Frodo\rtl\Hash\keccak.v:]
WARNING: [filemgmt 56-199] Attempt to get parsing info during refresh. "On-the-fly" syntax checking information may be incorrect. [C:\Users\Lenovo\Desktop\Frodo\rtl\Hash\keccak.v:]
update_compile_order -fileset sources_1
WARNING: [filemgmt 56-199] Attempt to get parsing info during refresh. "On-the-fly" syntax checking information may be incorrect. [C:\Users\Lenovo\Desktop\Frodo\rtl\Decode.v:]
WARNING: [filemgmt 56-199] Attempt to get parsing info during refresh. "On-the-fly" syntax checking information may be incorrect. [C:\Users\Lenovo\Desktop\Frodo\rtl\Hash\keccak.v:]
WARNING: [filemgmt 56-199] Attempt to get parsing info during refresh. "On-the-fly" syntax checking information may be incorrect. [C:\Users\Lenovo\Desktop\Frodo\rtl\Decode.v:]
WARNING: [filemgmt 56-199] Attempt to get parsing info during refresh. "On-the-fly" syntax checking information may be incorrect. [C:\Users\Lenovo\Desktop\Frodo\rtl\Decode.v:]
ERROR: [Common 17-180] Spawn failed: No error
WARNING: [filemgmt 56-199] Attempt to get parsing info during refresh. "On-the-fly" syntax checking information may be incorrect. [C:\Users\Lenovo\Desktop\Frodo\rtl\Decode.v:]
WARNING: [filemgmt 56-199] Attempt to get parsing info during refresh. "On-the-fly" syntax checking information may be incorrect. [C:\Users\Lenovo\Desktop\Frodo\rtl\Hash\keccak.v:]
WARNING: [filemgmt 56-199] Attempt to get parsing info during refresh. "On-the-fly" syntax checking information may be incorrect. [C:\Users\Lenovo\Desktop\Frodo\rtl\Hash\keccak.v:]
WARNING: [filemgmt 56-199] Attempt to get parsing info during refresh. "On-the-fly" syntax checking information may be incorrect. [C:\Users\Lenovo\Desktop\Frodo\rtl\Hash\keccak.v:]
ERROR: [Common 17-180] Spawn failed: No error
generate_target all [get_files  c:/Users/Lenovo/Desktop/Frodo/prj/Frodo_top/Frodo_top.srcs/sources_1/ip/blk_mem_gen_0/blk_mem_gen_0.xci]
INFO: [IP_Flow 19-1686] Generating 'Synthesis' target for IP 'blk_mem_gen_0'...
INFO: [IP_Flow 19-1686] Generating 'Simulation' target for IP 'blk_mem_gen_0'...
INFO: [IP_Flow 19-1686] Generating 'Miscellaneous' target for IP 'blk_mem_gen_0'...
INFO: [IP_Flow 19-1686] Generating 'Change Log' target for IP 'blk_mem_gen_0'...
catch { config_ip_cache -export [get_ips -all blk_mem_gen_0] }
INFO: [IP_Flow 19-6924] IPCACHE: Running cache check for IP inst: blk_mem_gen_0
export_ip_user_files -of_objects [get_files c:/Users/Lenovo/Desktop/Frodo/prj/Frodo_top/Frodo_top.srcs/sources_1/ip/blk_mem_gen_0/blk_mem_gen_0.xci] -no_script -sync -force -quiet
create_ip_run [get_files -of_objects [get_fileset sources_1] c:/Users/Lenovo/Desktop/Frodo/prj/Frodo_top/Frodo_top.srcs/sources_1/ip/blk_mem_gen_0/blk_mem_gen_0.xci]
WARNING: [filemgmt 56-199] Attempt to get parsing info during refresh. "On-the-fly" syntax checking information may be incorrect. [C:\Users\Lenovo\Desktop\Frodo\rtl\Decode.v:]
WARNING: [filemgmt 56-199] Attempt to get parsing info during refresh. "On-the-fly" syntax checking information may be incorrect. [C:\Users\Lenovo\Desktop\Frodo\rtl\Hash\keccak.v:]
WARNING: [filemgmt 56-199] Attempt to get parsing info during refresh. "On-the-fly" syntax checking information may be incorrect. [C:\Users\Lenovo\Desktop\Frodo\rtl\Hash\keccak.v:]
WARNING: [filemgmt 56-199] Attempt to get parsing info during refresh. "On-the-fly" syntax checking information may be incorrect. [C:\Users\Lenovo\Desktop\Frodo\rtl\Hash\keccak.v:]
launch_runs blk_mem_gen_0_synth_1 -jobs 8
INFO: [IP_Flow 19-6924] IPCACHE: Running cache check for IP inst: blk_mem_gen_0
WARNING: [filemgmt 56-199] Attempt to get parsing info during refresh. "On-the-fly" syntax checking information may be incorrect. [C:\Users\Lenovo\Desktop\Frodo\rtl\Decode.v:]
WARNING: [filemgmt 56-199] Attempt to get parsing info during refresh. "On-the-fly" syntax checking information may be incorrect. [C:\Users\Lenovo\Desktop\Frodo\rtl\Hash\keccak.v:]
WARNING: [filemgmt 56-199] Attempt to get parsing info during refresh. "On-the-fly" syntax checking information may be incorrect. [C:\Users\Lenovo\Desktop\Frodo\rtl\Decode.v:]
WARNING: [filemgmt 56-199] Attempt to get parsing info during refresh. "On-the-fly" syntax checking information may be incorrect. [C:\Users\Lenovo\Desktop\Frodo\rtl\Decode.v:]
[Mon May 12 12:03:01 2025] Launched blk_mem_gen_0_synth_1...
Run output will be captured here: C:/Users/Lenovo/Desktop/Frodo/prj/Frodo_top/Frodo_top.runs/blk_mem_gen_0_synth_1/runme.log
export_simulation -lib_map_path [list {modelsim=C:/Users/Lenovo/Desktop/Frodo/prj/Frodo_top/Frodo_top.cache/compile_simlib/modelsim} {questa=C:/Users/Lenovo/Desktop/Frodo/prj/Frodo_top/Frodo_top.cache/compile_simlib/questa} {riviera=C:/Users/Lenovo/Desktop/Frodo/prj/Frodo_top/Frodo_top.cache/compile_simlib/riviera} {activehdl=C:/Users/Lenovo/Desktop/Frodo/prj/Frodo_top/Frodo_top.cache/compile_simlib/activehdl}] -of_objects [get_files c:/Users/Lenovo/Desktop/Frodo/prj/Frodo_top/Frodo_top.srcs/sources_1/ip/blk_mem_gen_0/blk_mem_gen_0.xci] -directory C:/Users/Lenovo/Desktop/Frodo/prj/Frodo_top/Frodo_top.ip_user_files/sim_scripts -ip_user_files_dir C:/Users/Lenovo/Desktop/Frodo/prj/Frodo_top/Frodo_top.ip_user_files -ipstatic_source_dir C:/Users/Lenovo/Desktop/Frodo/prj/Frodo_top/Frodo_top.ip_user_files/ipstatic -use_ip_compiled_libs -force -quiet
WARNING: [filemgmt 56-199] Attempt to get parsing info during refresh. "On-the-fly" syntax checking information may be incorrect. [C:\Users\Lenovo\Desktop\Frodo\rtl\Decode.v:]
WARNING: [filemgmt 56-199] Attempt to get parsing info during refresh. "On-the-fly" syntax checking information may be incorrect. [C:\Users\Lenovo\Desktop\Frodo\rtl\Hash\keccak.v:]
WARNING: [filemgmt 56-199] Attempt to get parsing info during refresh. "On-the-fly" syntax checking information may be incorrect. [C:\Users\Lenovo\Desktop\Frodo\rtl\Hash\keccak.v:]
WARNING: [filemgmt 56-199] Attempt to get parsing info during refresh. "On-the-fly" syntax checking information may be incorrect. [C:\Users\Lenovo\Desktop\Frodo\rtl\Hash\keccak.v:]
WARNING: [IP_Flow 19-4067] Ignoring invalid widget type specified checkbox.Providing a default widget
WARNING: [IP_Flow 19-4067] Ignoring invalid widget type specified checkbox.Providing a default widget
ERROR: [Common 17-180] Spawn failed: No error
WARNING: [IP_Flow 19-4067] Ignoring invalid widget type specified checkbox.Providing a default widget
WARNING: [IP_Flow 19-4067] Ignoring invalid widget type specified checkbox.Providing a default widget
WARNING: [IP_Flow 19-4067] Ignoring invalid widget type specified checkbox.Providing a default widget
WARNING: [IP_Flow 19-4067] Ignoring invalid widget type specified checkbox.Providing a default widget
export_ip_user_files -of_objects  [get_files c:/Users/Lenovo/Desktop/Frodo/prj/Frodo_top/Frodo_top.srcs/sources_1/ip/blk_mem_gen_0/blk_mem_gen_0.xci] -no_script -reset -force -quiet
remove_files  -fileset blk_mem_gen_0 c:/Users/Lenovo/Desktop/Frodo/prj/Frodo_top/Frodo_top.srcs/sources_1/ip/blk_mem_gen_0/blk_mem_gen_0.xci
WARNING: [Vivado 12-1017] Problems encountered:
1. Failed to delete one or more files in run directory C:/Users/Lenovo/Desktop/Frodo/prj/Frodo_top/Frodo_top.runs/blk_mem_gen_0_synth_1

INFO: [Project 1-386] Moving file 'c:/Users/Lenovo/Desktop/Frodo/prj/Frodo_top/Frodo_top.srcs/sources_1/ip/blk_mem_gen_0/blk_mem_gen_0.xci' from fileset 'blk_mem_gen_0' to fileset 'sources_1'.
WARNING: [filemgmt 56-199] Attempt to get parsing info during refresh. "On-the-fly" syntax checking information may be incorrect. [C:\Users\Lenovo\Desktop\Frodo\rtl\Decode.v:]
WARNING: [filemgmt 56-199] Attempt to get parsing info during refresh. "On-the-fly" syntax checking information may be incorrect. [C:\Users\Lenovo\Desktop\Frodo\rtl\Hash\keccak.v:]
WARNING: [filemgmt 56-199] Attempt to get parsing info during refresh. "On-the-fly" syntax checking information may be incorrect. [C:\Users\Lenovo\Desktop\Frodo\rtl\Decode.v:]
WARNING: [filemgmt 56-199] Attempt to get parsing info during refresh. "On-the-fly" syntax checking information may be incorrect. [C:\Users\Lenovo\Desktop\Frodo\rtl\Decode.v:]
ERROR: [Common 17-180] Spawn failed: No error
remove_files  c:/Users/Lenovo/Desktop/Frodo/prj/Frodo_top/Frodo_top.srcs/sources_1/ip/blk_mem_gen_0/blk_mem_gen_0.xci
WARNING: [Vivado 12-818] No files matched 'c:/Users/Lenovo/Desktop/Frodo/prj/Frodo_top/Frodo_top.srcs/sources_1/ip/blk_mem_gen_0/blk_mem_gen_0.xci'
file delete -force c:/Users/Lenovo/Desktop/Frodo/prj/Frodo_top/Frodo_top.srcs/sources_1/ip/blk_mem_gen_0/blk_mem_gen_0.xci
WARNING: [IP_Flow 19-4067] Ignoring invalid widget type specified checkbox.Providing a default widget
WARNING: [IP_Flow 19-4067] Ignoring invalid widget type specified checkbox.Providing a default widget
create_ip -name blk_mem_gen -vendor xilinx.com -library ip -version 8.4 -module_name dual_ram
set_property -dict [list \
  CONFIG.Byte_Size {8} \
  CONFIG.Memory_Type {Simple_Dual_Port_RAM} \
  CONFIG.Use_Byte_Write_Enable {true} \
  CONFIG.Write_Depth_A {4096} \
  CONFIG.Write_Width_A {64} \
] [get_ips dual_ram]
WARNING: [filemgmt 56-199] Attempt to get parsing info during refresh. "On-the-fly" syntax checking information may be incorrect. [C:\Users\Lenovo\Desktop\Frodo\rtl\Decode.v:]
WARNING: [filemgmt 56-199] Attempt to get parsing info during refresh. "On-the-fly" syntax checking information may be incorrect. [C:\Users\Lenovo\Desktop\Frodo\rtl\Hash\keccak.v:]
WARNING: [filemgmt 56-199] Attempt to get parsing info during refresh. "On-the-fly" syntax checking information may be incorrect. [C:\Users\Lenovo\Desktop\Frodo\rtl\Decode.v:]
WARNING: [filemgmt 56-199] Attempt to get parsing info during refresh. "On-the-fly" syntax checking information may be incorrect. [C:\Users\Lenovo\Desktop\Frodo\rtl\Decode.v:]
generate_target {instantiation_template} [get_files c:/Users/Lenovo/Desktop/Frodo/prj/Frodo_top/Frodo_top.srcs/sources_1/ip/dual_ram/dual_ram.xci]
INFO: [IP_Flow 19-1686] Generating 'Instantiation Template' target for IP 'dual_ram'...
WARNING: [filemgmt 56-199] Attempt to get parsing info during refresh. "On-the-fly" syntax checking information may be incorrect. [C:\Users\Lenovo\Desktop\Frodo\rtl\Decode.v:]
WARNING: [filemgmt 56-199] Attempt to get parsing info during refresh. "On-the-fly" syntax checking information may be incorrect. [C:\Users\Lenovo\Desktop\Frodo\rtl\Hash\keccak.v:]
WARNING: [filemgmt 56-199] Attempt to get parsing info during refresh. "On-the-fly" syntax checking information may be incorrect. [C:\Users\Lenovo\Desktop\Frodo\rtl\Decode.v:]
WARNING: [filemgmt 56-199] Attempt to get parsing info during refresh. "On-the-fly" syntax checking information may be incorrect. [C:\Users\Lenovo\Desktop\Frodo\rtl\Decode.v:]
ERROR: [Common 17-180] Spawn failed: No error
WARNING: [filemgmt 56-199] Attempt to get parsing info during refresh. "On-the-fly" syntax checking information may be incorrect. [C:\Users\Lenovo\Desktop\Frodo\rtl\Decode.v:]
WARNING: [filemgmt 56-199] Attempt to get parsing info during refresh. "On-the-fly" syntax checking information may be incorrect. [C:\Users\Lenovo\Desktop\Frodo\rtl\Hash\keccak.v:]
WARNING: [filemgmt 56-199] Attempt to get parsing info during refresh. "On-the-fly" syntax checking information may be incorrect. [C:\Users\Lenovo\Desktop\Frodo\rtl\Hash\keccak.v:]
WARNING: [filemgmt 56-199] Attempt to get parsing info during refresh. "On-the-fly" syntax checking information may be incorrect. [C:\Users\Lenovo\Desktop\Frodo\rtl\Hash\keccak.v:]
update_compile_order -fileset sources_1
WARNING: [filemgmt 56-199] Attempt to get parsing info during refresh. "On-the-fly" syntax checking information may be incorrect. [C:\Users\Lenovo\Desktop\Frodo\rtl\Decode.v:]
WARNING: [filemgmt 56-199] Attempt to get parsing info during refresh. "On-the-fly" syntax checking information may be incorrect. [C:\Users\Lenovo\Desktop\Frodo\rtl\Hash\keccak.v:]
WARNING: [filemgmt 56-199] Attempt to get parsing info during refresh. "On-the-fly" syntax checking information may be incorrect. [C:\Users\Lenovo\Desktop\Frodo\rtl\Decode.v:]
WARNING: [filemgmt 56-199] Attempt to get parsing info during refresh. "On-the-fly" syntax checking information may be incorrect. [C:\Users\Lenovo\Desktop\Frodo\rtl\Decode.v:]
ERROR: [Common 17-180] Spawn failed: No error
WARNING: [filemgmt 56-199] Attempt to get parsing info during refresh. "On-the-fly" syntax checking information may be incorrect. [C:\Users\Lenovo\Desktop\Frodo\rtl\Decode.v:]
WARNING: [filemgmt 56-199] Attempt to get parsing info during refresh. "On-the-fly" syntax checking information may be incorrect. [C:\Users\Lenovo\Desktop\Frodo\rtl\Hash\keccak.v:]
WARNING: [filemgmt 56-199] Attempt to get parsing info during refresh. "On-the-fly" syntax checking information may be incorrect. [C:\Users\Lenovo\Desktop\Frodo\rtl\Hash\keccak.v:]
WARNING: [filemgmt 56-199] Attempt to get parsing info during refresh. "On-the-fly" syntax checking information may be incorrect. [C:\Users\Lenovo\Desktop\Frodo\rtl\Hash\keccak.v:]
ERROR: [Common 17-180] Spawn failed: No error
generate_target all [get_files  c:/Users/Lenovo/Desktop/Frodo/prj/Frodo_top/Frodo_top.srcs/sources_1/ip/dual_ram/dual_ram.xci]
INFO: [IP_Flow 19-1686] Generating 'Synthesis' target for IP 'dual_ram'...
INFO: [IP_Flow 19-1686] Generating 'Simulation' target for IP 'dual_ram'...
INFO: [IP_Flow 19-1686] Generating 'Miscellaneous' target for IP 'dual_ram'...
INFO: [IP_Flow 19-1686] Generating 'Change Log' target for IP 'dual_ram'...
catch { config_ip_cache -export [get_ips -all dual_ram] }
INFO: [IP_Flow 19-6924] IPCACHE: Running cache check for IP inst: dual_ram
export_ip_user_files -of_objects [get_files c:/Users/Lenovo/Desktop/Frodo/prj/Frodo_top/Frodo_top.srcs/sources_1/ip/dual_ram/dual_ram.xci] -no_script -sync -force -quiet
create_ip_run [get_files -of_objects [get_fileset sources_1] c:/Users/Lenovo/Desktop/Frodo/prj/Frodo_top/Frodo_top.srcs/sources_1/ip/dual_ram/dual_ram.xci]
WARNING: [filemgmt 56-199] Attempt to get parsing info during refresh. "On-the-fly" syntax checking information may be incorrect. [C:\Users\Lenovo\Desktop\Frodo\rtl\Decode.v:]
WARNING: [filemgmt 56-199] Attempt to get parsing info during refresh. "On-the-fly" syntax checking information may be incorrect. [C:\Users\Lenovo\Desktop\Frodo\rtl\Hash\keccak.v:]
WARNING: [filemgmt 56-199] Attempt to get parsing info during refresh. "On-the-fly" syntax checking information may be incorrect. [C:\Users\Lenovo\Desktop\Frodo\rtl\Decode.v:]
WARNING: [filemgmt 56-199] Attempt to get parsing info during refresh. "On-the-fly" syntax checking information may be incorrect. [C:\Users\Lenovo\Desktop\Frodo\rtl\Decode.v:]
launch_runs dual_ram_synth_1 -jobs 8
INFO: [IP_Flow 19-6924] IPCACHE: Running cache check for IP inst: dual_ram
[Mon May 12 12:06:35 2025] Launched dual_ram_synth_1...
Run output will be captured here: C:/Users/Lenovo/Desktop/Frodo/prj/Frodo_top/Frodo_top.runs/dual_ram_synth_1/runme.log
WARNING: [filemgmt 56-199] Attempt to get parsing info during refresh. "On-the-fly" syntax checking information may be incorrect. [C:\Users\Lenovo\Desktop\Frodo\rtl\Decode.v:]
WARNING: [filemgmt 56-199] Attempt to get parsing info during refresh. "On-the-fly" syntax checking information may be incorrect. [C:\Users\Lenovo\Desktop\Frodo\rtl\Hash\keccak.v:]
WARNING: [filemgmt 56-199] Attempt to get parsing info during refresh. "On-the-fly" syntax checking information may be incorrect. [C:\Users\Lenovo\Desktop\Frodo\rtl\Decode.v:]
WARNING: [filemgmt 56-199] Attempt to get parsing info during refresh. "On-the-fly" syntax checking information may be incorrect. [C:\Users\Lenovo\Desktop\Frodo\rtl\Decode.v:]
export_simulation -lib_map_path [list {modelsim=C:/Users/Lenovo/Desktop/Frodo/prj/Frodo_top/Frodo_top.cache/compile_simlib/modelsim} {questa=C:/Users/Lenovo/Desktop/Frodo/prj/Frodo_top/Frodo_top.cache/compile_simlib/questa} {riviera=C:/Users/Lenovo/Desktop/Frodo/prj/Frodo_top/Frodo_top.cache/compile_simlib/riviera} {activehdl=C:/Users/Lenovo/Desktop/Frodo/prj/Frodo_top/Frodo_top.cache/compile_simlib/activehdl}] -of_objects [get_files c:/Users/Lenovo/Desktop/Frodo/prj/Frodo_top/Frodo_top.srcs/sources_1/ip/dual_ram/dual_ram.xci] -directory C:/Users/Lenovo/Desktop/Frodo/prj/Frodo_top/Frodo_top.ip_user_files/sim_scripts -ip_user_files_dir C:/Users/Lenovo/Desktop/Frodo/prj/Frodo_top/Frodo_top.ip_user_files -ipstatic_source_dir C:/Users/Lenovo/Desktop/Frodo/prj/Frodo_top/Frodo_top.ip_user_files/ipstatic -use_ip_compiled_libs -force -quiet
WARNING: [IP_Flow 19-4067] Ignoring invalid widget type specified checkbox.Providing a default widget
WARNING: [IP_Flow 19-4067] Ignoring invalid widget type specified checkbox.Providing a default widget
WARNING: [filemgmt 56-199] Attempt to get parsing info during refresh. "On-the-fly" syntax checking information may be incorrect. [C:\Users\Lenovo\Desktop\Frodo\rtl\Decode.v:]
WARNING: [filemgmt 56-199] Attempt to get parsing info during refresh. "On-the-fly" syntax checking information may be incorrect. [C:\Users\Lenovo\Desktop\Frodo\rtl\Hash\keccak.v:]
WARNING: [filemgmt 56-199] Attempt to get parsing info during refresh. "On-the-fly" syntax checking information may be incorrect. [C:\Users\Lenovo\Desktop\Frodo\rtl\Decode.v:]
WARNING: [filemgmt 56-199] Attempt to get parsing info during refresh. "On-the-fly" syntax checking information may be incorrect. [C:\Users\Lenovo\Desktop\Frodo\rtl\Decode.v:]
ERROR: [Common 17-180] Spawn failed: No error
WARNING: [filemgmt 56-199] Attempt to get parsing info during refresh. "On-the-fly" syntax checking information may be incorrect. [C:\Users\Lenovo\Desktop\Frodo\rtl\Decode.v:]
WARNING: [filemgmt 56-199] Attempt to get parsing info during refresh. "On-the-fly" syntax checking information may be incorrect. [C:\Users\Lenovo\Desktop\Frodo\rtl\Hash\keccak.v:]
WARNING: [filemgmt 56-199] Attempt to get parsing info during refresh. "On-the-fly" syntax checking information may be incorrect. [C:\Users\Lenovo\Desktop\Frodo\rtl\Hash\keccak.v:]
WARNING: [filemgmt 56-199] Attempt to get parsing info during refresh. "On-the-fly" syntax checking information may be incorrect. [C:\Users\Lenovo\Desktop\Frodo\rtl\Hash\keccak.v:]
ERROR: [Common 17-180] Spawn failed: No error
WARNING: [filemgmt 56-199] Attempt to get parsing info during refresh. "On-the-fly" syntax checking information may be incorrect. [C:\Users\Lenovo\Desktop\Frodo\rtl\Decode.v:]
WARNING: [filemgmt 56-199] Attempt to get parsing info during refresh. "On-the-fly" syntax checking information may be incorrect. [C:\Users\Lenovo\Desktop\Frodo\rtl\Hash\keccak.v:]
WARNING: [filemgmt 56-199] Attempt to get parsing info during refresh. "On-the-fly" syntax checking information may be incorrect. [C:\Users\Lenovo\Desktop\Frodo\rtl\Decode.v:]
WARNING: [filemgmt 56-199] Attempt to get parsing info during refresh. "On-the-fly" syntax checking information may be incorrect. [C:\Users\Lenovo\Desktop\Frodo\rtl\Decode.v:]
ERROR: [Common 17-180] Spawn failed: No error
WARNING: [filemgmt 56-199] Attempt to get parsing info during refresh. "On-the-fly" syntax checking information may be incorrect. [C:\Users\Lenovo\Desktop\Frodo\rtl\Decode.v:]
WARNING: [filemgmt 56-199] Attempt to get parsing info during refresh. "On-the-fly" syntax checking information may be incorrect. [C:\Users\Lenovo\Desktop\Frodo\rtl\Hash\keccak.v:]
WARNING: [filemgmt 56-199] Attempt to get parsing info during refresh. "On-the-fly" syntax checking information may be incorrect. [C:\Users\Lenovo\Desktop\Frodo\rtl\Decode.v:]
WARNING: [filemgmt 56-199] Attempt to get parsing info during refresh. "On-the-fly" syntax checking information may be incorrect. [C:\Users\Lenovo\Desktop\Frodo\rtl\Decode.v:]
ERROR: [Common 17-180] Spawn failed: No error
WARNING: [filemgmt 56-199] Attempt to get parsing info during refresh. "On-the-fly" syntax checking information may be incorrect. [C:\Users\Lenovo\Desktop\Frodo\rtl\Decode.v:]
WARNING: [filemgmt 56-199] Attempt to get parsing info during refresh. "On-the-fly" syntax checking information may be incorrect. [C:\Users\Lenovo\Desktop\Frodo\rtl\Hash\keccak.v:]
WARNING: [filemgmt 56-199] Attempt to get parsing info during refresh. "On-the-fly" syntax checking information may be incorrect. [C:\Users\Lenovo\Desktop\Frodo\rtl\Decode.v:]
WARNING: [filemgmt 56-199] Attempt to get parsing info during refresh. "On-the-fly" syntax checking information may be incorrect. [C:\Users\Lenovo\Desktop\Frodo\rtl\Decode.v:]
ERROR: [Common 17-180] Spawn failed: No error
WARNING: [filemgmt 56-199] Attempt to get parsing info during refresh. "On-the-fly" syntax checking information may be incorrect. [C:\Users\Lenovo\Desktop\Frodo\rtl\Decode.v:]
WARNING: [filemgmt 56-199] Attempt to get parsing info during refresh. "On-the-fly" syntax checking information may be incorrect. [C:\Users\Lenovo\Desktop\Frodo\rtl\Hash\keccak.v:]
WARNING: [filemgmt 56-199] Attempt to get parsing info during refresh. "On-the-fly" syntax checking information may be incorrect. [C:\Users\Lenovo\Desktop\Frodo\rtl\Decode.v:]
WARNING: [filemgmt 56-199] Attempt to get parsing info during refresh. "On-the-fly" syntax checking information may be incorrect. [C:\Users\Lenovo\Desktop\Frodo\rtl\Decode.v:]
ERROR: [Common 17-180] Spawn failed: No error
WARNING: [filemgmt 56-199] Attempt to get parsing info during refresh. "On-the-fly" syntax checking information may be incorrect. [C:\Users\Lenovo\Desktop\Frodo\rtl\Decode.v:]
WARNING: [filemgmt 56-199] Attempt to get parsing info during refresh. "On-the-fly" syntax checking information may be incorrect. [C:\Users\Lenovo\Desktop\Frodo\rtl\Hash\keccak.v:]
WARNING: [filemgmt 56-199] Attempt to get parsing info during refresh. "On-the-fly" syntax checking information may be incorrect. [C:\Users\Lenovo\Desktop\Frodo\rtl\Decode.v:]
WARNING: [filemgmt 56-199] Attempt to get parsing info during refresh. "On-the-fly" syntax checking information may be incorrect. [C:\Users\Lenovo\Desktop\Frodo\rtl\Decode.v:]
ERROR: [Common 17-180] Spawn failed: No error
WARNING: [filemgmt 56-199] Attempt to get parsing info during refresh. "On-the-fly" syntax checking information may be incorrect. [C:\Users\Lenovo\Desktop\Frodo\rtl\Decode.v:]
WARNING: [filemgmt 56-199] Attempt to get parsing info during refresh. "On-the-fly" syntax checking information may be incorrect. [C:\Users\Lenovo\Desktop\Frodo\rtl\Hash\keccak.v:]
WARNING: [filemgmt 56-199] Attempt to get parsing info during refresh. "On-the-fly" syntax checking information may be incorrect. [C:\Users\Lenovo\Desktop\Frodo\rtl\Decode.v:]
WARNING: [filemgmt 56-199] Attempt to get parsing info during refresh. "On-the-fly" syntax checking information may be incorrect. [C:\Users\Lenovo\Desktop\Frodo\rtl\Decode.v:]
ERROR: [Common 17-180] Spawn failed: No error
WARNING: [filemgmt 56-199] Attempt to get parsing info during refresh. "On-the-fly" syntax checking information may be incorrect. [C:\Users\Lenovo\Desktop\Frodo\rtl\Decode.v:]
WARNING: [filemgmt 56-199] Attempt to get parsing info during refresh. "On-the-fly" syntax checking information may be incorrect. [C:\Users\Lenovo\Desktop\Frodo\rtl\Hash\keccak.v:]
WARNING: [filemgmt 56-199] Attempt to get parsing info during refresh. "On-the-fly" syntax checking information may be incorrect. [C:\Users\Lenovo\Desktop\Frodo\rtl\Decode.v:]
WARNING: [filemgmt 56-199] Attempt to get parsing info during refresh. "On-the-fly" syntax checking information may be incorrect. [C:\Users\Lenovo\Desktop\Frodo\rtl\Decode.v:]
ERROR: [Common 17-180] Spawn failed: No error
WARNING: [filemgmt 56-199] Attempt to get parsing info during refresh. "On-the-fly" syntax checking information may be incorrect. [C:\Users\Lenovo\Desktop\Frodo\rtl\Decode.v:]
WARNING: [filemgmt 56-199] Attempt to get parsing info during refresh. "On-the-fly" syntax checking information may be incorrect. [C:\Users\Lenovo\Desktop\Frodo\rtl\Hash\keccak.v:]
WARNING: [filemgmt 56-199] Attempt to get parsing info during refresh. "On-the-fly" syntax checking information may be incorrect. [C:\Users\Lenovo\Desktop\Frodo\rtl\Decode.v:]
WARNING: [filemgmt 56-199] Attempt to get parsing info during refresh. "On-the-fly" syntax checking information may be incorrect. [C:\Users\Lenovo\Desktop\Frodo\rtl\Decode.v:]
ERROR: [Common 17-180] Spawn failed: No error
WARNING: [filemgmt 56-199] Attempt to get parsing info during refresh. "On-the-fly" syntax checking information may be incorrect. [C:\Users\Lenovo\Desktop\Frodo\rtl\Decode.v:]
WARNING: [filemgmt 56-199] Attempt to get parsing info during refresh. "On-the-fly" syntax checking information may be incorrect. [C:\Users\Lenovo\Desktop\Frodo\rtl\Hash\keccak.v:]
WARNING: [filemgmt 56-199] Attempt to get parsing info during refresh. "On-the-fly" syntax checking information may be incorrect. [C:\Users\Lenovo\Desktop\Frodo\rtl\Hash\keccak.v:]
WARNING: [filemgmt 56-199] Attempt to get parsing info during refresh. "On-the-fly" syntax checking information may be incorrect. [C:\Users\Lenovo\Desktop\Frodo\rtl\Hash\keccak.v:]
ERROR: [Common 17-180] Spawn failed: No error
WARNING: [filemgmt 56-199] Attempt to get parsing info during refresh. "On-the-fly" syntax checking information may be incorrect. [C:\Users\Lenovo\Desktop\Frodo\rtl\Decode.v:]
WARNING: [filemgmt 56-199] Attempt to get parsing info during refresh. "On-the-fly" syntax checking information may be incorrect. [C:\Users\Lenovo\Desktop\Frodo\rtl\Hash\keccak.v:]
WARNING: [filemgmt 56-199] Attempt to get parsing info during refresh. "On-the-fly" syntax checking information may be incorrect. [C:\Users\Lenovo\Desktop\Frodo\rtl\Hash\keccak.v:]
WARNING: [filemgmt 56-199] Attempt to get parsing info during refresh. "On-the-fly" syntax checking information may be incorrect. [C:\Users\Lenovo\Desktop\Frodo\rtl\Hash\keccak.v:]
ERROR: [Common 17-180] Spawn failed: No error
WARNING: [filemgmt 56-199] Attempt to get parsing info during refresh. "On-the-fly" syntax checking information may be incorrect. [C:\Users\Lenovo\Desktop\Frodo\rtl\Decode.v:]
WARNING: [filemgmt 56-199] Attempt to get parsing info during refresh. "On-the-fly" syntax checking information may be incorrect. [C:\Users\Lenovo\Desktop\Frodo\rtl\Hash\keccak.v:]
WARNING: [filemgmt 56-199] Attempt to get parsing info during refresh. "On-the-fly" syntax checking information may be incorrect. [C:\Users\Lenovo\Desktop\Frodo\rtl\Decode.v:]
WARNING: [filemgmt 56-199] Attempt to get parsing info during refresh. "On-the-fly" syntax checking information may be incorrect. [C:\Users\Lenovo\Desktop\Frodo\rtl\Decode.v:]
ERROR: [Common 17-180] Spawn failed: No error
WARNING: [filemgmt 56-199] Attempt to get parsing info during refresh. "On-the-fly" syntax checking information may be incorrect. [C:\Users\Lenovo\Desktop\Frodo\rtl\Decode.v:]
WARNING: [filemgmt 56-199] Attempt to get parsing info during refresh. "On-the-fly" syntax checking information may be incorrect. [C:\Users\Lenovo\Desktop\Frodo\rtl\Hash\keccak.v:]
WARNING: [filemgmt 56-199] Attempt to get parsing info during refresh. "On-the-fly" syntax checking information may be incorrect. [C:\Users\Lenovo\Desktop\Frodo\rtl\Decode.v:]
WARNING: [filemgmt 56-199] Attempt to get parsing info during refresh. "On-the-fly" syntax checking information may be incorrect. [C:\Users\Lenovo\Desktop\Frodo\rtl\Decode.v:]
ERROR: [Common 17-180] Spawn failed: No error
WARNING: [filemgmt 56-199] Attempt to get parsing info during refresh. "On-the-fly" syntax checking information may be incorrect. [C:\Users\Lenovo\Desktop\Frodo\rtl\Decode.v:]
WARNING: [filemgmt 56-199] Attempt to get parsing info during refresh. "On-the-fly" syntax checking information may be incorrect. [C:\Users\Lenovo\Desktop\Frodo\rtl\Hash\keccak.v:]
WARNING: [filemgmt 56-199] Attempt to get parsing info during refresh. "On-the-fly" syntax checking information may be incorrect. [C:\Users\Lenovo\Desktop\Frodo\rtl\Decode.v:]
WARNING: [filemgmt 56-199] Attempt to get parsing info during refresh. "On-the-fly" syntax checking information may be incorrect. [C:\Users\Lenovo\Desktop\Frodo\rtl\Decode.v:]
ERROR: [Common 17-180] Spawn failed: No error
WARNING: [filemgmt 56-199] Attempt to get parsing info during refresh. "On-the-fly" syntax checking information may be incorrect. [C:\Users\Lenovo\Desktop\Frodo\rtl\Decode.v:]
WARNING: [filemgmt 56-199] Attempt to get parsing info during refresh. "On-the-fly" syntax checking information may be incorrect. [C:\Users\Lenovo\Desktop\Frodo\rtl\Hash\keccak.v:]
WARNING: [filemgmt 56-199] Attempt to get parsing info during refresh. "On-the-fly" syntax checking information may be incorrect. [C:\Users\Lenovo\Desktop\Frodo\rtl\Decode.v:]
WARNING: [filemgmt 56-199] Attempt to get parsing info during refresh. "On-the-fly" syntax checking information may be incorrect. [C:\Users\Lenovo\Desktop\Frodo\rtl\Decode.v:]
ERROR: [Common 17-180] Spawn failed: No error
WARNING: [filemgmt 56-199] Attempt to get parsing info during refresh. "On-the-fly" syntax checking information may be incorrect. [C:\Users\Lenovo\Desktop\Frodo\rtl\Decode.v:]
WARNING: [filemgmt 56-199] Attempt to get parsing info during refresh. "On-the-fly" syntax checking information may be incorrect. [C:\Users\Lenovo\Desktop\Frodo\rtl\Hash\keccak.v:]
WARNING: [filemgmt 56-199] Attempt to get parsing info during refresh. "On-the-fly" syntax checking information may be incorrect. [C:\Users\Lenovo\Desktop\Frodo\rtl\Decode.v:]
WARNING: [filemgmt 56-199] Attempt to get parsing info during refresh. "On-the-fly" syntax checking information may be incorrect. [C:\Users\Lenovo\Desktop\Frodo\rtl\Decode.v:]
ERROR: [Common 17-180] Spawn failed: No error
WARNING: [filemgmt 56-199] Attempt to get parsing info during refresh. "On-the-fly" syntax checking information may be incorrect. [C:\Users\Lenovo\Desktop\Frodo\rtl\Decode.v:]
WARNING: [filemgmt 56-199] Attempt to get parsing info during refresh. "On-the-fly" syntax checking information may be incorrect. [C:\Users\Lenovo\Desktop\Frodo\rtl\Hash\keccak.v:]
WARNING: [filemgmt 56-199] Attempt to get parsing info during refresh. "On-the-fly" syntax checking information may be incorrect. [C:\Users\Lenovo\Desktop\Frodo\rtl\Decode.v:]
WARNING: [filemgmt 56-199] Attempt to get parsing info during refresh. "On-the-fly" syntax checking information may be incorrect. [C:\Users\Lenovo\Desktop\Frodo\rtl\Decode.v:]
ERROR: [Common 17-180] Spawn failed: No error
WARNING: [filemgmt 56-199] Attempt to get parsing info during refresh. "On-the-fly" syntax checking information may be incorrect. [C:\Users\Lenovo\Desktop\Frodo\rtl\Decode.v:]
WARNING: [filemgmt 56-199] Attempt to get parsing info during refresh. "On-the-fly" syntax checking information may be incorrect. [C:\Users\Lenovo\Desktop\Frodo\rtl\Hash\keccak.v:]
WARNING: [filemgmt 56-199] Attempt to get parsing info during refresh. "On-the-fly" syntax checking information may be incorrect. [C:\Users\Lenovo\Desktop\Frodo\rtl\Decode.v:]
WARNING: [filemgmt 56-199] Attempt to get parsing info during refresh. "On-the-fly" syntax checking information may be incorrect. [C:\Users\Lenovo\Desktop\Frodo\rtl\Decode.v:]
ERROR: [Common 17-180] Spawn failed: No error
WARNING: [filemgmt 56-199] Attempt to get parsing info during refresh. "On-the-fly" syntax checking information may be incorrect. [C:\Users\Lenovo\Desktop\Frodo\rtl\Decode.v:]
WARNING: [filemgmt 56-199] Attempt to get parsing info during refresh. "On-the-fly" syntax checking information may be incorrect. [C:\Users\Lenovo\Desktop\Frodo\rtl\Hash\keccak.v:]
WARNING: [filemgmt 56-199] Attempt to get parsing info during refresh. "On-the-fly" syntax checking information may be incorrect. [C:\Users\Lenovo\Desktop\Frodo\rtl\Decode.v:]
WARNING: [filemgmt 56-199] Attempt to get parsing info during refresh. "On-the-fly" syntax checking information may be incorrect. [C:\Users\Lenovo\Desktop\Frodo\rtl\Decode.v:]
ERROR: [Common 17-180] Spawn failed: No error
WARNING: [filemgmt 56-199] Attempt to get parsing info during refresh. "On-the-fly" syntax checking information may be incorrect. [C:\Users\Lenovo\Desktop\Frodo\rtl\Decode.v:]
WARNING: [filemgmt 56-199] Attempt to get parsing info during refresh. "On-the-fly" syntax checking information may be incorrect. [C:\Users\Lenovo\Desktop\Frodo\rtl\Hash\keccak.v:]
WARNING: [filemgmt 56-199] Attempt to get parsing info during refresh. "On-the-fly" syntax checking information may be incorrect. [C:\Users\Lenovo\Desktop\Frodo\rtl\Decode.v:]
WARNING: [filemgmt 56-199] Attempt to get parsing info during refresh. "On-the-fly" syntax checking information may be incorrect. [C:\Users\Lenovo\Desktop\Frodo\rtl\Decode.v:]
ERROR: [Common 17-180] Spawn failed: No error
WARNING: [filemgmt 56-199] Attempt to get parsing info during refresh. "On-the-fly" syntax checking information may be incorrect. [C:\Users\Lenovo\Desktop\Frodo\rtl\Decode.v:]
WARNING: [filemgmt 56-199] Attempt to get parsing info during refresh. "On-the-fly" syntax checking information may be incorrect. [C:\Users\Lenovo\Desktop\Frodo\rtl\Hash\keccak.v:]
WARNING: [filemgmt 56-199] Attempt to get parsing info during refresh. "On-the-fly" syntax checking information may be incorrect. [C:\Users\Lenovo\Desktop\Frodo\rtl\Decode.v:]
WARNING: [filemgmt 56-199] Attempt to get parsing info during refresh. "On-the-fly" syntax checking information may be incorrect. [C:\Users\Lenovo\Desktop\Frodo\rtl\Decode.v:]
ERROR: [Common 17-180] Spawn failed: No error
WARNING: [filemgmt 56-199] Attempt to get parsing info during refresh. "On-the-fly" syntax checking information may be incorrect. [C:\Users\Lenovo\Desktop\Frodo\rtl\Decode.v:]
WARNING: [filemgmt 56-199] Attempt to get parsing info during refresh. "On-the-fly" syntax checking information may be incorrect. [C:\Users\Lenovo\Desktop\Frodo\rtl\Hash\keccak.v:]
WARNING: [filemgmt 56-199] Attempt to get parsing info during refresh. "On-the-fly" syntax checking information may be incorrect. [C:\Users\Lenovo\Desktop\Frodo\rtl\Decode.v:]
WARNING: [filemgmt 56-199] Attempt to get parsing info during refresh. "On-the-fly" syntax checking information may be incorrect. [C:\Users\Lenovo\Desktop\Frodo\rtl\Decode.v:]
ERROR: [Common 17-180] Spawn failed: No error
WARNING: [filemgmt 56-199] Attempt to get parsing info during refresh. "On-the-fly" syntax checking information may be incorrect. [C:\Users\Lenovo\Desktop\Frodo\rtl\Decode.v:]
WARNING: [filemgmt 56-199] Attempt to get parsing info during refresh. "On-the-fly" syntax checking information may be incorrect. [C:\Users\Lenovo\Desktop\Frodo\rtl\Hash\keccak.v:]
WARNING: [filemgmt 56-199] Attempt to get parsing info during refresh. "On-the-fly" syntax checking information may be incorrect. [C:\Users\Lenovo\Desktop\Frodo\rtl\Hash\keccak.v:]
WARNING: [filemgmt 56-199] Attempt to get parsing info during refresh. "On-the-fly" syntax checking information may be incorrect. [C:\Users\Lenovo\Desktop\Frodo\rtl\Hash\keccak.v:]
ERROR: [Common 17-180] Spawn failed: No error
WARNING: [filemgmt 56-199] Attempt to get parsing info during refresh. "On-the-fly" syntax checking information may be incorrect. [C:\Users\Lenovo\Desktop\Frodo\rtl\Decode.v:]
WARNING: [filemgmt 56-199] Attempt to get parsing info during refresh. "On-the-fly" syntax checking information may be incorrect. [C:\Users\Lenovo\Desktop\Frodo\rtl\Hash\keccak.v:]
WARNING: [filemgmt 56-199] Attempt to get parsing info during refresh. "On-the-fly" syntax checking information may be incorrect. [C:\Users\Lenovo\Desktop\Frodo\rtl\Decode.v:]
WARNING: [filemgmt 56-199] Attempt to get parsing info during refresh. "On-the-fly" syntax checking information may be incorrect. [C:\Users\Lenovo\Desktop\Frodo\rtl\Decode.v:]
INFO: [Common 17-14] Message 'filemgmt 56-199' appears 100 times and further instances of the messages will be disabled. Use the Tcl command set_msg_config to change the current settings.
ERROR: [Common 17-180] Spawn failed: No error
ERROR: [Common 17-180] Spawn failed: No error
ERROR: [Common 17-180] Spawn failed: No error
ERROR: [Common 17-180] Spawn failed: No error
ERROR: [Common 17-180] Spawn failed: No error
ERROR: [Common 17-180] Spawn failed: No error
ERROR: [Common 17-180] Spawn failed: No error
ERROR: [Common 17-180] Spawn failed: No error
ERROR: [Common 17-180] Spawn failed: No error
ERROR: [Common 17-180] Spawn failed: No error
WARNING: [IP_Flow 19-4067] Ignoring invalid widget type specified checkbox.Providing a default widget
WARNING: [IP_Flow 19-4067] Ignoring invalid widget type specified checkbox.Providing a default widget
set_property -dict [list \
  CONFIG.Byte_Size {8} \
  CONFIG.Enable_A {Always_Enabled} \
  CONFIG.Enable_B {Always_Enabled} \
  CONFIG.Memory_Type {True_Dual_Port_RAM} \
  CONFIG.Use_Byte_Write_Enable {true} \
  CONFIG.Write_Width_A {64} \
] [get_ips dual_ram]
generate_target all [get_files  c:/Users/Lenovo/Desktop/Frodo/prj/Frodo_top/Frodo_top.srcs/sources_1/ip/dual_ram/dual_ram.xci]
INFO: [IP_Flow 19-1686] Generating 'Instantiation Template' target for IP 'dual_ram'...
INFO: [IP_Flow 19-1686] Generating 'Synthesis' target for IP 'dual_ram'...
INFO: [IP_Flow 19-1686] Generating 'Simulation' target for IP 'dual_ram'...
INFO: [IP_Flow 19-1686] Generating 'Miscellaneous' target for IP 'dual_ram'...
INFO: [IP_Flow 19-1686] Generating 'Change Log' target for IP 'dual_ram'...
catch { config_ip_cache -export [get_ips -all dual_ram] }
INFO: [IP_Flow 19-6924] IPCACHE: Running cache check for IP inst: dual_ram
export_ip_user_files -of_objects [get_files c:/Users/Lenovo/Desktop/Frodo/prj/Frodo_top/Frodo_top.srcs/sources_1/ip/dual_ram/dual_ram.xci] -no_script -sync -force -quiet
reset_run dual_ram_synth_1
launch_runs dual_ram_synth_1 -jobs 8
INFO: [IP_Flow 19-6924] IPCACHE: Running cache check for IP inst: dual_ram
[Mon May 12 12:12:20 2025] Launched dual_ram_synth_1...
Run output will be captured here: C:/Users/Lenovo/Desktop/Frodo/prj/Frodo_top/Frodo_top.runs/dual_ram_synth_1/runme.log
WARNING: [filemgmt 56-199] Attempt to get parsing info during refresh. "On-the-fly" syntax checking information may be incorrect. [C:\Users\Lenovo\Desktop\Frodo\rtl\Decode.v:]
WARNING: [filemgmt 56-199] Attempt to get parsing info during refresh. "On-the-fly" syntax checking information may be incorrect. [C:\Users\Lenovo\Desktop\Frodo\rtl\Hash\keccak.v:]
WARNING: [filemgmt 56-199] Attempt to get parsing info during refresh. "On-the-fly" syntax checking information may be incorrect. [C:\Users\Lenovo\Desktop\Frodo\rtl\Hash\keccak.v:]
WARNING: [filemgmt 56-199] Attempt to get parsing info during refresh. "On-the-fly" syntax checking information may be incorrect. [C:\Users\Lenovo\Desktop\Frodo\rtl\Hash\keccak.v:]
export_simulation -lib_map_path [list {modelsim=C:/Users/Lenovo/Desktop/Frodo/prj/Frodo_top/Frodo_top.cache/compile_simlib/modelsim} {questa=C:/Users/Lenovo/Desktop/Frodo/prj/Frodo_top/Frodo_top.cache/compile_simlib/questa} {riviera=C:/Users/Lenovo/Desktop/Frodo/prj/Frodo_top/Frodo_top.cache/compile_simlib/riviera} {activehdl=C:/Users/Lenovo/Desktop/Frodo/prj/Frodo_top/Frodo_top.cache/compile_simlib/activehdl}] -of_objects [get_files c:/Users/Lenovo/Desktop/Frodo/prj/Frodo_top/Frodo_top.srcs/sources_1/ip/dual_ram/dual_ram.xci] -directory C:/Users/Lenovo/Desktop/Frodo/prj/Frodo_top/Frodo_top.ip_user_files/sim_scripts -ip_user_files_dir C:/Users/Lenovo/Desktop/Frodo/prj/Frodo_top/Frodo_top.ip_user_files -ipstatic_source_dir C:/Users/Lenovo/Desktop/Frodo/prj/Frodo_top/Frodo_top.ip_user_files/ipstatic -use_ip_compiled_libs -force -quiet
WARNING: [IP_Flow 19-4067] Ignoring invalid widget type specified checkbox.Providing a default widget
WARNING: [IP_Flow 19-4067] Ignoring invalid widget type specified checkbox.Providing a default widget
reset_run synth_1
WARNING: [Vivado 12-1017] Problems encountered:
1. Failed to delete one or more files in run directory C:/Users/Lenovo/Desktop/Frodo/prj/Frodo_top/Frodo_top.runs/synth_1

launch_runs synth_1 -jobs 8
WARNING: [Vivado 12-7122] Auto Incremental Compile:: No reference checkpoint was found in run synth_1. Auto-incremental flow will not be run, the standard flow will be run instead.
[Mon May 12 12:12:50 2025] Launched dual_ram_synth_1...
Run output will be captured here: C:/Users/Lenovo/Desktop/Frodo/prj/Frodo_top/Frodo_top.runs/dual_ram_synth_1/runme.log
[Mon May 12 12:12:50 2025] Launched synth_1...
Run output will be captured here: C:/Users/Lenovo/Desktop/Frodo/prj/Frodo_top/Frodo_top.runs/synth_1/runme.log
reset_run synth_1
WARNING: [Vivado 12-1017] Problems encountered:
1. Failed to delete one or more files in run directory C:/Users/Lenovo/Desktop/Frodo/prj/Frodo_top/Frodo_top.runs/synth_1

reset_run dual_ram_synth_1
launch_runs synth_1 -jobs 8
WARNING: [Vivado 12-7122] Auto Incremental Compile:: No reference checkpoint was found in run synth_1. Auto-incremental flow will not be run, the standard flow will be run instead.
[Mon May 12 12:13:57 2025] Launched dual_ram_synth_1...
Run output will be captured here: C:/Users/Lenovo/Desktop/Frodo/prj/Frodo_top/Frodo_top.runs/dual_ram_synth_1/runme.log
[Mon May 12 12:13:57 2025] Launched synth_1...
Run output will be captured here: C:/Users/Lenovo/Desktop/Frodo/prj/Frodo_top/Frodo_top.runs/synth_1/runme.log
reset_run synth_1
reset_run dual_ram_synth_1
WARNING: [Vivado 12-1017] Problems encountered:
1. Failed to delete one or more files in run directory C:/Users/Lenovo/Desktop/Frodo/prj/Frodo_top/Frodo_top.runs/dual_ram_synth_1

exit
INFO: [Common 17-206] Exiting Vivado at Mon May 12 12:16:12 2025...
