
*** Running vivado
    with args -log rom.vds -m64 -product Vivado -mode batch -messageDb vivado.pb -notrace -source rom.tcl



****** Vivado v2024.2 (64-bit)
  **** SW Build 5239630 on Fri Nov 08 22:35:27 MST 2024
  **** IP Build 5239520 on Sun Nov 10 16:12:51 MST 2024
  **** SharedData Build 5239561 on Fri Nov 08 14:39:27 MST 2024
  **** Start of session at: Fri Jun  6 14:49:49 2025
    ** Copyright 1986-2022 Xilinx, Inc. All Rights Reserved.
    ** Copyright 2022-2024 Advanced Micro Devices, Inc. All Rights Reserved.

source rom.tcl -notrace
create_project: Time (s): cpu = 00:00:06 ; elapsed = 00:00:08 . Memory (MB): peak = 619.246 ; gain = 188.941
INFO: [IP_Flow 19-6924] IPCACHE: Running cache check for IP inst: rom
INFO: [IP_Flow 19-6922] IPCACHE: Exporting cached entry 3ea000bbe2651de6 to dir: C:/Users/Lenovo/Desktop/Frodo/prj/Frodo_top/Frodo_top.runs/rom_synth_1
INFO: [IP_Flow 19-6928] IPCACHE: copied cached file c:/Users/Lenovo/Desktop/Frodo/prj/Frodo_top/Frodo_top.cache/ip/2024.2/3/e/3ea000bbe2651de6/rom.dcp to C:/Users/Lenovo/Desktop/Frodo/prj/Frodo_top/Frodo_top.runs/rom_synth_1/rom.dcp.
INFO: [IP_Flow 19-6928] IPCACHE: copied cached file c:/Users/Lenovo/Desktop/Frodo/prj/Frodo_top/Frodo_top.cache/ip/2024.2/3/e/3ea000bbe2651de6/rom_sim_netlist.v to C:/Users/Lenovo/Desktop/Frodo/prj/Frodo_top/Frodo_top.runs/rom_synth_1/rom_sim_netlist.v.
INFO: [IP_Flow 19-6928] IPCACHE: copied cached file c:/Users/Lenovo/Desktop/Frodo/prj/Frodo_top/Frodo_top.cache/ip/2024.2/3/e/3ea000bbe2651de6/rom_sim_netlist.vhdl to C:/Users/Lenovo/Desktop/Frodo/prj/Frodo_top/Frodo_top.runs/rom_synth_1/rom_sim_netlist.vhdl.
INFO: [IP_Flow 19-6928] IPCACHE: copied cached file c:/Users/Lenovo/Desktop/Frodo/prj/Frodo_top/Frodo_top.cache/ip/2024.2/3/e/3ea000bbe2651de6/rom_stub.v to C:/Users/Lenovo/Desktop/Frodo/prj/Frodo_top/Frodo_top.runs/rom_synth_1/rom_stub.v.
INFO: [IP_Flow 19-6928] IPCACHE: copied cached file c:/Users/Lenovo/Desktop/Frodo/prj/Frodo_top/Frodo_top.cache/ip/2024.2/3/e/3ea000bbe2651de6/rom_stub.vhdl to C:/Users/Lenovo/Desktop/Frodo/prj/Frodo_top/Frodo_top.runs/rom_synth_1/rom_stub.vhdl.
INFO: [IP_Flow 19-4838] Using cached IP synthesis design for IP rom, cache-ID = 3ea000bbe2651de6.
INFO: [Common 17-206] Exiting Vivado at Fri Jun  6 14:50:09 2025...
