
*** Running vivado
    with args -log DRAM2.vds -m64 -product Vivado -mode batch -messageDb vivado.pb -notrace -source DRAM2.tcl



****** Vivado v2024.2 (64-bit)
  **** SW Build 5239630 on Fri Nov 08 22:35:27 MST 2024
  **** IP Build 5239520 on Sun Nov 10 16:12:51 MST 2024
  **** SharedData Build 5239561 on Fri Nov 08 14:39:27 MST 2024
  **** Start of session at: Fri Jun  6 14:49:07 2025
    ** Copyright 1986-2022 Xilinx, Inc. All Rights Reserved.
    ** Copyright 2022-2024 Advanced Micro Devices, Inc. All Rights Reserved.

source DRAM2.tcl -notrace
create_project: Time (s): cpu = 00:00:09 ; elapsed = 00:00:12 . Memory (MB): peak = 619.168 ; gain = 189.316
INFO: [IP_Flow 19-6924] IPCACHE: Running cache check for IP inst: DRAM2
INFO: [IP_Flow 19-6922] IPCACHE: Exporting cached entry ee5a375c092bae9c to dir: C:/Users/Lenovo/Desktop/Frodo/prj/Frodo_top/Frodo_top.runs/DRAM2_synth_1
INFO: [IP_Flow 19-6928] IPCACHE: copied cached file c:/Users/Lenovo/Desktop/Frodo/prj/Frodo_top/Frodo_top.cache/ip/2024.2/e/e/ee5a375c092bae9c/DRAM2.dcp to C:/Users/Lenovo/Desktop/Frodo/prj/Frodo_top/Frodo_top.runs/DRAM2_synth_1/DRAM2.dcp.
INFO: [IP_Flow 19-6928] IPCACHE: copied cached file c:/Users/Lenovo/Desktop/Frodo/prj/Frodo_top/Frodo_top.cache/ip/2024.2/e/e/ee5a375c092bae9c/DRAM2_sim_netlist.v to C:/Users/Lenovo/Desktop/Frodo/prj/Frodo_top/Frodo_top.runs/DRAM2_synth_1/DRAM2_sim_netlist.v.
INFO: [IP_Flow 19-6928] IPCACHE: copied cached file c:/Users/Lenovo/Desktop/Frodo/prj/Frodo_top/Frodo_top.cache/ip/2024.2/e/e/ee5a375c092bae9c/DRAM2_sim_netlist.vhdl to C:/Users/Lenovo/Desktop/Frodo/prj/Frodo_top/Frodo_top.runs/DRAM2_synth_1/DRAM2_sim_netlist.vhdl.
INFO: [IP_Flow 19-6928] IPCACHE: copied cached file c:/Users/Lenovo/Desktop/Frodo/prj/Frodo_top/Frodo_top.cache/ip/2024.2/e/e/ee5a375c092bae9c/DRAM2_stub.v to C:/Users/Lenovo/Desktop/Frodo/prj/Frodo_top/Frodo_top.runs/DRAM2_synth_1/DRAM2_stub.v.
INFO: [IP_Flow 19-6928] IPCACHE: copied cached file c:/Users/Lenovo/Desktop/Frodo/prj/Frodo_top/Frodo_top.cache/ip/2024.2/e/e/ee5a375c092bae9c/DRAM2_stub.vhdl to C:/Users/Lenovo/Desktop/Frodo/prj/Frodo_top/Frodo_top.runs/DRAM2_synth_1/DRAM2_stub.vhdl.
INFO: [IP_Flow 19-4838] Using cached IP synthesis design for IP DRAM2, cache-ID = ee5a375c092bae9c.
INFO: [Common 17-206] Exiting Vivado at Fri Jun  6 14:49:44 2025...
